spk_ver/v00/v0000	SES146	0.999542	20.6794	19.6798
spk_ver/v00/v0001	SES002	-10.0694	10.5446	20.614
spk_ver/v00/v0002	SES002	-7.60089	12.1911	19.792
spk_ver/v00/v0003	SES002	-14.8709	5.66295	20.5338
spk_ver/v00/v0004	SES002	-5.20486	15.0922	20.2971
spk_ver/v00/v0005	SES002	-5.51619	13.1132	18.6294
spk_ver/v00/v0006	SES002	-7.7815	14.3877	22.1692
spk_ver/v00/v0007	SES002	-7.43462	11.8558	19.2904
spk_ver/v00/v0008	SES146	0.179384	19.827	19.6477
spk_ver/v00/v0009	SES002	-3.78625	18.8064	22.5927
spk_ver/v00/v0010	SES002	-7.58151	11.6713	19.2528
spk_ver/v00/v0011	SES002	-4.73224	14.7654	19.4976
spk_ver/v00/v0012	SES002	-6.85131	15.7427	22.594
spk_ver/v00/v0013	SES002	-6.67379	15.5071	22.1809
spk_ver/v00/v0014	SES002	-3.23172	18.0306	21.2623
spk_ver/v00/v0015	SES002	-4.91292	16.4019	21.3149
spk_ver/v00/v0016	SES275	0.550259	19.8396	19.2894
spk_ver/v00/v0017	SES002	-2.50752	21.0404	23.5479
spk_ver/v00/v0018	SES002	-14.4208	5.06112	19.4819
spk_ver/v00/v0019	SES002	-4.5078	16.2455	20.7533
spk_ver/v00/v0020	SES002	-13.5458	5.77448	19.3203
spk_ver/v00/v0021	SES002	-8.78684	10.963	19.7499
spk_ver/v00/v0022	SES002	-5.10702	16.5458	21.6528
spk_ver/v00/v0023	SES002	-8.89844	14.3666	23.265
spk_ver/v00/v0024	SES002	-11.2154	8.3622	19.5776
spk_ver/v00/v0025	SES002	-11.003	10.3929	21.3959
spk_ver/v00/v0026	SES002	-7.0803	13.7357	20.816
spk_ver/v00/v0027	SES129	1.25365	21.7523	20.4987
spk_ver/v00/v0028	SES007	-3.92018	17.6797	21.5999
spk_ver/v00/v0029	SES083	-0.30649	21.7677	22.0742
spk_ver/v00/v0030	SES019	2.55156	22.6153	20.0637
spk_ver/v00/v0031	SES007	-4.04122	15.6017	19.6429
spk_ver/v00/v0032	SES270	0.919851	21.9982	21.0784
spk_ver/v00/v0033	SES007	-3.98692	17.2735	21.2604
spk_ver/v00/v0034	SES007	-3.77189	16.6883	20.4602
spk_ver/v00/v0035	SES007	-2.1306	19.5809	21.7115
spk_ver/v00/v0036	SES007	-2.76963	15.2121	17.9817
spk_ver/v00/v0037	SES007	-5.76155	17.3887	23.1502
spk_ver/v00/v0038	SES259	2.04362	24.6296	22.586
spk_ver/v00/v0039	SES007	-4.45053	13.1678	17.6183
spk_ver/v00/v0040	SES007	-5.66742	18.9264	24.5938
spk_ver/v00/v0041	SES007	-3.10446	18.251	21.3554
spk_ver/v00/v0042	SES007	-3.19646	14.6728	17.8693
spk_ver/v00/v0043	SES007	-2.07519	17.7546	19.8298
spk_ver/v00/v0044	SES007	-4.40862	20.1306	24.5392
spk_ver/v00/v0045	SES007	-2.94322	19.605	22.5483
spk_ver/v00/v0046	SES007	-2.52056	19.0575	21.578
spk_ver/v00/v0047	SES172	-0.395998	21.4586	21.8546
spk_ver/v00/v0048	SES105	1.13911	21.3628	20.2237
spk_ver/v00/v0049	SES007	-2.34581	19.9272	22.2731
spk_ver/v00/v0050	SES292	-0.797506	20.2744	21.0719
spk_ver/v00/v0051	SES007	-2.43253	18.3905	20.823
spk_ver/v00/v0052	SES068	0.482851	23.1124	22.6295
spk_ver/v00/v0053	SES008	-2.64237	19.4696	22.112
spk_ver/v00/v0054	SES008	-7.1977	11.9332	19.1309
spk_ver/v00/v0055	SES008	-2.96265	18.2695	21.2321
spk_ver/v00/v0056	SES008	-7.31713	14.4925	21.8096
spk_ver/v00/v0057	SES008	-5.13264	16.3367	21.4693
spk_ver/v00/v0058	SES083	0.343699	22.3287	21.985
spk_ver/v00/v0059	SES158	1.53422	22.5014	20.9672
spk_ver/v00/v0060	SES008	-4.90356	14.8247	19.7282
spk_ver/v00/v0061	SES101	-0.614538	21.4913	22.1058
spk_ver/v00/v0062	SES008	-4.77093	15.444	20.2149
spk_ver/v00/v0063	SES008	-3.83173	17.4191	21.2508
spk_ver/v00/v0064	SES117	1.50456	21.2917	19.7872
spk_ver/v00/v0065	SES149	1.8195	24.3757	22.5562
spk_ver/v00/v0066	SES008	-2.21424	20.0225	22.2368
spk_ver/v00/v0067	SES008	-4.27918	15.2858	19.565
spk_ver/v00/v0068	SES162	0.34421	21.0353	20.6911
spk_ver/v00/v0069	SES008	-9.54499	13.3957	22.9407
spk_ver/v00/v0070	SES008	-2.34514	18.4036	20.7487
spk_ver/v00/v0071	SES008	-5.55837	16.2861	21.8445
spk_ver/v00/v0072	SES008	-2.59305	20.4141	23.0071
spk_ver/v00/v0073	SES008	-3.41554	19.0548	22.4703
spk_ver/v00/v0074	SES008	-5.2214	14.6563	19.8777
spk_ver/v00/v0075	SES008	-10.0805	10.2483	20.3287
spk_ver/v00/v0076	SES167	1.40639	21.8654	20.459
spk_ver/v00/v0077	SES008	-3.12679	19.204	22.3308
spk_ver/v00/v0078	SES177	0.537689	22.4487	21.9111
spk_ver/v00/v0079	SES008	-3.44923	17.5924	21.0417
spk_ver/v00/v0080	SES008	-4.261	16.3546	20.6156
spk_ver/v00/v0081	SES008	-6.771	12.314	19.085
spk_ver/v00/v0082	SES008	-4.25966	17.2215	21.4812
spk_ver/v00/v0083	SES008	-7.7701	11.3103	19.0804
spk_ver/v00/v0084	SES144	0.969379	21.9059	20.9365
spk_ver/v00/v0085	SES008	-3.75871	17.6961	21.4548
spk_ver/v00/v0086	SES008	-3.43917	19.7062	23.1454
spk_ver/v00/v0087	SES008	-6.92831	13.78	20.7083
spk_ver/v00/v0088	SES008	-4.07564	18.9153	22.9909
spk_ver/v00/v0089	SES008	-2.67935	16.2497	18.9291
spk_ver/v00/v0090	SES142	1.88685	21.9241	20.0373
spk_ver/v00/v0091	SES008	-6.84654	15.9412	22.7877
spk_ver/v00/v0092	SES158	0.865278	20.8133	19.9481
spk_ver/v00/v0093	SES014	-4.6384	17.4073	22.0457
spk_ver/v00/v0094	SES014	-6.98327	11.423	18.4063
spk_ver/v00/v0095	SES014	-3.13649	20.9054	24.0419
spk_ver/v00/v0096	SES014	-10.836	9.49213	20.3281
spk_ver/v00/v0097	SES014	-4.27366	16.1643	20.438
spk_ver/v00/v0098	SES014	-4.38304	17.9858	22.3688
spk_ver/v00/v0099	SES014	-6.49903	13.1396	19.6386
spk_ver/v01/v0100	SES127	-0.469269	20.6997	21.169
spk_ver/v01/v0101	SES014	-11.6096	7.25599	18.8656
spk_ver/v01/v0102	SES014	-13.4062	6.12301	19.5292
spk_ver/v01/v0103	SES014	-8.1167	11.5565	19.6732
spk_ver/v01/v0104	SES014	-11.572	8.73835	20.3103
spk_ver/v01/v0105	SES014	-6.14894	12.773	18.922
spk_ver/v01/v0106	SES014	-6.18674	14.2172	20.4039
spk_ver/v01/v0107	SES014	-10.7031	11.9232	22.6264
spk_ver/v01/v0108	SES014	-14.5352	6.00775	20.543
spk_ver/v01/v0109	SES014	-7.91633	10.1831	18.0994
spk_ver/v01/v0110	SES014	-7.2916	12.895	20.1866
spk_ver/v01/v0111	SES014	-3.31104	20.0541	23.3651
spk_ver/v01/v0112	SES014	-9.44344	13.2035	22.647
spk_ver/v01/v0113	SES104	-0.477791	21.6128	22.0905
spk_ver/v01/v0114	SES082	0.396399	23.3903	22.9939
spk_ver/v01/v0115	SES087	0.448187	21.8982	21.45
spk_ver/v01/v0116	SES014	-4.40324	16.4466	20.8498
spk_ver/v01/v0117	SES177	-0.56863	20.6026	21.1712
spk_ver/v01/v0118	SES014	-9.75498	9.1423	18.8973
spk_ver/v01/v0119	SES014	-3.47042	18.4122	21.8826
spk_ver/v01/v0120	SES014	-16.7234	3.62336	20.3467
spk_ver/v01/v0121	SES146	-0.0909233	20.2453	20.3363
spk_ver/v01/v0122	SES014	2.14529	25.6064	23.4611
spk_ver/v01/v0123	SES014	-4.63071	18.2353	22.866
spk_ver/v01/v0124	SES014	-15.0337	5.85029	20.884
spk_ver/v01/v0125	SES014	-9.37107	10.9429	20.314
spk_ver/v01/v0126	SES016	-4.42723	15.4001	19.8273
spk_ver/v01/v0127	SES016	-4.64401	13.2895	17.9335
spk_ver/v01/v0128	SES106	1.70641	23.4504	21.744
spk_ver/v01/v0129	SES016	-5.35342	16.76	22.1135
spk_ver/v01/v0130	SES016	-4.20067	16.9241	21.1248
spk_ver/v01/v0131	SES016	-6.5343	13.887	20.4213
spk_ver/v01/v0132	SES016	-4.43654	17.0213	21.4578
spk_ver/v01/v0133	SES016	-4.61866	17.8373	22.456
spk_ver/v01/v0134	SES016	-3.81072	18.2612	22.0719
spk_ver/v01/v0135	SES016	-7.05217	14.3315	21.3837
spk_ver/v01/v0136	SES016	-6.5174	14.1715	20.6889
spk_ver/v01/v0137	SES007	0.643114	20.4674	19.8243
spk_ver/v01/v0138	SES016	-2.7031	18.5951	21.2982
spk_ver/v01/v0139	SES016	-2.98714	18.6401	21.6272
spk_ver/v01/v0140	SES016	1.69877	23.3524	21.6537
spk_ver/v01/v0141	SES016	-11.8768	6.38268	18.2595
spk_ver/v01/v0142	SES016	-8.527	14.0138	22.5408
spk_ver/v01/v0143	SES016	-8.26561	10.7585	19.0241
spk_ver/v01/v0144	SES016	-6.13132	16.1448	22.2761
spk_ver/v01/v0145	SES016	-7.91162	11.0754	18.987
spk_ver/v01/v0146	SES016	-2.90017	18.3896	21.2898
spk_ver/v01/v0147	SES016	-3.31514	18.6282	21.9433
spk_ver/v01/v0148	SES127	0.179178	21.0915	20.9124
spk_ver/v01/v0149	SES016	-4.77974	16.4603	21.24
spk_ver/v01/v0150	SES016	-3.90748	16.5816	20.4891
spk_ver/v01/v0151	SES147	0.216099	18.6689	18.4528
spk_ver/v01/v0152	SES016	-3.50846	17.2585	20.767
spk_ver/v01/v0153	SES104	1.09941	24.7548	23.6553
spk_ver/v01/v0154	SES016	-5.74259	14.3137	20.0563
spk_ver/v01/v0155	SES016	-4.85723	14.7515	19.6087
spk_ver/v01/v0156	SES019	-2.47826	17.8337	20.312
spk_ver/v01/v0157	SES019	-5.30291	17.4989	22.8018
spk_ver/v01/v0158	SES019	-1.89315	20.2872	22.1803
spk_ver/v01/v0159	SES007	0.662943	21.6635	21.0006
spk_ver/v01/v0160	SES019	-3.79409	18.4581	22.2522
spk_ver/v01/v0161	SES019	-5.24446	15.0626	20.3071
spk_ver/v01/v0162	SES019	-6.77272	15.5636	22.3363
spk_ver/v01/v0163	SES189	1.54662	20.6821	19.1355
spk_ver/v01/v0164	SES019	-4.21756	18.2894	22.507
spk_ver/v01/v0165	SES019	-2.61965	17.7711	20.3907
spk_ver/v01/v0166	SES019	-7.86839	14.6367	22.5051
spk_ver/v01/v0167	SES019	-7.20509	12.6689	19.874
spk_ver/v01/v0168	SES019	-3.88106	12.9652	16.8463
spk_ver/v01/v0169	SES019	-6.90906	12.5258	19.4349
spk_ver/v01/v0170	SES270	1.29107	22.6303	21.3392
spk_ver/v01/v0171	SES019	-4.18097	16.5571	20.738
spk_ver/v01/v0172	SES019	-9.24434	10.8079	20.0522
spk_ver/v01/v0173	SES206	0.862429	22.8163	21.9539
spk_ver/v01/v0174	SES019	-5.00087	16.0236	21.0245
spk_ver/v01/v0175	SES014	2.15446	25.6276	23.4732
spk_ver/v01/v0176	SES019	-6.57801	15.1837	21.7617
spk_ver/v01/v0177	SES120	0.930361	20.7998	19.8695
spk_ver/v01/v0178	SES019	-3.86353	15.7113	19.5748
spk_ver/v01/v0179	SES019	-8.52366	15.0527	23.5764
spk_ver/v01/v0180	SES175	0.3339	21.1317	20.7978
spk_ver/v01/v0181	SES019	-7.27107	12.1033	19.3744
spk_ver/v01/v0182	SES019	-6.65015	15.5515	22.2016
spk_ver/v01/v0183	SES029	-3.15052	17.4591	20.6096
spk_ver/v01/v0184	SES029	-9.37453	13.1137	22.4883
spk_ver/v01/v0185	SES029	-3.42671	18.9023	22.329
spk_ver/v01/v0186	SES068	0.780264	23.4803	22.7
spk_ver/v01/v0187	SES029	-5.83267	15.9577	21.7903
spk_ver/v01/v0188	SES029	-4.82809	17.7774	22.6055
spk_ver/v01/v0189	SES149	2.45639	24.5057	22.0493
spk_ver/v01/v0190	SES029	-5.62484	17.6365	23.2614
spk_ver/v01/v0191	SES029	-5.41539	15.8628	21.2782
spk_ver/v01/v0192	SES183	1.16898	23.0028	21.8338
spk_ver/v01/v0193	SES029	-3.28193	17.8134	21.0954
spk_ver/v01/v0194	SES016	1.52618	23.4087	21.8826
spk_ver/v01/v0195	SES029	-4.34988	16.9903	21.3402
spk_ver/v01/v0196	SES029	-2.91677	17.7362	20.653
spk_ver/v01/v0197	SES029	-5.67862	17.7036	23.3822
spk_ver/v01/v0198	SES146	0.673687	20.3622	19.6885
spk_ver/v01/v0199	SES029	-5.18199	13.4191	18.6011
spk_ver/v02/v0200	SES029	-3.15625	18.1925	21.3488
spk_ver/v02/v0201	SES068	0.457291	22.9277	22.4704
spk_ver/v02/v0202	SES148	1.79292	21.2157	19.4228
spk_ver/v02/v0203	SES029	-4.06634	17.2852	21.3515
spk_ver/v02/v0204	SES029	-2.31435	18.7999	21.1143
spk_ver/v02/v0205	SES060	0.373043	24.0568	23.6838
spk_ver/v02/v0206	SES127	1.67764	23.718	22.0404
spk_ver/v02/v0207	SES029	-5.28526	16.5703	21.8555
spk_ver/v02/v0208	SES048	1.5798	21.7353	20.1555
spk_ver/v02/v0209	SES029	-2.95024	18.4533	21.4035
spk_ver/v02/v0210	SES029	-4.37351	16.2398	20.6133
spk_ver/v02/v0211	SES029	-4.31781	17.9233	22.2411
spk_ver/v02/v0212	SES042	-9.6189	10.7911	20.41
spk_ver/v02/v0213	SES085	1.38975	22.3367	20.947
spk_ver/v02/v0214	SES206	1.5096	24.8056	23.296
spk_ver/v02/v0215	SES144	0.285269	21.0744	20.7891
spk_ver/v02/v0216	SES042	-4.87761	17.0579	21.9355
spk_ver/v02/v0217	SES042	-4.61823	10.8194	15.4376
spk_ver/v02/v0218	SES042	-3.91346	18.8501	22.7636
spk_ver/v02/v0219	SES206	1.52936	25.385	23.8556
spk_ver/v02/v0220	SES019	3.84501	24.4172	20.5722
spk_ver/v02/v0221	SES007	0.198263	21.2497	21.0514
spk_ver/v02/v0222	SES042	-10.9087	9.26799	20.1767
spk_ver/v02/v0223	SES147	0.651072	19.7527	19.1016
spk_ver/v02/v0224	SES105	1.30499	21.2981	19.9931
spk_ver/v02/v0225	SES042	-2.71015	18.7755	21.4856
spk_ver/v02/v0226	SES275	0.843758	20.957	20.1132
spk_ver/v02/v0227	SES042	-6.47938	13.7317	20.2111
spk_ver/v02/v0228	SES042	-6.75016	15.1401	21.8903
spk_ver/v02/v0229	SES042	-8.08447	14.3307	22.4152
spk_ver/v02/v0230	SES085	0.397823	23.3811	22.9833
spk_ver/v02/v0231	SES014	2.55552	26.0343	23.4787
spk_ver/v02/v0232	SES042	-2.96382	19.5116	22.4754
spk_ver/v02/v0233	SES048	-6.92861	15.5579	22.4865
spk_ver/v02/v0234	SES048	-8.50022	12.6888	21.1891
spk_ver/v02/v0235	SES029	0.33551	22.8168	22.4813
spk_ver/v02/v0236	SES048	-4.84081	17.1131	21.9539
spk_ver/v02/v0237	SES048	-6.5864	14.1548	20.7412
spk_ver/v02/v0238	SES048	-4.5241	16.7321	21.2563
spk_ver/v02/v0239	SES060	0.494263	22.4613	21.967
spk_ver/v02/v0240	SES048	-8.63782	11.5345	20.1723
spk_ver/v02/v0241	SES048	-7.18017	14.6376	21.8178
spk_ver/v02/v0242	SES189	2.74782	21.4294	18.6816
spk_ver/v02/v0243	SES162	0.668343	21.1492	20.4809
spk_ver/v02/v0244	SES048	-7.79218	15.6857	23.4779
spk_ver/v02/v0245	SES048	-6.3551	14.3025	20.6576
spk_ver/v02/v0246	SES048	-6.21824	15.9329	22.1512
spk_ver/v02/v0247	SES048	-8.35631	11.6182	19.9745
spk_ver/v02/v0248	SES226	2.01334	24.1644	22.1511
spk_ver/v02/v0249	SES048	-4.08317	15.9163	19.9994
spk_ver/v02/v0250	SES048	-3.55735	16.8829	20.4402
spk_ver/v02/v0251	SES048	-7.00743	13.9341	20.9416
spk_ver/v02/v0252	SES060	-9.15083	10.0752	19.226
spk_ver/v02/v0253	SES060	-7.04272	14.669	21.7117
spk_ver/v02/v0254	SES259	2.46177	24.7858	22.324
spk_ver/v02/v0255	SES060	-8.45832	10.633	19.0913
spk_ver/v02/v0256	SES202	0.772732	20.552	19.7793
spk_ver/v02/v0257	SES148	0.807209	22.1696	21.3624
spk_ver/v02/v0258	SES060	-6.32649	11.6367	17.9632
spk_ver/v02/v0259	SES060	-2.39265	19.466	21.8586
spk_ver/v02/v0260	SES060	-4.51531	17.5912	22.1065
spk_ver/v02/v0261	SES099	2.38686	24.6358	22.2489
spk_ver/v02/v0262	SES060	-5.1541	16.1392	21.2933
spk_ver/v02/v0263	SES060	-3.63768	19.1922	22.8299
spk_ver/v02/v0264	SES292	-0.177099	21.0618	21.2389
spk_ver/v02/v0265	SES060	-3.05927	17.767	20.8263
spk_ver/v02/v0266	SES060	-8.51131	12.3304	20.8417
spk_ver/v02/v0267	SES060	-7.6469	13.068	20.7149
spk_ver/v02/v0268	SES060	-7.78255	10.7595	18.5421
spk_ver/v02/v0269	SES127	0.713112	23.0371	22.324
spk_ver/v02/v0270	SES060	-5.43428	15.9542	21.3885
spk_ver/v02/v0271	SES060	-2.4381	19.5447	21.9828
spk_ver/v02/v0272	SES060	-6.3042	12.9259	19.2301
spk_ver/v02/v0273	SES087	0.990765	22.5317	21.541
spk_ver/v02/v0274	SES146	0.279518	19.8321	19.5525
spk_ver/v02/v0275	SES060	-5.89145	13.9755	19.8669
spk_ver/v02/v0276	SES002	1.90976	23.9868	22.077
spk_ver/v02/v0277	SES060	-2.71655	18.9395	21.656
spk_ver/v02/v0278	SES060	-6.33005	14.0094	20.3395
spk_ver/v02/v0279	SES060	-7.52999	14.537	22.067
spk_ver/v02/v0280	SES129	2.39734	22.9814	20.5841
spk_ver/v02/v0281	SES162	0.931334	21.5067	20.5753
spk_ver/v02/v0282	SES060	-4.68633	16.2085	20.8949
spk_ver/v02/v0283	SES060	-5.42084	16.5974	22.0182
spk_ver/v02/v0284	SES062	-7.07064	10.4803	17.551
spk_ver/v02/v0285	SES062	-6.66406	14.1099	20.774
spk_ver/v02/v0286	SES120	-0.358622	19.3391	19.6977
spk_ver/v02/v0287	SES062	-4.75362	16.8797	21.6333
spk_ver/v02/v0288	SES062	-5.16544	16.1707	21.3361
spk_ver/v02/v0289	SES062	-3.98284	17.8279	21.8107
spk_ver/v02/v0290	SES062	-3.28634	18.7515	22.0379
spk_ver/v02/v0291	SES275	0.229424	20.3133	20.0838
spk_ver/v02/v0292	SES062	-5.97141	14.3944	20.3659
spk_ver/v02/v0293	SES062	-9.34918	11.9875	21.3367
spk_ver/v02/v0294	SES062	-5.39964	17.3566	22.7562
spk_ver/v02/v0295	SES062	-4.30475	15.8239	20.1287
spk_ver/v02/v0296	SES062	-5.09172	15.7133	20.805
spk_ver/v02/v0297	SES062	-7.67717	12.4126	20.0897
spk_ver/v02/v0298	SES062	-4.18827	16.5852	20.7734
spk_ver/v02/v0299	SES062	-3.77504	18.0209	21.796
spk_ver/v03/v0300	SES062	-7.5679	13.0137	20.5816
spk_ver/v03/v0301	SES062	-3.65886	17.6699	21.3288
spk_ver/v03/v0302	SES172	0.180382	23.2527	23.0723
spk_ver/v03/v0303	SES062	-2.98511	18.1022	21.0874
spk_ver/v03/v0304	SES062	-3.86051	16.5726	20.4331
spk_ver/v03/v0305	SES062	-3.48613	18.1968	21.6829
spk_ver/v03/v0306	SES062	-7.19328	12.3243	19.5176
spk_ver/v03/v0307	SES062	-4.42919	17.3873	21.8165
spk_ver/v03/v0308	SES062	-6.22036	14.1769	20.3972
spk_ver/v03/v0309	SES062	-3.78065	14.9192	18.6999
spk_ver/v03/v0310	SES125	1.23742	24.1279	22.8904
spk_ver/v03/v0311	SES062	-2.71411	19.3719	22.086
spk_ver/v03/v0312	SES062	-8.68464	10.6119	19.2966
spk_ver/v03/v0313	SES062	-4.28851	16.7198	21.0083
spk_ver/v03/v0314	SES068	-5.03372	16.6313	21.6651
spk_ver/v03/v0315	SES068	-4.26634	17.5139	21.7802
spk_ver/v03/v0316	SES068	-5.78031	14.3325	20.1128
spk_ver/v03/v0317	SES068	-3.1137	16.7538	19.8675
spk_ver/v03/v0318	SES068	-5.2076	18.3016	23.5092
spk_ver/v03/v0319	SES068	-9.61866	10.8588	20.4775
spk_ver/v03/v0320	SES068	-2.71017	19.0843	21.7944
spk_ver/v03/v0321	SES068	-2.67786	16.6969	19.3748
spk_ver/v03/v0322	SES068	-2.16162	17.721	19.8826
spk_ver/v03/v0323	SES068	-3.96214	18.0341	21.9963
spk_ver/v03/v0324	SES144	0.154043	18.5303	18.3763
spk_ver/v03/v0325	SES068	-4.29025	16.7674	21.0577
spk_ver/v03/v0326	SES068	-1.41343	20.4616	21.875
spk_ver/v03/v0327	SES068	-3.21048	18.4349	21.6454
spk_ver/v03/v0328	SES068	-7.92933	12.2263	20.1556
spk_ver/v03/v0329	SES068	-3.85807	17.2279	21.086
spk_ver/v03/v0330	SES180	-1.0175	19.6973	20.7148
spk_ver/v03/v0331	SES068	-1.9156	19.1562	21.0718
spk_ver/v03/v0332	SES275	0.793499	21.6753	20.8818
spk_ver/v03/v0333	SES062	1.48486	25.3562	23.8713
spk_ver/v03/v0334	SES270	1.11165	21.4629	20.3512
spk_ver/v03/v0335	SES068	-9.63737	9.12575	18.7631
spk_ver/v03/v0336	SES068	-2.06003	21.5479	23.6079
spk_ver/v03/v0337	SES068	-3.29716	16.7527	20.0499
spk_ver/v03/v0338	SES068	-4.87893	14.5781	19.457
spk_ver/v03/v0339	SES068	-2.80134	18.2125	21.0139
spk_ver/v03/v0340	SES068	-4.43957	15.1796	19.6192
spk_ver/v03/v0341	SES016	1.10077	24.1934	23.0926
spk_ver/v03/v0342	SES068	-5.08661	14.5525	19.6392
spk_ver/v03/v0343	SES068	-3.24293	16.4594	19.7023
spk_ver/v03/v0344	SES125	1.20564	22.8966	21.691
spk_ver/v03/v0345	SES187	0.426716	22.0458	21.6191
spk_ver/v03/v0346	SES068	-5.30977	16.0118	21.3216
spk_ver/v03/v0347	SES143	0.834438	20.7258	19.8914
spk_ver/v03/v0348	SES292	0.793158	22.2114	21.4182
spk_ver/v03/v0349	SES082	-6.57649	15.1973	21.7738
spk_ver/v03/v0350	SES101	0.394835	22.5473	22.1525
spk_ver/v03/v0351	SES082	-1.19587	20.2491	21.445
spk_ver/v03/v0352	SES082	-3.93507	14.9873	18.9224
spk_ver/v03/v0353	SES082	-5.8114	15.2591	21.0705
spk_ver/v03/v0354	SES082	-11.2583	8.27289	19.5312
spk_ver/v03/v0355	SES083	0.501877	23.0621	22.5603
spk_ver/v03/v0356	SES082	-4.29071	15.9109	20.2016
spk_ver/v03/v0357	SES082	-7.40141	13.2102	20.6116
spk_ver/v03/v0358	SES082	-2.38479	18.7008	21.0856
spk_ver/v03/v0359	SES117	0.149523	17.6883	17.5387
spk_ver/v03/v0360	SES082	-8.07668	13.8463	21.923
spk_ver/v03/v0361	SES082	-3.66419	16.9321	20.5963
spk_ver/v03/v0362	SES007	0.471151	20.8443	20.3731
spk_ver/v03/v0363	SES082	-4.13218	16.9788	21.111
spk_ver/v03/v0364	SES019	2.36435	23.4213	21.057
spk_ver/v03/v0365	SES082	-2.26189	18.7524	21.0143
spk_ver/v03/v0366	SES226	1.75768	23.5963	21.8386
spk_ver/v03/v0367	SES167	1.45029	23.1163	21.666
spk_ver/v03/v0368	SES082	-4.29949	18.1686	22.4681
spk_ver/v03/v0369	SES042	3.39296	26.3791	22.9862
spk_ver/v03/v0370	SES042	1.93286	24.748	22.8152
spk_ver/v03/v0371	SES082	-8.26622	13.2276	21.4938
spk_ver/v03/v0372	SES082	-2.78385	21.0335	23.8173
spk_ver/v03/v0373	SES082	-10.3369	11.9568	22.2936
spk_ver/v03/v0374	SES083	-2.64563	20.8435	23.4891
spk_ver/v03/v0375	SES292	0.129196	21.1059	20.9767
spk_ver/v03/v0376	SES083	-4.42496	18.225	22.65
spk_ver/v03/v0377	SES083	-6.23815	15.3384	21.5766
spk_ver/v03/v0378	SES083	-4.04705	15.8268	19.8738
spk_ver/v03/v0379	SES083	-3.00616	17.2877	20.2939
spk_ver/v03/v0380	SES083	-6.0239	14.4906	20.5145
spk_ver/v03/v0381	SES083	-5.21546	15.8182	21.0336
spk_ver/v03/v0382	SES148	-0.783562	21.6391	22.4227
spk_ver/v03/v0383	SES083	-2.59487	19.7395	22.3344
spk_ver/v03/v0384	SES226	1.31642	22.9107	21.5943
spk_ver/v03/v0385	SES226	1.9631	24.4559	22.4928
spk_ver/v03/v0386	SES087	1.10279	22.0575	20.9547
spk_ver/v03/v0387	SES029	0.915415	22.0209	21.1055
spk_ver/v03/v0388	SES147	1.05243	20.4877	19.4353
spk_ver/v03/v0389	SES083	-6.27493	13.9988	20.2737
spk_ver/v03/v0390	SES189	1.93332	21.7041	19.7708
spk_ver/v03/v0391	SES083	-2.83474	19.0539	21.8886
spk_ver/v03/v0392	SES083	-1.98171	20.3421	22.3238
spk_ver/v03/v0393	SES083	-4.82292	16.2839	21.1068
spk_ver/v03/v0394	SES083	-5.03664	15.5655	20.6022
spk_ver/v03/v0395	SES083	-2.73069	19.8817	22.6124
spk_ver/v03/v0396	SES014	3.13577	27.2529	24.1171
spk_ver/v03/v0397	SES085	-1.38429	23.2021	24.5864
spk_ver/v03/v0398	SES085	-2.60571	19.9177	22.5234
spk_ver/v03/v0399	SES085	-4.48071	17.1067	21.5874
spk_ver/v04/v0400	SES106	1.79001	24.4686	22.6785
spk_ver/v04/v0401	SES085	-6.59577	14.8818	21.4775
spk_ver/v04/v0402	SES085	-10.1694	6.95647	17.1259
spk_ver/v04/v0403	SES085	-2.07256	19.2808	21.3534
spk_ver/v04/v0404	SES180	0.613937	22.1649	21.5509
spk_ver/v04/v0405	SES129	1.32273	23.2944	21.9717
spk_ver/v04/v0406	SES085	-7.50662	15.0579	22.5645
spk_ver/v04/v0407	SES146	-0.163748	19.0421	19.2058
spk_ver/v04/v0408	SES085	-2.13939	20.1688	22.3082
spk_ver/v04/v0409	SES085	-5.34319	15.2891	20.6323
spk_ver/v04/v0410	SES085	-6.97251	16.914	23.8865
spk_ver/v04/v0411	SES292	0.587797	21.0497	20.4619
spk_ver/v04/v0412	SES085	-2.23886	20.3705	22.6094
spk_ver/v04/v0413	SES125	1.64087	24.4412	22.8003
spk_ver/v04/v0414	SES085	-4.46793	16.1948	20.6627
spk_ver/v04/v0415	SES085	-3.31045	19.0109	22.3213
spk_ver/v04/v0416	SES085	-2.61152	18.5208	21.1323
spk_ver/v04/v0417	SES062	0.925608	24.5477	23.6221
spk_ver/v04/v0418	SES060	1.37432	22.8309	21.4566
spk_ver/v04/v0419	SES085	-2.42143	19.5764	21.9978
spk_ver/v04/v0420	SES085	-7.67909	15.5365	23.2156
spk_ver/v04/v0421	SES085	-7.82628	12.087	19.9133
spk_ver/v04/v0422	SES085	-3.07636	16.6234	19.6998
spk_ver/v04/v0423	SES085	-7.32213	13.215	20.5372
spk_ver/v04/v0424	SES085	-5.77621	13.3527	19.1289
spk_ver/v04/v0425	SES183	0.372728	20.5601	20.1874
spk_ver/v04/v0426	SES085	-6.64201	14.779	21.421
spk_ver/v04/v0427	SES087	-4.50301	17.1781	21.6811
spk_ver/v04/v0428	SES162	0.5313	22.1662	21.6349
spk_ver/v04/v0429	SES087	-2.86604	19.239	22.105
spk_ver/v04/v0430	SES087	-8.8121	13.4079	22.22
spk_ver/v04/v0431	SES087	-9.15047	10.253	19.4035
spk_ver/v04/v0432	SES087	-5.57445	14.5411	20.1155
spk_ver/v04/v0433	SES087	-6.29693	15.8414	22.1384
spk_ver/v04/v0434	SES142	2.68136	23.1217	20.4403
spk_ver/v04/v0435	SES087	-7.24336	13.5102	20.7535
spk_ver/v04/v0436	SES099	2.00132	24.7198	22.7185
spk_ver/v04/v0437	SES087	-2.62724	19.5926	22.2199
spk_ver/v04/v0438	SES087	-9.51465	11.4777	20.9924
spk_ver/v04/v0439	SES087	-2.92943	20.404	23.3334
spk_ver/v04/v0440	SES087	-5.10172	16.6965	21.7982
spk_ver/v04/v0441	SES087	-9.4408	11.2495	20.6903
spk_ver/v04/v0442	SES187	1.61846	22.1589	20.5405
spk_ver/v04/v0443	SES172	1.54886	23.5304	21.9815
spk_ver/v04/v0444	SES087	-4.32192	15.0574	19.3793
spk_ver/v04/v0445	SES087	-3.44485	19.2847	22.7296
spk_ver/v04/v0446	SES087	-1.80787	20.4264	22.2342
spk_ver/v04/v0447	SES087	-3.13774	19.3419	22.4797
spk_ver/v04/v0448	SES106	2.19751	22.5096	20.3121
spk_ver/v04/v0449	SES146	0.435705	20.1365	19.7008
spk_ver/v04/v0450	SES087	-7.31838	12.4293	19.7477
spk_ver/v04/v0451	SES087	-3.02624	19.0555	22.0817
spk_ver/v04/v0452	SES007	0.830841	21.0398	20.209
spk_ver/v04/v0453	SES087	-4.3254	16.8604	21.1858
spk_ver/v04/v0454	SES087	-8.59355	12.6045	21.198
spk_ver/v04/v0455	SES180	0.314449	21.6791	21.3646
spk_ver/v04/v0456	SES099	-8.19282	12.8911	21.0839
spk_ver/v04/v0457	SES042	1.57493	23.8291	22.2542
spk_ver/v04/v0458	SES099	-1.40841	19.3139	20.7223
spk_ver/v04/v0459	SES099	-9.20124	12.7936	21.9948
spk_ver/v04/v0460	SES099	-10.4191	9.00628	19.4254
spk_ver/v04/v0461	SES099	-3.70217	19.2188	22.921
spk_ver/v04/v0462	SES082	1.97471	24.1611	22.1863
spk_ver/v04/v0463	SES099	-1.19504	20.8378	22.0328
spk_ver/v04/v0464	SES099	-0.236309	21.6878	21.9241
spk_ver/v04/v0465	SES099	-8.72162	12.0198	20.7414
spk_ver/v04/v0466	SES099	-1.54668	20.6873	22.234
spk_ver/v04/v0467	SES099	-1.42	19.2886	20.7086
spk_ver/v04/v0468	SES129	2.0049	23.681	21.6761
spk_ver/v04/v0469	SES101	0.482679	20.9669	20.4842
spk_ver/v04/v0470	SES099	-6.89468	13.7303	20.625
spk_ver/v04/v0471	SES172	0.666893	22.2747	21.6078
spk_ver/v04/v0472	SES099	-0.923811	19.7791	20.7029
spk_ver/v04/v0473	SES270	3.30128	24.2497	20.9485
spk_ver/v04/v0474	SES099	-6.73413	15.0232	21.7573
spk_ver/v04/v0475	SES099	-4.35172	17.814	22.1657
spk_ver/v04/v0476	SES099	-5.39753	13.5778	18.9754
spk_ver/v04/v0477	SES002	1.61962	25.0118	23.3921
spk_ver/v04/v0478	SES099	-1.64117	20.4446	22.0858
spk_ver/v04/v0479	SES007	-1.29495	18.9616	20.2566
spk_ver/v04/v0480	SES101	-7.36614	16.068	23.4342
spk_ver/v04/v0481	SES101	-6.66325	13.4957	20.1589
spk_ver/v04/v0482	SES175	0.100088	21.3688	21.2688
spk_ver/v04/v0483	SES101	-6.02561	14.465	20.4906
spk_ver/v04/v0484	SES101	-6.77309	18.5716	25.3446
spk_ver/v04/v0485	SES101	-4.36473	14.5767	18.9414
spk_ver/v04/v0486	SES101	-2.55662	16.8592	19.4158
spk_ver/v04/v0487	SES101	-3.67884	17.6989	21.3777
spk_ver/v04/v0488	SES101	-9.28698	12.431	21.718
spk_ver/v04/v0489	SES147	0.793417	18.5097	17.7163
spk_ver/v04/v0490	SES085	-2.01567	18.6649	20.6806
spk_ver/v04/v0491	SES101	-4.1712	15.2828	19.454
spk_ver/v04/v0492	SES101	-7.04189	12.1016	19.1435
spk_ver/v04/v0493	SES101	-5.37154	18.1413	23.5128
spk_ver/v04/v0494	SES101	-5.4191	15.2305	20.6496
spk_ver/v04/v0495	SES101	-2.35009	20.6167	22.9668
spk_ver/v04/v0496	SES101	-4.72674	17.2106	21.9373
spk_ver/v04/v0497	SES014	2.00907	26.5368	24.5278
spk_ver/v04/v0498	SES101	-5.1252	16.5777	21.7029
spk_ver/v04/v0499	SES101	-4.41649	17.4494	21.8659
spk_ver/v05/v0500	SES085	0.290417	23.7364	23.446
spk_ver/v05/v0501	SES101	-6.87127	15.96	22.8312
spk_ver/v05/v0502	SES275	0.72296	20.7829	20.0599
spk_ver/v05/v0503	SES117	0.744156	20.2006	19.4565
spk_ver/v05/v0504	SES101	-6.52041	16.0075	22.5279
spk_ver/v05/v0505	SES101	-4.75297	15.735	20.488
spk_ver/v05/v0506	SES101	-3.84083	17.167	21.0079
spk_ver/v05/v0507	SES048	0.898426	23.4652	22.5668
spk_ver/v05/v0508	SES117	-0.06814	18.7595	18.8276
spk_ver/v05/v0509	SES202	2.44334	22.3685	19.9251
spk_ver/v05/v0510	SES104	-4.58043	14.0337	18.6142
spk_ver/v05/v0511	SES008	1.08113	20.5077	19.4266
spk_ver/v05/v0512	SES104	-3.06005	17.5481	20.6082
spk_ver/v05/v0513	SES104	-4.59641	17.4182	22.0146
spk_ver/v05/v0514	SES104	-6.93947	14.8621	21.8016
spk_ver/v05/v0515	SES104	-11.7768	10.2395	22.0163
spk_ver/v05/v0516	SES104	-4.31037	13.5206	17.831
spk_ver/v05/v0517	SES060	0.616621	24.2783	23.6617
spk_ver/v05/v0518	SES104	-12.3805	7.88655	20.267
spk_ver/v05/v0519	SES104	-13.8468	6.10286	19.9497
spk_ver/v05/v0520	SES104	-2.37953	21.4433	23.8228
spk_ver/v05/v0521	SES008	1.02508	23.5503	22.5252
spk_ver/v05/v0522	SES068	0.952436	22.5919	21.6395
spk_ver/v05/v0523	SES087	1.15534	23.2065	22.0511
spk_ver/v05/v0524	SES104	-3.30852	17.5647	20.8732
spk_ver/v05/v0525	SES104	-1.90569	20.5901	22.4957
spk_ver/v05/v0526	SES104	-3.59454	17.9072	21.5017
spk_ver/v05/v0527	SES083	0.352575	21.7652	21.4126
spk_ver/v05/v0528	SES148	1.21975	21.113	19.8933
spk_ver/v05/v0529	SES104	-5.22606	16.3501	21.5762
spk_ver/v05/v0530	SES104	-8.05812	12.8898	20.9479
spk_ver/v05/v0531	SES125	1.24785	23.2306	21.9827
spk_ver/v05/v0532	SES104	-13.172	7.56031	20.7323
spk_ver/v05/v0533	SES149	2.44942	25.4991	23.0497
spk_ver/v05/v0534	SES104	-7.2915	14.2015	21.493
spk_ver/v05/v0535	SES187	0.217777	20.8968	20.679
spk_ver/v05/v0536	SES104	-4.14321	18.2939	22.4371
spk_ver/v05/v0537	SES104	-4.41408	15.7372	20.1513
spk_ver/v05/v0538	SES167	1.0855	22.5456	21.4601
spk_ver/v05/v0539	SES104	-3.38342	15.8088	19.1922
spk_ver/v05/v0540	SES104	-8.66657	15.2123	23.8789
spk_ver/v05/v0541	SES183	1.55643	20.4669	18.9105
spk_ver/v05/v0542	SES104	-3.60708	16.3729	19.98
spk_ver/v05/v0543	SES104	-8.42894	13.7099	22.1389
spk_ver/v05/v0544	SES105	-5.82107	15.7423	21.5633
spk_ver/v05/v0545	SES105	-4.15099	16.7268	20.8778
spk_ver/v05/v0546	SES105	-4.6049	16.5719	21.1769
spk_ver/v05/v0547	SES105	-5.16193	14.821	19.9829
spk_ver/v05/v0548	SES019	2.91718	22.9672	20.0501
spk_ver/v05/v0549	SES105	-3.61014	17.1472	20.7573
spk_ver/v05/v0550	SES105	-5.51953	14.336	19.8556
spk_ver/v05/v0551	SES202	1.44638	19.943	18.4966
spk_ver/v05/v0552	SES105	-5.3255	15.3357	20.6612
spk_ver/v05/v0553	SES105	-2.25033	18.7833	21.0336
spk_ver/v05/v0554	SES105	-3.06555	18.743	21.8086
spk_ver/v05/v0555	SES105	-4.60829	15.39	19.9983
spk_ver/v05/v0556	SES082	0.448782	22.8984	22.4497
spk_ver/v05/v0557	SES105	-5.94213	17.1668	23.1089
spk_ver/v05/v0558	SES014	0.949995	23.7892	22.8392
spk_ver/v05/v0559	SES105	-3.47122	18.3729	21.8441
spk_ver/v05/v0560	SES177	-0.618446	21.0761	21.6945
spk_ver/v05/v0561	SES189	3.31229	16.0079	12.6956
spk_ver/v05/v0562	SES105	-4.2519	14.9191	19.171
spk_ver/v05/v0563	SES099	1.69847	21.9741	20.2756
spk_ver/v05/v0564	SES105	-3.39117	18.4342	21.8254
spk_ver/v05/v0565	SES105	-5.02352	16.3533	21.3768
spk_ver/v05/v0566	SES105	-6.27259	13.9845	20.2571
spk_ver/v05/v0567	SES142	1.27467	20.7656	19.4909
spk_ver/v05/v0568	SES048	0.130236	20.5068	20.3766
spk_ver/v05/v0569	SES105	-5.72629	17.5816	23.3079
spk_ver/v05/v0570	SES105	-2.52966	18.7188	21.2485
spk_ver/v05/v0571	SES105	-4.93623	15.4917	20.4279
spk_ver/v05/v0572	SES105	-6.18602	13.3496	19.5356
spk_ver/v05/v0573	SES105	-6.698	14.406	21.104
spk_ver/v05/v0574	SES105	-2.32448	18.7667	21.0912
spk_ver/v05/v0575	SES105	-1.56051	19.7832	21.3437
spk_ver/v05/v0576	SES106	-7.25854	13.1847	20.4433
spk_ver/v05/v0577	SES106	-7.977	12.1018	20.0788
spk_ver/v05/v0578	SES106	-6.47807	15.6489	22.1269
spk_ver/v05/v0579	SES106	-7.53164	13.9879	21.5195
spk_ver/v05/v0580	SES106	-2.94647	20.6056	23.5521
spk_ver/v05/v0581	SES106	-10.9292	9.94044	20.8696
spk_ver/v05/v0582	SES106	-3.7365	16.2358	19.9723
spk_ver/v05/v0583	SES106	-2.49571	20.4016	22.8973
spk_ver/v05/v0584	SES106	-7.41092	11.7807	19.1916
spk_ver/v05/v0585	SES106	-1.65431	17.1286	18.7829
spk_ver/v05/v0586	SES106	-6.63007	13.9395	20.5695
spk_ver/v05/v0587	SES106	-4.83629	13.9524	18.7887
spk_ver/v05/v0588	SES106	-8.12463	13.8626	21.9873
spk_ver/v05/v0589	SES106	-8.39186	14.4094	22.8012
spk_ver/v05/v0590	SES082	0.353323	21.3478	20.9945
spk_ver/v05/v0591	SES180	0.109102	21.2398	21.1307
spk_ver/v05/v0592	SES106	-3.06259	17.9485	21.0111
spk_ver/v05/v0593	SES106	-11.3454	8.00326	19.3487
spk_ver/v05/v0594	SES292	0.474476	22.3043	21.8298
spk_ver/v05/v0595	SES106	-2.30499	19.6547	21.9597
spk_ver/v05/v0596	SES106	-10.4619	10.8145	21.2764
spk_ver/v05/v0597	SES106	-7.87606	12.7898	20.6659
spk_ver/v05/v0598	SES042	1.32479	23.3675	22.0427
spk_ver/v05/v0599	SES106	-10.719	8.65498	19.374
spk_ver/v06/v0600	SES106	-0.75329	18.7608	19.5141
spk_ver/v06/v0601	SES106	-3.07431	16.8221	19.8964
spk_ver/v06/v0602	SES106	-4.89644	15.5836	20.48
spk_ver/v06/v0603	SES106	-8.43607	12.2214	20.6575
spk_ver/v06/v0604	SES106	-6.23932	14.3741	20.6134
spk_ver/v06/v0605	SES106	-11.1139	8.7938	19.9077
spk_ver/v06/v0606	SES048	2.25924	23.7817	21.5224
spk_ver/v06/v0607	SES167	2.36396	24.4431	22.0792
spk_ver/v06/v0608	SES106	-6.78141	13.8183	20.5997
spk_ver/v06/v0609	SES143	0.928755	21.8682	20.9395
spk_ver/v06/v0610	SES106	-16.2252	2.42619	18.6514
spk_ver/v06/v0611	SES106	-6.33992	13.7	20.0399
spk_ver/v06/v0612	SES106	-10.5166	9.95356	20.4702
spk_ver/v06/v0613	SES117	-1.83189	19.9272	21.7591
spk_ver/v06/v0614	SES117	-6.42483	15.6287	22.0535
spk_ver/v06/v0615	SES117	-2.36665	18.1439	20.5105
spk_ver/v06/v0616	SES106	2.77308	26.6265	23.8535
spk_ver/v06/v0617	SES142	2.33734	20.5037	18.1664
spk_ver/v06/v0618	SES048	1.8125	23.7968	21.9843
spk_ver/v06/v0619	SES175	-0.286497	20.4428	20.7293
spk_ver/v06/v0620	SES180	0.230118	22.4854	22.2552
spk_ver/v06/v0621	SES117	-1.48471	17.5269	19.0116
spk_ver/v06/v0622	SES029	0.461977	21.4012	20.9392
spk_ver/v06/v0623	SES117	-2.28472	19.4162	21.7009
spk_ver/v06/v0624	SES117	-5.50113	14.9929	20.4941
spk_ver/v06/v0625	SES117	-2.73552	17.2214	19.957
spk_ver/v06/v0626	SES106	1.60461	23.3688	21.7642
spk_ver/v06/v0627	SES226	2.08525	23.8495	21.7643
spk_ver/v06/v0628	SES117	-1.2963	21.1395	22.4358
spk_ver/v06/v0629	SES117	-4.6494	18.2054	22.8548
spk_ver/v06/v0630	SES117	-4.64571	15.1286	19.7743
spk_ver/v06/v0631	SES117	-6.33545	12.2599	18.5953
spk_ver/v06/v0632	SES117	-2.55169	19.4625	22.0142
spk_ver/v06/v0633	SES099	2.62496	24.6181	21.9931
spk_ver/v06/v0634	SES105	1.76406	21.9959	20.2318
spk_ver/v06/v0635	SES167	0.520338	22.0296	21.5092
spk_ver/v06/v0636	SES117	-1.82833	18.5563	20.3847
spk_ver/v06/v0637	SES202	1.94891	21.4553	19.5064
spk_ver/v06/v0638	SES117	-3.82861	17.8467	21.6753
spk_ver/v06/v0639	SES167	0.891396	20.6422	19.7508
spk_ver/v06/v0640	SES117	-2.86206	17.8419	20.704
spk_ver/v06/v0641	SES117	-5.09166	16.6264	21.7181
spk_ver/v06/v0642	SES101	0.915319	22.8652	21.9499
spk_ver/v06/v0643	SES068	0.790266	23.2494	22.4591
spk_ver/v06/v0644	SES120	-4.93335	15.4368	20.3702
spk_ver/v06/v0645	SES120	-4.29654	15.4858	19.7824
spk_ver/v06/v0646	SES172	0.708744	21.7432	21.0345
spk_ver/v06/v0647	SES120	-4.1823	18.024	22.2063
spk_ver/v06/v0648	SES120	-1.40895	20.8387	22.2477
spk_ver/v06/v0649	SES120	-3.95644	14.3569	18.3134
spk_ver/v06/v0650	SES087	1.20186	22.7969	21.595
spk_ver/v06/v0651	SES120	-2.504	17.914	20.418
spk_ver/v06/v0652	SES104	-0.548342	18.3244	18.8728
spk_ver/v06/v0653	SES129	1.2785	23.5206	22.2421
spk_ver/v06/v0654	SES120	-3.9793	16.0452	20.0245
spk_ver/v06/v0655	SES120	-2.43214	16.8055	19.2377
spk_ver/v06/v0656	SES120	-3.27661	18.5946	21.8712
spk_ver/v06/v0657	SES147	0.656269	19.4251	18.7689
spk_ver/v06/v0658	SES120	-3.31084	17.7587	21.0695
spk_ver/v06/v0659	SES120	-3.46813	18.4213	21.8894
spk_ver/v06/v0660	SES120	-2.60913	18.5695	21.1786
spk_ver/v06/v0661	SES120	-3.1208	15.6266	18.7474
spk_ver/v06/v0662	SES120	-2.79893	19.4824	22.2814
spk_ver/v06/v0663	SES120	-5.54377	13.441	18.9848
spk_ver/v06/v0664	SES147	0.803499	21.3213	20.5178
spk_ver/v06/v0665	SES162	0.82163	21.7734	20.9518
spk_ver/v06/v0666	SES120	-3.18925	18.6008	21.79
spk_ver/v06/v0667	SES120	-2.65171	19.7367	22.3884
spk_ver/v06/v0668	SES120	0.348686	22.0037	21.655
spk_ver/v06/v0669	SES142	2.12542	21.8854	19.76
spk_ver/v06/v0670	SES106	2.22453	25.0922	22.8677
spk_ver/v06/v0671	SES183	1.49878	20.7113	19.2125
spk_ver/v06/v0672	SES120	-1.38728	17.8689	19.2562
spk_ver/v06/v0673	SES029	-0.262138	20.5126	20.7747
spk_ver/v06/v0674	SES120	-2.95121	17.2545	20.2058
spk_ver/v06/v0675	SES008	2.3496	24.083	21.7334
spk_ver/v06/v0676	SES125	-7.70131	11.4498	19.1511
spk_ver/v06/v0677	SES143	0.78161	20.3786	19.5969
spk_ver/v06/v0678	SES125	-9.984	8.87625	18.8603
spk_ver/v06/v0679	SES162	0.135761	21.041	20.9052
spk_ver/v06/v0680	SES125	-4.9336	15.984	20.9176
spk_ver/v06/v0681	SES125	-4.18949	17.6536	21.843
spk_ver/v06/v0682	SES125	-6.44437	16.5963	23.0407
spk_ver/v06/v0683	SES226	1.03899	22.7914	21.7524
spk_ver/v06/v0684	SES125	-5.92988	13.2783	19.2082
spk_ver/v06/v0685	SES125	-8.25822	11.7648	20.023
spk_ver/v06/v0686	SES120	0.805077	22.0013	21.1962
spk_ver/v06/v0687	SES125	-6.25925	12.9056	19.1648
spk_ver/v06/v0688	SES158	1.64437	22.3559	20.7115
spk_ver/v06/v0689	SES125	-7.92576	13.6014	21.5272
spk_ver/v06/v0690	SES105	1.74941	21.6808	19.9314
spk_ver/v06/v0691	SES125	-2.62339	19.0031	21.6265
spk_ver/v06/v0692	SES125	-3.59989	18.4403	22.0402
spk_ver/v06/v0693	SES180	1.41583	22.7289	21.3131
spk_ver/v06/v0694	SES125	-14.6105	6.79242	21.4029
spk_ver/v06/v0695	SES125	-4.57352	16.9922	21.5658
spk_ver/v06/v0696	SES125	-11.6036	10.8812	22.4848
spk_ver/v06/v0697	SES125	-9.59892	10.1955	19.7945
spk_ver/v06/v0698	SES083	-0.252737	22.7608	23.0135
spk_ver/v06/v0699	SES125	-7.0004	14.1179	21.1183
spk_ver/v07/v0700	SES014	1.55369	25.999	24.4453
spk_ver/v07/v0701	SES125	-6.27823	16.8572	23.1355
spk_ver/v07/v0702	SES127	-2.62206	19.1664	21.7885
spk_ver/v07/v0703	SES127	-2.56977	16.4012	18.971
spk_ver/v07/v0704	SES206	1.86915	24.6962	22.827
spk_ver/v07/v0705	SES127	-4.53364	15.3908	19.9244
spk_ver/v07/v0706	SES127	-4.12371	19.4064	23.5301
spk_ver/v07/v0707	SES127	-5.57889	16.0178	21.5966
spk_ver/v07/v0708	SES275	0.592327	21.7201	21.1278
spk_ver/v07/v0709	SES127	-4.41823	16.808	21.2263
spk_ver/v07/v0710	SES105	1.11432	21.2167	20.1024
spk_ver/v07/v0711	SES127	-4.14104	15.1852	19.3262
spk_ver/v07/v0712	SES127	-3.85734	16.9489	20.8062
spk_ver/v07/v0713	SES127	-4.15704	14.5763	18.7333
spk_ver/v07/v0714	SES019	4.42906	24.2018	19.7727
spk_ver/v07/v0715	SES127	-6.57008	12.1199	18.69
spk_ver/v07/v0716	SES148	0.843149	20.9884	20.1453
spk_ver/v07/v0717	SES162	0.995176	22.6565	21.6613
spk_ver/v07/v0718	SES189	0.626326	19.2058	18.5794
spk_ver/v07/v0719	SES149	0.523249	23.2796	22.7564
spk_ver/v07/v0720	SES175	0.633692	22.2635	21.6298
spk_ver/v07/v0721	SES127	-5.34505	16.0456	21.3906
spk_ver/v07/v0722	SES127	-2.24438	18.8531	21.0975
spk_ver/v07/v0723	SES127	-4.12841	17.7176	21.846
spk_ver/v07/v0724	SES127	-5.47515	16.6262	22.1014
spk_ver/v07/v0725	SES127	-4.21523	15.923	20.1382
spk_ver/v07/v0726	SES259	2.6711	25.0091	22.338
spk_ver/v07/v0727	SES127	-4.04984	16.9173	20.9671
spk_ver/v07/v0728	SES127	-2.42305	20.5414	22.9645
spk_ver/v07/v0729	SES127	-6.61498	13.2295	19.8445
spk_ver/v07/v0730	SES127	-5.78383	13.5446	19.3284
spk_ver/v07/v0731	SES129	-2.96362	19.8694	22.833
spk_ver/v07/v0732	SES129	-5.66593	15.0271	20.693
spk_ver/v07/v0733	SES129	-8.70525	10.9151	19.6203
spk_ver/v07/v0734	SES129	-13.2485	6.53734	19.7859
spk_ver/v07/v0735	SES183	0.62426	21.3057	20.6815
spk_ver/v07/v0736	SES129	-5.95355	14.0439	19.9974
spk_ver/v07/v0737	SES129	-5.19421	15.6815	20.8757
spk_ver/v07/v0738	SES129	-8.51056	12.6637	21.1743
spk_ver/v07/v0739	SES129	-6.5376	13.4683	20.0059
spk_ver/v07/v0740	SES167	-0.89752	20.1518	21.0493
spk_ver/v07/v0741	SES129	-5.29755	14.7129	20.0104
spk_ver/v07/v0742	SES129	-5.62334	18.8382	24.4616
spk_ver/v07/v0743	SES129	-3.93652	17.9199	21.8564
spk_ver/v07/v0744	SES129	-9.30007	10.7385	20.0385
spk_ver/v07/v0745	SES180	1.14821	22.4554	21.3072
spk_ver/v07/v0746	SES129	-2.98626	19.7021	22.6884
spk_ver/v07/v0747	SES292	-0.653002	21.7036	22.3566
spk_ver/v07/v0748	SES202	0.983599	19.2118	18.2282
spk_ver/v07/v0749	SES270	0.898113	23.6809	22.7828
spk_ver/v07/v0750	SES129	-4.72808	19.0314	23.7595
spk_ver/v07/v0751	SES129	-6.9368	16.6974	23.6342
spk_ver/v07/v0752	SES060	-0.672691	20.1002	20.7729
spk_ver/v07/v0753	SES129	-7.29351	12.887	20.1806
spk_ver/v07/v0754	SES129	-18.4354	-0.627203	17.8082
spk_ver/v07/v0755	SES129	-4.93327	16.4251	21.3584
spk_ver/v07/v0756	SES175	0.817099	21.3817	20.5646
spk_ver/v07/v0757	SES129	-7.23644	12.8937	20.1302
spk_ver/v07/v0758	SES129	-7.59706	11.4818	19.0789
spk_ver/v07/v0759	SES129	-5.40522	17.4459	22.8512
spk_ver/v07/v0760	SES129	-5.23615	17.3065	22.5427
spk_ver/v07/v0761	SES129	-5.70001	18.0736	23.7736
spk_ver/v07/v0762	SES172	0.0854797	22.2426	22.1571
spk_ver/v07/v0763	SES129	-6.77139	12.665	19.4364
spk_ver/v07/v0764	SES129	-6.45941	15.3974	21.8568
spk_ver/v07/v0765	SES175	0.235754	20.8223	20.5866
spk_ver/v07/v0766	SES129	-5.04849	18.0124	23.0609
spk_ver/v07/v0767	SES129	-4.21827	16.0443	20.2625
spk_ver/v07/v0768	SES042	1.46965	23.7799	22.3103
spk_ver/v07/v0769	SES099	1.40695	22.5559	21.1489
spk_ver/v07/v0770	SES142	-4.51141	15.7931	20.3045
spk_ver/v07/v0771	SES142	-4.16864	17.5172	21.6858
spk_ver/v07/v0772	SES101	0.849665	23.6739	22.8242
spk_ver/v07/v0773	SES142	-8.99043	9.79949	18.7899
spk_ver/v07/v0774	SES142	-6.9207	12.0056	18.9263
spk_ver/v07/v0775	SES142	-4.48059	16.916	21.3966
spk_ver/v07/v0776	SES142	-4.56611	18.6356	23.2017
spk_ver/v07/v0777	SES142	-6.50091	13.1166	19.6175
spk_ver/v07/v0778	SES142	-2.37484	16.3163	18.6912
spk_ver/v07/v0779	SES142	-11.6393	10.2383	21.8776
spk_ver/v07/v0780	SES142	-6.93488	10.8767	17.8116
spk_ver/v07/v0781	SES142	-10.2664	10.4956	20.762
spk_ver/v07/v0782	SES101	0.882584	21.51	20.6274
spk_ver/v07/v0783	SES142	-5.89731	13.8637	19.761
spk_ver/v07/v0784	SES187	1.49955	22.1576	20.6581
spk_ver/v07/v0785	SES143	0.431185	18.7692	18.338
spk_ver/v07/v0786	SES142	-7.12188	15.2262	22.3481
spk_ver/v07/v0787	SES144	0.396935	21.4391	21.0422
spk_ver/v07/v0788	SES275	0.0338783	20.0705	20.0366
spk_ver/v07/v0789	SES142	-4.9115	16.5481	21.4596
spk_ver/v07/v0790	SES099	2.39511	25.2892	22.8941
spk_ver/v07/v0791	SES142	-8.69396	12.0647	20.7586
spk_ver/v07/v0792	SES142	-7.21452	18.7041	25.9187
spk_ver/v07/v0793	SES142	-8.61121	12.6448	21.256
spk_ver/v07/v0794	SES014	1.44341	25.2355	23.7921
spk_ver/v07/v0795	SES142	-8.4961	14.0496	22.5457
spk_ver/v07/v0796	SES142	-4.71098	16.7826	21.4936
spk_ver/v07/v0797	SES143	-1.31882	19.7403	21.0591
spk_ver/v07/v0798	SES206	1.62355	25.6098	23.9862
spk_ver/v07/v0799	SES143	-4.6644	12.5096	17.1739
spk_ver/v08/v0800	SES143	-2.45182	17.3502	19.802
spk_ver/v08/v0801	SES143	-1.80314	21.102	22.9052
spk_ver/v08/v0802	SES143	-3.02682	15.3529	18.3797
spk_ver/v08/v0803	SES143	-3.37756	17.2151	20.5926
spk_ver/v08/v0804	SES143	-3.7442	14.3171	18.0613
spk_ver/v08/v0805	SES143	-3.88752	16.2762	20.1637
spk_ver/v08/v0806	SES143	-3.64385	15.6358	19.2797
spk_ver/v08/v0807	SES177	-0.605389	20.0291	20.6345
spk_ver/v08/v0808	SES149	0.904068	23.3292	22.4251
spk_ver/v08/v0809	SES143	-5.59308	16.844	22.4371
spk_ver/v08/v0810	SES158	0.935938	21.0275	20.0915
spk_ver/v08/v0811	SES143	-4.38569	14.9798	19.3655
spk_ver/v08/v0812	SES062	1.61211	25.4425	23.8304
spk_ver/v08/v0813	SES259	2.29504	25.3589	23.0639
spk_ver/v08/v0814	SES143	-6.20253	17.1747	23.3772
spk_ver/v08/v0815	SES143	-4.58072	16.105	20.6857
spk_ver/v08/v0816	SES143	-2.09988	19.4453	21.5452
spk_ver/v08/v0817	SES144	0.51338	21.5887	21.0753
spk_ver/v08/v0818	SES143	-3.05944	17.3913	20.4507
spk_ver/v08/v0819	SES143	-3.87692	17.6438	21.5207
spk_ver/v08/v0820	SES143	-1.93702	19.9224	21.8594
spk_ver/v08/v0821	SES143	-4.4336	15.2709	19.7045
spk_ver/v08/v0822	SES143	-5.1941	16.315	21.5091
spk_ver/v08/v0823	SES104	1.51382	24.1693	22.6554
spk_ver/v08/v0824	SES143	-4.68422	16.99	21.6742
spk_ver/v08/v0825	SES143	-3.30169	17.5562	20.8579
spk_ver/v08/v0826	SES144	-5.99431	15.9526	21.947
spk_ver/v08/v0827	SES144	-2.85273	19.1178	21.9705
spk_ver/v08/v0828	SES144	-2.10121	20.0114	22.1126
spk_ver/v08/v0829	SES172	-0.0265102	21.3387	21.3652
spk_ver/v08/v0830	SES144	-1.32414	19.3168	20.6409
spk_ver/v08/v0831	SES183	0.792351	20.6707	19.8784
spk_ver/v08/v0832	SES144	-6.35983	14.6171	20.977
spk_ver/v08/v0833	SES144	-6.54117	15.78	22.3212
spk_ver/v08/v0834	SES144	-2.34159	18.2511	20.5926
spk_ver/v08/v0835	SES144	-4.14499	15.8415	19.9865
spk_ver/v08/v0836	SES144	-2.72554	18.1281	20.8536
spk_ver/v08/v0837	SES144	-4.0038	19.5181	23.5219
spk_ver/v08/v0838	SES144	-4.91088	15.6756	20.5864
spk_ver/v08/v0839	SES085	-0.154463	21.9464	22.1009
spk_ver/v08/v0840	SES144	-1.79733	19.8984	21.6957
spk_ver/v08/v0841	SES144	-5.9035	12.706	18.6095
spk_ver/v08/v0842	SES144	-5.81444	16.9532	22.7676
spk_ver/v08/v0843	SES144	-1.52149	19.8664	21.3879
spk_ver/v08/v0844	SES144	-4.22021	18.0805	22.3007
spk_ver/v08/v0845	SES144	-4.67846	19.1669	23.8454
spk_ver/v08/v0846	SES104	0.232237	22.2753	22.0431
spk_ver/v08/v0847	SES144	-5.35457	14.9884	20.343
spk_ver/v08/v0848	SES144	-3.66813	15.3499	19.018
spk_ver/v08/v0849	SES144	-8.32177	13.9605	22.2822
spk_ver/v08/v0850	SES144	-5.11929	17.4157	22.535
spk_ver/v08/v0851	SES144	-2.1765	18.2235	20.4
spk_ver/v08/v0852	SES144	-1.2887	20.8439	22.1326
spk_ver/v08/v0853	SES144	-6.64171	14.0184	20.6601
spk_ver/v08/v0854	SES144	-3.14896	18.5008	21.6498
spk_ver/v08/v0855	SES144	-0.924578	21.6614	22.586
spk_ver/v08/v0856	SES082	-0.786493	18.3059	19.0924
spk_ver/v08/v0857	SES142	1.84867	22.3508	20.5022
spk_ver/v08/v0858	SES144	-2.38872	16.4905	18.8792
spk_ver/v08/v0859	SES144	-2.35849	18.0051	20.3636
spk_ver/v08/v0860	SES146	-5.47656	16.057	21.5336
spk_ver/v08/v0861	SES146	-4.5409	16.8267	21.3676
spk_ver/v08/v0862	SES146	-5.13962	16.5268	21.6664
spk_ver/v08/v0863	SES146	-4.33529	14.9868	19.3221
spk_ver/v08/v0864	SES146	-4.12861	18.8991	23.0278
spk_ver/v08/v0865	SES008	2.00661	22.1315	20.1249
spk_ver/v08/v0866	SES142	1.77421	21.4407	19.6665
spk_ver/v08/v0867	SES146	-4.46973	18.0993	22.569
spk_ver/v08/v0868	SES082	2.29662	25.4502	23.1535
spk_ver/v08/v0869	SES146	-2.6798	18.3769	21.0567
spk_ver/v08/v0870	SES146	-4.6122	14.1513	18.7635
spk_ver/v08/v0871	SES146	-4.92912	16.2684	21.1975
spk_ver/v08/v0872	SES146	-4.41985	13.3588	17.7786
spk_ver/v08/v0873	SES082	0.606853	23.9658	23.359
spk_ver/v08/v0874	SES146	-5.0893	16.1907	21.28
spk_ver/v08/v0875	SES144	-0.226442	20.0509	20.2774
spk_ver/v08/v0876	SES146	-3.15861	20.9054	24.064
spk_ver/v08/v0877	SES146	-4.90006	16.7301	21.6302
spk_ver/v08/v0878	SES146	-3.44482	17.5307	20.9755
spk_ver/v08/v0879	SES146	-4.01892	16.657	20.6759
spk_ver/v08/v0880	SES146	-4.11808	15.1319	19.25
spk_ver/v08/v0881	SES143	1.1565	20.4341	19.2776
spk_ver/v08/v0882	SES146	-1.93724	20.0582	21.9955
spk_ver/v08/v0883	SES147	-3.1799	19.1035	22.2834
spk_ver/v08/v0884	SES147	-2.09638	19.48	21.5764
spk_ver/v08/v0885	SES016	0.985062	23.2231	22.238
spk_ver/v08/v0886	SES147	-3.44544	17.0136	20.459
spk_ver/v08/v0887	SES147	-3.47018	17.2935	20.7637
spk_ver/v08/v0888	SES147	-3.12168	16.4207	19.5423
spk_ver/v08/v0889	SES019	1.65997	22.4822	20.8222
spk_ver/v08/v0890	SES147	-3.2131	16.2428	19.4559
spk_ver/v08/v0891	SES147	-3.79272	17.7709	21.5636
spk_ver/v08/v0892	SES147	-3.15881	16.6939	19.8527
spk_ver/v08/v0893	SES270	2.37039	21.9461	19.5757
spk_ver/v08/v0894	SES029	-0.068779	21.352	21.4207
spk_ver/v08/v0895	SES147	-3.32422	15.8766	19.2008
spk_ver/v08/v0896	SES117	0.252134	19.5282	19.2761
spk_ver/v08/v0897	SES183	1.63067	19.5419	17.9112
spk_ver/v08/v0898	SES147	-6.33147	16.6111	22.9426
spk_ver/v08/v0899	SES147	-3.69485	15.9848	19.6796
spk_ver/v09/v0900	SES087	0.515585	22.1627	21.6471
spk_ver/v09/v0901	SES147	-8.19075	13.1503	21.3411
spk_ver/v09/v0902	SES147	-5.10018	15.1158	20.216
spk_ver/v09/v0903	SES147	-2.78781	18.5115	21.2993
spk_ver/v09/v0904	SES147	-4.00322	17.935	21.9382
spk_ver/v09/v0905	SES143	0.361542	20.4046	20.043
spk_ver/v09/v0906	SES149	0.583002	23.6175	23.0345
spk_ver/v09/v0907	SES148	-1.99038	18.9378	20.9282
spk_ver/v09/v0908	SES148	-1.78783	19.9352	21.723
spk_ver/v09/v0909	SES106	2.67697	22.7239	20.0469
spk_ver/v09/v0910	SES148	-2.29715	16.7552	19.0523
spk_ver/v09/v0911	SES148	-4.22388	17.5409	21.7648
spk_ver/v09/v0912	SES142	0.130911	21.1558	21.0249
spk_ver/v09/v0913	SES148	-4.55727	15.2118	19.7691
spk_ver/v09/v0914	SES148	-4.43407	16.5844	21.0184
spk_ver/v09/v0915	SES148	-4.47028	14.2778	18.7481
spk_ver/v09/v0916	SES148	-4.42654	14.707	19.1336
spk_ver/v09/v0917	SES148	0.695333	21.4462	20.7509
spk_ver/v09/v0918	SES148	-1.93852	18.7532	20.6918
spk_ver/v09/v0919	SES270	1.74273	22.267	20.5243
spk_ver/v09/v0920	SES148	-2.84868	18.3665	21.2152
spk_ver/v09/v0921	SES148	-3.96628	16.9021	20.8684
spk_ver/v09/v0922	SES129	1.14764	23.4459	22.2982
spk_ver/v09/v0923	SES117	0.608528	21.9768	21.3683
spk_ver/v09/v0924	SES042	2.93257	25.2776	22.345
spk_ver/v09/v0925	SES148	-5.76534	13.9819	19.7473
spk_ver/v09/v0926	SES148	-6.29478	12.3014	18.5962
spk_ver/v09/v0927	SES144	0.262007	21.4407	21.1787
spk_ver/v09/v0928	SES007	0.935331	22.2771	21.3418
spk_ver/v09/v0929	SES148	-3.54559	19.7859	23.3315
spk_ver/v09/v0930	SES148	-2.13031	19.9644	22.0948
spk_ver/v09/v0931	SES148	-4.691	14.548	19.239
spk_ver/v09/v0932	SES202	1.452	22.7367	21.2847
spk_ver/v09/v0933	SES148	-2.09285	20.5381	22.6309
spk_ver/v09/v0934	SES148	-4.97995	16.2622	21.2422
spk_ver/v09/v0935	SES060	1.14749	23.4446	22.2971
spk_ver/v09/v0936	SES060	0.691072	21.542	20.851
spk_ver/v09/v0937	SES148	-2.86163	18.7174	21.579
spk_ver/v09/v0938	SES148	-2.9364	19.2806	22.217
spk_ver/v09/v0939	SES148	-4.25772	17.6941	21.9518
spk_ver/v09/v0940	SES148	-3.70913	18.6705	22.3796
spk_ver/v09/v0941	SES149	-4.16104	15.1301	19.2911
spk_ver/v09/v0942	SES149	-5.14796	17.4087	22.5567
spk_ver/v09/v0943	SES149	-4.46667	16.055	20.5217
spk_ver/v09/v0944	SES149	-3.29902	15.9774	19.2764
spk_ver/v09/v0945	SES105	0.950672	21.8923	20.9416
spk_ver/v09/v0946	SES149	-4.68269	18.7654	23.4481
spk_ver/v09/v0947	SES149	-8.01287	11.5293	19.5422
spk_ver/v09/v0948	SES149	-4.80754	17.2924	22.1
spk_ver/v09/v0949	SES149	-3.03341	19.546	22.5794
spk_ver/v09/v0950	SES226	0.935167	23.8568	22.9217
spk_ver/v09/v0951	SES149	-5.8451	14.3133	20.1584
spk_ver/v09/v0952	SES149	-6.23929	13.3669	19.6062
spk_ver/v09/v0953	SES062	1.30701	23.7395	22.4325
spk_ver/v09/v0954	SES149	-5.97254	14.3541	20.3266
spk_ver/v09/v0955	SES048	-0.364914	22.0536	22.4185
spk_ver/v09/v0956	SES158	-3.33847	19.7294	23.0679
spk_ver/v09/v0957	SES158	-9.11491	11.596	20.7109
spk_ver/v09/v0958	SES158	-2.2946	20.4995	22.7941
spk_ver/v09/v0959	SES158	-3.82698	17.9485	21.7755
spk_ver/v09/v0960	SES158	-8.00032	11.6044	19.6047
spk_ver/v09/v0961	SES147	1.21883	20.2154	18.9966
spk_ver/v09/v0962	SES158	-12.1986	7.28858	19.4872
spk_ver/v09/v0963	SES292	0.410133	22.5796	22.1694
spk_ver/v09/v0964	SES060	0.924294	23.4224	22.4981
spk_ver/v09/v0965	SES002	0.846989	22.8931	22.0461
spk_ver/v09/v0966	SES149	1.77131	24.7412	22.9699
spk_ver/v09/v0967	SES158	-10.1665	10.4507	20.6173
spk_ver/v09/v0968	SES158	-5.77677	14.6434	20.4202
spk_ver/v09/v0969	SES275	-0.710339	18.7946	19.5049
spk_ver/v09/v0970	SES158	-6.98129	14.8376	21.8189
spk_ver/v09/v0971	SES158	-6.89785	13.2799	20.1777
spk_ver/v09/v0972	SES002	0.7334	23.5559	22.8225
spk_ver/v09/v0973	SES158	-8.74576	12.4122	21.1579
spk_ver/v09/v0974	SES202	1.14763	21.7278	20.5802
spk_ver/v09/v0975	SES158	-10.3312	10.1352	20.4664
spk_ver/v09/v0976	SES158	-1.61599	21.0549	22.6709
spk_ver/v09/v0977	SES162	-2.90827	18.9578	21.8661
spk_ver/v09/v0978	SES162	-7.88285	11.2038	19.0866
spk_ver/v09/v0979	SES162	-8.09166	13.7089	21.8006
spk_ver/v09/v0980	SES162	-3.35907	15.8323	19.1913
spk_ver/v09/v0981	SES162	-4.32076	14.3469	18.6677
spk_ver/v09/v0982	SES259	2.44722	24.5373	22.0901
spk_ver/v09/v0983	SES162	-6.09082	10.4892	16.58
spk_ver/v09/v0984	SES162	-2.28376	20.3318	22.6155
spk_ver/v09/v0985	SES162	-1.89637	19.4981	21.3945
spk_ver/v09/v0986	SES062	1.35453	24.772	23.4175
spk_ver/v09/v0987	SES162	-2.06258	19.0442	21.1068
spk_ver/v09/v0988	SES162	-6.36319	15.5774	21.9406
spk_ver/v09/v0989	SES162	-7.36603	11.4227	18.7887
spk_ver/v09/v0990	SES162	-4.91529	16.9455	21.8608
spk_ver/v09/v0991	SES087	0.870247	22.7532	21.8829
spk_ver/v09/v0992	SES120	-0.380156	19.2942	19.6744
spk_ver/v09/v0993	SES162	-6.04045	16.468	22.5084
spk_ver/v09/v0994	SES162	-3.04541	18.8529	21.8983
spk_ver/v09/v0995	SES162	-6.52387	17.6553	24.1792
spk_ver/v09/v0996	SES162	-3.69069	20.6589	24.3496
spk_ver/v09/v0997	SES162	-6.60392	15.1711	21.775
spk_ver/v09/v0998	SES162	-6.11702	12.3649	18.4819
spk_ver/v09/v0999	SES162	-3.51812	21.1797	24.6978
spk_ver/v10/v1000	SES162	-6.20912	16.1784	22.3875
spk_ver/v10/v1001	SES148	0.661102	19.7604	19.0993
spk_ver/v10/v1002	SES162	-2.10874	17.3199	19.4287
spk_ver/v10/v1003	SES162	-3.89423	18.2454	22.1396
spk_ver/v10/v1004	SES162	-4.83898	14.1508	18.9898
spk_ver/v10/v1005	SES162	-6.2499	14.8378	21.0877
spk_ver/v10/v1006	SES162	-5.24257	15.8261	21.0687
spk_ver/v10/v1007	SES162	-4.49647	15.1838	19.6803
spk_ver/v10/v1008	SES162	-6.76496	12.5755	19.3404
spk_ver/v10/v1009	SES162	-8.2815	13.8786	22.1601
spk_ver/v10/v1010	SES167	-4.43941	15.2742	19.7136
spk_ver/v10/v1011	SES167	-1.71166	18.2318	19.9435
spk_ver/v10/v1012	SES167	-3.7787	15.4856	19.2643
spk_ver/v10/v1013	SES167	-7.94025	12.5383	20.4785
spk_ver/v10/v1014	SES167	-2.61315	19.9476	22.5608
spk_ver/v10/v1015	SES167	-3.27757	17.8438	21.1214
spk_ver/v10/v1016	SES167	-2.96482	18.8947	21.8596
spk_ver/v10/v1017	SES167	-2.1673	19.7158	21.8831
spk_ver/v10/v1018	SES167	-4.79762	17.5646	22.3623
spk_ver/v10/v1019	SES167	-4.43501	16.7638	21.1988
spk_ver/v10/v1020	SES167	-9.0238	11.0213	20.0451
spk_ver/v10/v1021	SES167	-2.66144	15.5202	18.1817
spk_ver/v10/v1022	SES167	-6.51887	14.0774	20.5963
spk_ver/v10/v1023	SES167	-4.84187	15.0783	19.9202
spk_ver/v10/v1024	SES167	-6.07221	13.4187	19.4909
spk_ver/v10/v1025	SES167	-2.93025	19.2853	22.2156
spk_ver/v10/v1026	SES167	-4.88211	16.6272	21.5093
spk_ver/v10/v1027	SES167	-3.19105	19.2527	22.4437
spk_ver/v10/v1028	SES167	-7.81326	12.9304	20.7437
spk_ver/v10/v1029	SES167	-6.19437	14.8495	21.0439
spk_ver/v10/v1030	SES167	-4.90027	16.6775	21.5777
spk_ver/v10/v1031	SES167	-7.86203	13.7592	21.6212
spk_ver/v10/v1032	SES167	-7.07297	17.143	24.216
spk_ver/v10/v1033	SES167	-8.30847	15.9234	24.2319
spk_ver/v10/v1034	SES002	1.18435	24.8695	23.6852
spk_ver/v10/v1035	SES167	-1.97723	20.4793	22.4565
spk_ver/v10/v1036	SES083	0.790937	23.059	22.2681
spk_ver/v10/v1037	SES167	-3.94877	16.1864	20.1352
spk_ver/v10/v1038	SES167	-3.69512	14.8141	18.5092
spk_ver/v10/v1039	SES167	-3.98231	16.1023	20.0846
spk_ver/v10/v1040	SES167	-7.36061	11.4589	18.8195
spk_ver/v10/v1041	SES167	-2.22448	17.3872	19.6117
spk_ver/v10/v1042	SES087	0.800861	21.512	20.7112
spk_ver/v10/v1043	SES029	1.24207	22.542	21.3
spk_ver/v10/v1044	SES206	0.703751	24.0603	23.3566
spk_ver/v10/v1045	SES172	-4.2604	14.8637	19.1242
spk_ver/v10/v1046	SES172	0.604471	22.841	22.2365
spk_ver/v10/v1047	SES172	-2.31376	18.6564	20.9701
spk_ver/v10/v1048	SES259	2.62578	25.2654	22.6396
spk_ver/v10/v1049	SES172	-6.04719	16.3773	22.4245
spk_ver/v10/v1050	SES120	0.651171	20.6558	20.0046
spk_ver/v10/v1051	SES172	-3.94281	18.338	22.2808
spk_ver/v10/v1052	SES172	-4.49849	16.1718	20.6702
spk_ver/v10/v1053	SES172	-7.81671	13.9409	21.7576
spk_ver/v10/v1054	SES172	-4.84847	14.9571	19.8056
spk_ver/v10/v1055	SES189	1.49312	18.2868	16.7937
spk_ver/v10/v1056	SES172	-4.11301	17.5764	21.6894
spk_ver/v10/v1057	SES172	-3.05566	17.4317	20.4874
spk_ver/v10/v1058	SES172	-3.85855	17.569	21.4276
spk_ver/v10/v1059	SES172	-4.6082	16.7386	21.3468
spk_ver/v10/v1060	SES029	0.035471	22.6664	22.6309
spk_ver/v10/v1061	SES175	-9.01374	13.5784	22.5921
spk_ver/v10/v1062	SES187	0.858852	24.1277	23.2689
spk_ver/v10/v1063	SES019	3.25969	23.1423	19.8826
spk_ver/v10/v1064	SES175	-6.15568	15.6806	21.8363
spk_ver/v10/v1065	SES175	-6.7219	15.0026	21.7245
spk_ver/v10/v1066	SES175	-9.14504	9.48053	18.6256
spk_ver/v10/v1067	SES175	-3.02899	16.8491	19.878
spk_ver/v10/v1068	SES175	-4.67208	13.8951	18.5672
spk_ver/v10/v1069	SES016	2.20254	24.5038	22.3013
spk_ver/v10/v1070	SES175	-4.62815	16.7269	21.355
spk_ver/v10/v1071	SES175	-3.15133	19.5505	22.7019
spk_ver/v10/v1072	SES175	-5.82154	15.2675	21.0891
spk_ver/v10/v1073	SES029	-0.0472145	21.7236	21.7708
spk_ver/v10/v1074	SES175	-4.30979	17.6854	21.9952
spk_ver/v10/v1075	SES175	-2.08219	20.6403	22.7225
spk_ver/v10/v1076	SES175	-1.79825	21.5617	23.36
spk_ver/v10/v1077	SES175	-4.46865	18.6508	23.1194
spk_ver/v10/v1078	SES127	1.00296	24.4361	23.4331
spk_ver/v10/v1079	SES175	-4.66211	19.1675	23.8296
spk_ver/v10/v1080	SES175	-3.57186	16.0619	19.6337
spk_ver/v10/v1081	SES175	-6.09798	14.9178	21.0158
spk_ver/v10/v1082	SES175	-4.39298	19.0905	23.4835
spk_ver/v10/v1083	SES007	0.57288	20.5301	19.9572
spk_ver/v10/v1084	SES068	0.677645	23.7821	23.1044
spk_ver/v10/v1085	SES008	0.133904	23.7433	23.6094
spk_ver/v10/v1086	SES175	-2.13325	20.1397	22.2729
spk_ver/v10/v1087	SES175	-3.74508	17.6702	21.4153
spk_ver/v10/v1088	SES008	1.45622	23.5978	22.1416
spk_ver/v10/v1089	SES177	-3.21569	19.7241	22.9398
spk_ver/v10/v1090	SES177	-5.28714	17.0192	22.3063
spk_ver/v10/v1091	SES177	-5.30365	14.4604	19.764
spk_ver/v10/v1092	SES177	-1.77716	18.8251	20.6023
spk_ver/v10/v1093	SES177	-6.39109	15.6845	22.0756
spk_ver/v10/v1094	SES002	1.48278	24.8099	23.3271
spk_ver/v10/v1095	SES104	1.4441	24.5698	23.1257
spk_ver/v10/v1096	SES177	-2.42973	19.0273	21.457
spk_ver/v10/v1097	SES177	-5.20667	12.7693	17.976
spk_ver/v10/v1098	SES177	-3.73796	18.6485	22.3865
spk_ver/v10/v1099	SES177	-1.8129	18.8801	20.693
spk_ver/v11/v1100	SES177	-5.03789	15.8874	20.9253
spk_ver/v11/v1101	SES085	0.0982132	22.5839	22.4857
spk_ver/v11/v1102	SES187	1.02587	22.5889	21.5631
spk_ver/v11/v1103	SES177	-3.20207	17.659	20.8611
spk_ver/v11/v1104	SES177	0.499428	22.9049	22.4054
spk_ver/v11/v1105	SES177	-1.82769	19.5352	21.3629
spk_ver/v11/v1106	SES177	-4.33902	16.6413	20.9803
spk_ver/v11/v1107	SES177	-1.71757	20.1932	21.9108
spk_ver/v11/v1108	SES177	-1.07736	21.5097	22.5871
spk_ver/v11/v1109	SES125	1.38483	23.0107	21.6259
spk_ver/v11/v1110	SES177	-4.93851	16.7183	21.6568
spk_ver/v11/v1111	SES177	-3.11652	19.2975	22.414
spk_ver/v11/v1112	SES177	-5.06996	16.5399	21.6099
spk_ver/v11/v1113	SES177	-7.28285	15.231	22.5139
spk_ver/v11/v1114	SES177	-2.30759	17.6629	19.9705
spk_ver/v11/v1115	SES177	-4.44592	14.6754	19.1213
spk_ver/v11/v1116	SES085	1.08406	24.9381	23.8541
spk_ver/v11/v1117	SES147	0.943211	20.4383	19.4951
spk_ver/v11/v1118	SES177	-2.15891	18.2078	20.3667
spk_ver/v11/v1119	SES177	-4.66593	14.843	19.5089
spk_ver/v11/v1120	SES180	-8.50797	13.8654	22.3734
spk_ver/v11/v1121	SES189	0.457596	19.5294	19.0718
spk_ver/v11/v1122	SES117	0.729399	18.4245	17.6951
spk_ver/v11/v1123	SES129	2.11949	24.0699	21.9504
spk_ver/v11/v1124	SES180	-3.12511	18.9143	22.0394
spk_ver/v11/v1125	SES180	-1.74473	20.3035	22.0482
spk_ver/v11/v1126	SES180	-2.18891	20.4699	22.6588
spk_ver/v11/v1127	SES180	-4.04282	17.6416	21.6844
spk_ver/v11/v1128	SES016	0.35923	20.7891	20.4298
spk_ver/v11/v1129	SES158	0.436653	21.5726	21.136
spk_ver/v11/v1130	SES180	-4.44043	16.6808	21.1212
spk_ver/v11/v1131	SES180	-6.02102	19.6784	25.6994
spk_ver/v11/v1132	SES180	-2.64671	18.7942	21.4409
spk_ver/v11/v1133	SES180	-5.73496	17.2688	23.0038
spk_ver/v11/v1134	SES180	-3.33063	16.0935	19.4242
spk_ver/v11/v1135	SES180	-2.98491	19.4515	22.4364
spk_ver/v11/v1136	SES180	-7.30064	10.1739	17.4746
spk_ver/v11/v1137	SES148	0.174862	21.2445	21.0697
spk_ver/v11/v1138	SES104	1.84105	27.2008	25.3597
spk_ver/v11/v1139	SES180	-6.72016	11.7345	18.4547
spk_ver/v11/v1140	SES083	0.211355	21.2834	21.072
spk_ver/v11/v1141	SES180	-6.05299	15.6912	21.7442
spk_ver/v11/v1142	SES180	-4.79802	15.2824	20.0804
spk_ver/v11/v1143	SES180	-5.08349	14.6379	19.7214
spk_ver/v11/v1144	SES099	1.58457	23.2618	21.6772
spk_ver/v11/v1145	SES180	-3.13711	18.4679	21.605
spk_ver/v11/v1146	SES183	-4.00435	17.8058	21.8102
spk_ver/v11/v1147	SES183	-2.53548	19.6868	22.2223
spk_ver/v11/v1148	SES183	-6.80952	13.258	20.0675
spk_ver/v11/v1149	SES183	-7.23418	16.3396	23.5737
spk_ver/v11/v1150	SES183	-6.8752	15.991	22.8662
spk_ver/v11/v1151	SES082	0.759604	22.0785	21.3189
spk_ver/v11/v1152	SES183	-3.9418	14.3912	18.333
spk_ver/v11/v1153	SES183	-1.91194	19.4536	21.3655
spk_ver/v11/v1154	SES002	1.24547	25.0444	23.7989
spk_ver/v11/v1155	SES183	-3.71926	16.4944	20.2136
spk_ver/v11/v1156	SES183	-5.99477	13.9692	19.964
spk_ver/v11/v1157	SES183	-4.15657	18.4091	22.5657
spk_ver/v11/v1158	SES183	-1.70839	19.4418	21.1502
spk_ver/v11/v1159	SES183	-3.04644	18.4022	21.4487
spk_ver/v11/v1160	SES183	-7.95436	12.259	20.2134
spk_ver/v11/v1161	SES183	-4.7099	12.2513	16.9612
spk_ver/v11/v1162	SES105	1.52342	22.0539	20.5305
spk_ver/v11/v1163	SES183	-5.97502	16.5086	22.4836
spk_ver/v11/v1164	SES259	2.83236	24.2523	21.42
spk_ver/v11/v1165	SES183	-3.17262	17.8142	20.9868
spk_ver/v11/v1166	SES183	-7.70629	14.8628	22.5691
spk_ver/v11/v1167	SES183	-2.93249	16.6867	19.6192
spk_ver/v11/v1168	SES183	-3.1658	19.7436	22.9094
spk_ver/v11/v1169	SES183	-6.43459	16.0199	22.4545
spk_ver/v11/v1170	SES183	-4.78329	17.8325	22.6157
spk_ver/v11/v1171	SES183	-9.17341	10.807	19.9804
spk_ver/v11/v1172	SES187	-4.22771	16.3159	20.5436
spk_ver/v11/v1173	SES019	3.01623	22.2272	19.211
spk_ver/v11/v1174	SES187	-5.22969	13.7503	18.9799
spk_ver/v11/v1175	SES187	-4.5366	14.0455	18.5821
spk_ver/v11/v1176	SES083	0.465004	23.6139	23.1489
spk_ver/v11/v1177	SES187	-7.13505	13.6726	20.8076
spk_ver/v11/v1178	SES187	-6.30071	14.8672	21.1679
spk_ver/v11/v1179	SES187	-3.99746	16.6853	20.6828
spk_ver/v11/v1180	SES187	-2.15487	17.2478	19.4026
spk_ver/v11/v1181	SES187	-7.17296	16.3791	23.552
spk_ver/v11/v1182	SES187	-2.42247	20.1541	22.5765
spk_ver/v11/v1183	SES187	-4.50895	13.9694	18.4784
spk_ver/v11/v1184	SES187	-0.981087	19.5091	20.4902
spk_ver/v11/v1185	SES127	0.804523	23.2219	22.4174
spk_ver/v11/v1186	SES187	-2.02405	18.8857	20.9098
spk_ver/v11/v1187	SES187	-2.76204	19.5863	22.3484
spk_ver/v11/v1188	SES187	-2.30359	16.7937	19.0973
spk_ver/v11/v1189	SES042	0.843582	23.3594	22.5159
spk_ver/v11/v1190	SES187	-2.5693	18.8657	21.435
spk_ver/v11/v1191	SES187	-6.83985	12.0737	18.9135
spk_ver/v11/v1192	SES187	-5.34814	14.2457	19.5938
spk_ver/v11/v1193	SES183	0.68561	20.7299	20.0443
spk_ver/v11/v1194	SES187	-3.64816	16.1327	19.7808
spk_ver/v11/v1195	SES187	-4.82623	16.2663	21.0925
spk_ver/v11/v1196	SES146	1.22698	19.2667	18.0398
spk_ver/v11/v1197	SES189	-6.6579	16.6019	23.2598
spk_ver/v11/v1198	SES175	0.752981	22.0872	21.3342
spk_ver/v11/v1199	SES189	-6.30586	13.1406	19.4465
spk_ver/v12/v1200	SES189	-2.4669	21.3128	23.7797
spk_ver/v12/v1201	SES177	0.977575	23.772	22.7944
spk_ver/v12/v1202	SES189	-3.40649	16.8656	20.2721
spk_ver/v12/v1203	SES143	0.0289516	20.599	20.57
spk_ver/v12/v1204	SES189	-3.59126	16.8784	20.4697
spk_ver/v12/v1205	SES189	-3.27506	20.0602	23.3352
spk_ver/v12/v1206	SES189	-6.02294	13.2311	19.2541
spk_ver/v12/v1207	SES189	-5.13464	15.3556	20.4902
spk_ver/v12/v1208	SES189	-4.78256	19.3773	24.1599
spk_ver/v12/v1209	SES189	-6.38197	13.2112	19.5932
spk_ver/v12/v1210	SES189	-1.48993	19.5483	21.0382
spk_ver/v12/v1211	SES062	1.71568	24.4897	22.7741
spk_ver/v12/v1212	SES189	-4.15056	17.4211	21.5717
spk_ver/v12/v1213	SES048	1.11854	23.3093	22.1907
spk_ver/v12/v1214	SES042	2.80969	25.813	23.0033
spk_ver/v12/v1215	SES008	2.06222	23.4076	21.3453
spk_ver/v12/v1216	SES202	-7.99909	16.305	24.3041
spk_ver/v12/v1217	SES202	-4.60159	15.0904	19.692
spk_ver/v12/v1218	SES085	0.744747	24.4076	23.6629
spk_ver/v12/v1219	SES202	-4.15338	17.5797	21.7331
spk_ver/v12/v1220	SES202	-3.59801	18.621	22.2191
spk_ver/v12/v1221	SES202	-3.46811	17.0592	20.5273
spk_ver/v12/v1222	SES202	-10.6854	11.048	21.7335
spk_ver/v12/v1223	SES158	0.59852	21.947	21.3485
spk_ver/v12/v1224	SES202	-4.40842	15.9887	20.3971
spk_ver/v12/v1225	SES202	-5.10839	15.7959	20.9043
spk_ver/v12/v1226	SES202	-4.80703	17.2086	22.0156
spk_ver/v12/v1227	SES202	-4.40218	16.8313	21.2335
spk_ver/v12/v1228	SES177	0.453655	21.8447	21.3911
spk_ver/v12/v1229	SES202	-5.34246	16.8305	22.173
spk_ver/v12/v1230	SES202	-3.5431	17.6599	21.203
spk_ver/v12/v1231	SES202	-5.06155	16.487	21.5485
spk_ver/v12/v1232	SES202	-4.93921	13.5338	18.473
spk_ver/v12/v1233	SES206	1.36684	25.0938	23.727
spk_ver/v12/v1234	SES202	-7.87254	11.0191	18.8917
spk_ver/v12/v1235	SES202	-3.74048	18.4787	22.2192
spk_ver/v12/v1236	SES125	1.75791	22.7624	21.0045
spk_ver/v12/v1237	SES127	1.47239	23.3071	21.8347
spk_ver/v12/v1238	SES202	2.71746	22.303	19.5856
spk_ver/v12/v1239	SES167	1.15947	23.114	21.9546
spk_ver/v12/v1240	SES206	-12.4976	6.48564	18.9832
spk_ver/v12/v1241	SES206	-9.95485	10.3459	20.3007
spk_ver/v12/v1242	SES206	-1.81536	21.6635	23.4788
spk_ver/v12/v1243	SES206	-3.84996	17.9167	21.7667
spk_ver/v12/v1244	SES259	2.49018	23.5923	21.1021
spk_ver/v12/v1245	SES206	-5.31636	16.3546	21.671
spk_ver/v12/v1246	SES206	-5.4642	16.8216	22.2858
spk_ver/v12/v1247	SES206	-2.77565	18.9054	21.6811
spk_ver/v12/v1248	SES206	-12.4806	6.77093	19.2515
spk_ver/v12/v1249	SES270	2.58419	22.4432	19.859
spk_ver/v12/v1250	SES206	-7.80623	12.5264	20.3326
spk_ver/v12/v1251	SES206	-4.90374	17.2253	22.129
spk_ver/v12/v1252	SES206	-5.45962	14.87	20.3296
spk_ver/v12/v1253	SES206	-2.64614	20.2728	22.9189
spk_ver/v12/v1254	SES206	-2.81001	17.7886	20.5986
spk_ver/v12/v1255	SES125	2.20081	23.5421	21.3413
spk_ver/v12/v1256	SES206	-9.18603	13.5246	22.7106
spk_ver/v12/v1257	SES206	-7.63734	14.4533	22.0907
spk_ver/v12/v1258	SES206	-2.89447	19.7826	22.677
spk_ver/v12/v1259	SES206	-9.40364	11.7286	21.1323
spk_ver/v12/v1260	SES206	-15.7361	5.18262	20.9187
spk_ver/v12/v1261	SES206	-8.31635	14.1966	22.513
spk_ver/v12/v1262	SES206	-11.1535	9.90504	21.0585
spk_ver/v12/v1263	SES206	-5.9299	15.7193	21.6492
spk_ver/v12/v1264	SES149	1.34092	23.3268	21.9859
spk_ver/v12/v1265	SES206	-2.79193	16.3619	19.1538
spk_ver/v12/v1266	SES206	-11.8889	9.14679	21.0357
spk_ver/v12/v1267	SES206	-3.65239	14.0705	17.7229
spk_ver/v12/v1268	SES206	-5.60673	14.4464	20.0531
spk_ver/v12/v1269	SES206	-23.6946	-4.54135	19.1533
spk_ver/v12/v1270	SES206	-12.4019	4.88474	17.2867
spk_ver/v12/v1271	SES226	-14.0239	5.56007	19.584
spk_ver/v12/v1272	SES226	-2.3548	22.5892	24.944
spk_ver/v12/v1273	SES226	-7.431	15.3898	22.8208
spk_ver/v12/v1274	SES226	-7.23493	13.0351	20.2701
spk_ver/v12/v1275	SES226	-1.95883	17.7784	19.7373
spk_ver/v12/v1276	SES226	-6.94882	13.6609	20.6097
spk_ver/v12/v1277	SES226	-3.05057	19.2878	22.3384
spk_ver/v12/v1278	SES226	-1.55511	19.5641	21.1192
spk_ver/v12/v1279	SES226	-7.3476	15.4734	22.821
spk_ver/v12/v1280	SES226	-4.98092	16.7411	21.722
spk_ver/v12/v1281	SES226	-2.92045	18.8957	21.8162
spk_ver/v12/v1282	SES226	-3.75979	17.1475	20.9073
spk_ver/v12/v1283	SES143	1.04504	21.1505	20.1055
spk_ver/v12/v1284	SES226	-5.96884	17.1444	23.1133
spk_ver/v12/v1285	SES226	-3.60677	19.6644	23.2712
spk_ver/v12/v1286	SES226	-3.35615	16.5277	19.8839
spk_ver/v12/v1287	SES226	-4.96628	16.5068	21.473
spk_ver/v12/v1288	SES226	-7.03816	14.6365	21.6747
spk_ver/v12/v1289	SES104	0.367596	21.7959	21.4284
spk_ver/v12/v1290	SES008	3.03402	22.8443	19.8103
spk_ver/v12/v1291	SES226	-3.01892	18.8143	21.8332
spk_ver/v12/v1292	SES259	-6.45897	14.4874	20.9464
spk_ver/v12/v1293	SES062	1.40074	24.1282	22.7275
spk_ver/v12/v1294	SES099	1.37162	22.0076	20.636
spk_ver/v12/v1295	SES158	0.396292	19.9141	19.5178
spk_ver/v12/v1296	SES259	-6.25547	17.2841	23.5395
spk_ver/v12/v1297	SES259	-7.43545	13.4538	20.8893
spk_ver/v12/v1298	SES259	-4.50757	19.0827	23.5903
spk_ver/v12/v1299	SES259	-6.92411	13.7756	20.6997
spk_ver/v13/v1300	SES120	1.30161	20.8119	19.5103
spk_ver/v13/v1301	SES259	-9.47541	11.7958	21.2712
spk_ver/v13/v1302	SES259	-8.95081	10.3144	19.2652
spk_ver/v13/v1303	SES129	1.13291	22.5555	21.4226
spk_ver/v13/v1304	SES259	-6.02675	14.6996	20.7264
spk_ver/v13/v1305	SES259	-9.66038	10.6268	20.2872
spk_ver/v13/v1306	SES106	0.727613	22.3368	21.6092
spk_ver/v13/v1307	SES259	-8.36039	12.9843	21.3447
spk_ver/v13/v1308	SES259	-4.01495	17.4818	21.4967
spk_ver/v13/v1309	SES259	-8.58803	13.7581	22.3462
spk_ver/v13/v1310	SES259	-7.2574	15.7836	23.041
spk_ver/v13/v1311	SES259	-6.37985	14.9002	21.28
spk_ver/v13/v1312	SES259	-6.0164	17.3688	23.3852
spk_ver/v13/v1313	SES144	0.317989	21.9525	21.6345
spk_ver/v13/v1314	SES259	-7.79323	13.3096	21.1028
spk_ver/v13/v1315	SES162	1.5841	22.2903	20.7062
spk_ver/v13/v1316	SES206	1.05739	24.1652	23.1078
spk_ver/v13/v1317	SES175	0.516464	21.4931	20.9766
spk_ver/v13/v1318	SES259	-11.1825	8.30867	19.4912
spk_ver/v13/v1319	SES259	-9.29494	11.4569	20.7518
spk_ver/v13/v1320	SES270	-1.75918	20.6735	22.4327
spk_ver/v13/v1321	SES101	0.0592098	22.1853	22.1261
spk_ver/v13/v1322	SES177	0.836523	23.9761	23.1396
spk_ver/v13/v1323	SES127	0.880114	24.3765	23.4964
spk_ver/v13/v1324	SES270	-7.47039	13.0858	20.5562
spk_ver/v13/v1325	SES062	0.799938	23.3821	22.5822
spk_ver/v13/v1326	SES270	-0.844807	19.1287	19.9735
spk_ver/v13/v1327	SES120	-0.336676	18.571	18.9077
spk_ver/v13/v1328	SES270	-7.05463	12.5886	19.6433
spk_ver/v13/v1329	SES270	-6.43704	16.7514	23.1885
spk_ver/v13/v1330	SES270	-2.11619	19.0568	21.173
spk_ver/v13/v1331	SES270	-6.13519	17.4577	23.5929
spk_ver/v13/v1332	SES270	-1.79034	22.0285	23.8188
spk_ver/v13/v1333	SES270	-3.09102	18.1871	21.2782
spk_ver/v13/v1334	SES270	-4.3061	17.6826	21.9887
spk_ver/v13/v1335	SES270	-1.02975	20.3503	21.38
spk_ver/v13/v1336	SES270	-2.65896	19.4032	22.0622
spk_ver/v13/v1337	SES016	1.2431	23.1284	21.8853
spk_ver/v13/v1338	SES270	-5.84995	17.8746	23.7246
spk_ver/v13/v1339	SES002	0.441202	23.6232	23.182
spk_ver/v13/v1340	SES105	2.58032	22.1279	19.5476
spk_ver/v13/v1341	SES275	-5.08501	15.2982	20.3832
spk_ver/v13/v1342	SES187	0.322611	21.4152	21.0926
spk_ver/v13/v1343	SES275	-5.85522	14.4507	20.3059
spk_ver/v13/v1344	SES275	-4.95781	15.7209	20.6787
spk_ver/v13/v1345	SES275	-3.42386	17.2712	20.695
spk_ver/v13/v1346	SES275	-7.05347	15.8027	22.8561
spk_ver/v13/v1347	SES275	-5.63823	15.5127	21.151
spk_ver/v13/v1348	SES180	0.391623	22.5408	22.1492
spk_ver/v13/v1349	SES275	-5.72147	12.3017	18.0232
spk_ver/v13/v1350	SES275	-2.5929	19.3898	21.9827
spk_ver/v13/v1351	SES275	-9.87479	7.39803	17.2728
spk_ver/v13/v1352	SES275	-3.404	18.1863	21.5903
spk_ver/v13/v1353	SES275	-2.93185	14.6053	17.5371
spk_ver/v13/v1354	SES189	1.2638	18.5072	17.2434
spk_ver/v13/v1355	SES068	0.0955219	23.1418	23.0463
spk_ver/v13/v1356	SES275	-4.07673	14.4612	18.5379
spk_ver/v13/v1357	SES048	-0.359901	21.2479	21.6078
spk_ver/v13/v1358	SES226	2.1929	26.2518	24.0589
spk_ver/v13/v1359	SES016	1.48314	23.6314	22.1482
spk_ver/v13/v1360	SES275	-5.27935	15.9842	21.2636
spk_ver/v13/v1361	SES068	0.672693	23.5866	22.9139
spk_ver/v13/v1362	SES275	-4.58205	15.9292	20.5112
spk_ver/v13/v1363	SES275	-4.91609	16.5957	21.5118
spk_ver/v13/v1364	SES275	-6.72465	13.6083	20.3329
spk_ver/v13/v1365	SES275	-3.73616	17.879	21.6152
spk_ver/v13/v1366	SES187	0.616009	23.11	22.494
spk_ver/v13/v1367	SES275	-5.1542	14.4498	19.604
spk_ver/v13/v1368	SES125	1.18386	22.6189	21.435
spk_ver/v13/v1369	SES275	-3.40467	13.6464	17.0511
spk_ver/v13/v1370	SES292	-3.79162	17.5377	21.3294
spk_ver/v13/v1371	SES292	-2.83713	18.9438	21.7809
spk_ver/v13/v1372	SES292	-3.23716	16.2923	19.5295
spk_ver/v13/v1373	SES292	-3.17864	17.8967	21.0754
spk_ver/v13/v1374	SES101	1.26294	22.0414	20.7785
spk_ver/v13/v1375	SES292	-4.12348	17.1568	21.2803
spk_ver/v13/v1376	SES292	-3.39732	17.6594	21.0568
spk_ver/v13/v1377	SES292	-6.95543	11.9067	18.8621
spk_ver/v13/v1378	SES292	-2.35044	19.0607	21.4111
spk_ver/v13/v1379	SES292	-2.56317	17.6496	20.2128
spk_ver/v13/v1380	SES292	-3.48222	18.5028	21.9851
spk_ver/v13/v1381	SES292	-2.63727	22.2074	24.8446
spk_ver/v13/v1382	SES292	-5.41733	14.7667	20.184
spk_ver/v13/v1383	SES292	-2.55315	18.0273	20.5805
spk_ver/v13/v1384	SES292	-2.72681	19.0673	21.7941
spk_ver/v13/v1385	SES292	-2.78456	18.9562	21.7408
spk_ver/v13/v1386	SES292	-3.13346	16.8321	19.9655
spk_ver/v13/v1387	SES158	1.54712	19.685	18.1378
spk_ver/v13/v1388	SES292	-2.0724	21.9978	24.0702
spk_ver/v13/v1389	SES292	-2.11264	23.0797	25.1923
spk_ver/v13/v1390	SES292	-3.46667	20.1655	23.6322
spk_ver/v13/v1391	SES292	-4.03265	17.2878	21.3204
spk_ver/v13/v1392	SES292	-3.82822	16.8638	20.6921
spk_ver/v13/v1393	SES292	-3.36512	19.0344	22.3995
spk_ver/v13/v1394	SES292	-5.89835	15.2903	21.1886
spk_ver/v13/v1395	SES292	-2.69077	18.9488	21.6396
spk_ver/v13/v1396	SES117	0.103315	19.1881	19.0848
spk_ver/v13/v1397	SES292	-4.43808	18.625	23.0631
spk_ver/v13/v1398	SES292	-5.14999	14.0883	19.2382
spk_ver/v13/v1399	SES292	-1.65443	19.447	21.1014
