BLOCK00/SES002/SA002S12	SES002	1e+38	-60.2765	-1e+38
BLOCK00/SES002/SA002S13	SES002	1e+38	-60.2704	-1e+38
BLOCK00/SES002/SA002S23	SES002	1e+38	-60.0915	-1e+38
BLOCK00/SES002/SA002S26	SES002	1e+38	-59.2472	-1e+38
BLOCK00/SES002/SA002S28	SES002	1e+38	-61.2488	-1e+38
BLOCK00/SES007/SA007S14	SES007	1e+38	-59.9447	-1e+38
BLOCK00/SES007/SA007S15	SES007	1e+38	-62.0873	-1e+38
BLOCK00/SES007/SA007S24	SES007	1e+38	-62.0552	-1e+38
BLOCK00/SES007/SA007S27	SES007	1e+38	-62.604	-1e+38
BLOCK00/SES007/SA007S29	SES007	1e+38	-61.52	-1e+38
BLOCK00/SES008/SA008S11	SES008	1e+38	-62.2306	-1e+38
BLOCK00/SES008/SA008S12	SES008	1e+38	-62.4555	-1e+38
BLOCK00/SES008/SA008S19	SES008	1e+38	-60.6492	-1e+38
BLOCK00/SES008/SA008S22	SES008	1e+38	-62.1567	-1e+38
BLOCK00/SES008/SA008S29	SES008	1e+38	-61.3307	-1e+38
BLOCK01/SES014/SA014S10	SES014	1e+38	-61.1205	-1e+38
BLOCK01/SES014/SA014S12	SES014	1e+38	-57.7173	-1e+38
BLOCK01/SES014/SA014S24	SES014	1e+38	-60.503	-1e+38
BLOCK01/SES014/SA014S26	SES014	1e+38	-57.4281	-1e+38
BLOCK01/SES014/SA014S28	SES014	1e+38	-57.9725	-1e+38
BLOCK01/SES016/SA016S12	SES016	1e+38	-64.6443	-1e+38
BLOCK01/SES016/SA016S13	SES016	1e+38	-62.5501	-1e+38
BLOCK01/SES016/SA016S22	SES016	1e+38	-63.3159	-1e+38
BLOCK01/SES016/SA016S25	SES016	1e+38	-60.0749	-1e+38
BLOCK01/SES016/SA016S27	SES016	1e+38	-60.3661	-1e+38
BLOCK01/SES019/SA019S13	SES019	1e+38	-61.0653	-1e+38
BLOCK01/SES019/SA019S14	SES019	1e+38	-61.2057	-1e+38
BLOCK01/SES019/SA019S22	SES019	1e+38	-60.9121	-1e+38
BLOCK01/SES019/SA019S25	SES019	1e+38	-60.8168	-1e+38
BLOCK01/SES019/SA019S29	SES019	1e+38	-60.2923	-1e+38
BLOCK02/SES029/SA029S11	SES029	1e+38	-61.9114	-1e+38
BLOCK02/SES029/SA029S12	SES029	1e+38	-62.425	-1e+38
BLOCK02/SES029/SA029S20	SES029	1e+38	-63.086	-1e+38
BLOCK02/SES029/SA029S25	SES029	1e+38	-61.4014	-1e+38
BLOCK02/SES029/SA029S28	SES029	1e+38	-62.1791	-1e+38
BLOCK04/SES042/SA042S12	SES042	1e+38	-58.7826	-1e+38
BLOCK04/SES042/SA042S15	SES042	1e+38	-60.2427	-1e+38
BLOCK04/SES042/SA042S22	SES042	1e+38	-56.9465	-1e+38
BLOCK04/SES042/SA042S25	SES042	1e+38	-60.4313	-1e+38
BLOCK04/SES042/SA042S27	SES042	1e+38	-58.6841	-1e+38
BLOCK04/SES048/SA048S11	SES048	1e+38	-61.1395	-1e+38
BLOCK04/SES048/SA048S12	SES048	1e+38	-61.4912	-1e+38
BLOCK04/SES048/SA048S20	SES048	1e+38	-60.9801	-1e+38
BLOCK04/SES048/SA048S23	SES048	1e+38	-61.8058	-1e+38
BLOCK04/SES048/SA048S27	SES048	1e+38	-60.1128	-1e+38
BLOCK06/SES060/SA060S11	SES060	1e+38	-61.5112	-1e+38
BLOCK06/SES060/SA060S12	SES060	1e+38	-64.3924	-1e+38
BLOCK06/SES060/SA060S22	SES060	1e+38	-65.0523	-1e+38
BLOCK06/SES060/SA060S24	SES060	1e+38	-61.7956	-1e+38
BLOCK06/SES060/SA060S28	SES060	1e+38	-59.0181	-1e+38
BLOCK06/SES062/SA062S10	SES062	1e+38	-60.985	-1e+38
BLOCK06/SES062/SA062S11	SES062	1e+38	-61.4207	-1e+38
BLOCK06/SES062/SA062S21	SES062	1e+38	-58.0941	-1e+38
BLOCK06/SES062/SA062S26	SES062	1e+38	-60.9497	-1e+38
BLOCK06/SES062/SA062S29	SES062	1e+38	-59.374	-1e+38
BLOCK06/SES068/SA068S14	SES068	1e+38	-61.8038	-1e+38
BLOCK06/SES068/SA068S15	SES068	1e+38	-60.385	-1e+38
BLOCK06/SES068/SA068S23	SES068	1e+38	-62.6616	-1e+38
BLOCK06/SES068/SA068S27	SES068	1e+38	-60.4017	-1e+38
BLOCK06/SES068/SA068S29	SES068	1e+38	-61.6915	-1e+38
BLOCK08/SES082/SA082S12	SES082	1e+38	-62.626	-1e+38
BLOCK08/SES082/SA082S14	SES082	1e+38	-63.0352	-1e+38
BLOCK08/SES082/SA082S21	SES082	1e+38	-62.3081	-1e+38
BLOCK08/SES082/SA082S24	SES082	1e+38	-61.1361	-1e+38
BLOCK08/SES082/SA082S28	SES082	1e+38	-62.4084	-1e+38
BLOCK08/SES083/SA083S14	SES083	1e+38	-62.6234	-1e+38
BLOCK08/SES083/SA083S15	SES083	1e+38	-62.2891	-1e+38
BLOCK08/SES083/SA083S24	SES083	1e+38	-62.4832	-1e+38
BLOCK08/SES083/SA083S26	SES083	1e+38	-62.2763	-1e+38
BLOCK08/SES083/SA083S29	SES083	1e+38	-62.4334	-1e+38
BLOCK08/SES085/SA085S10	SES085	1e+38	-62.1002	-1e+38
BLOCK08/SES085/SA085S13	SES085	1e+38	-62.5512	-1e+38
BLOCK08/SES085/SA085S22	SES085	1e+38	-67.1666	-1e+38
BLOCK08/SES085/SA085S26	SES085	1e+38	-62.7479	-1e+38
BLOCK08/SES085/SA085S28	SES085	1e+38	-61.8837	-1e+38
BLOCK08/SES087/SA087S15	SES087	1e+38	-60.8824	-1e+38
BLOCK08/SES087/SA087S16	SES087	1e+38	-60.4976	-1e+38
BLOCK08/SES087/SA087S24	SES087	1e+38	-60.3363	-1e+38
BLOCK08/SES087/SA087S26	SES087	1e+38	-59.5963	-1e+38
BLOCK08/SES087/SA087S29	SES087	1e+38	-60.9086	-1e+38
BLOCK09/SES099/SA099S15	SES099	1e+38	-61.3732	-1e+38
BLOCK09/SES099/SA099S16	SES099	1e+38	-61.1073	-1e+38
BLOCK09/SES099/SA099S24	SES099	1e+38	-60.4012	-1e+38
BLOCK09/SES099/SA099S26	SES099	1e+38	-60.5616	-1e+38
BLOCK09/SES099/SA099S29	SES099	1e+38	-60.2121	-1e+38
BLOCK10/SES101/SA101S11	SES101	1e+38	-62.402	-1e+38
BLOCK10/SES101/SA101S13	SES101	1e+38	-60.3144	-1e+38
BLOCK10/SES101/SA101S22	SES101	1e+38	-62.2943	-1e+38
BLOCK10/SES101/SA101S24	SES101	1e+38	-61.9005	-1e+38
BLOCK10/SES101/SA101S28	SES101	1e+38	-63.8503	-1e+38
BLOCK10/SES104/SA104S11	SES104	1e+38	-60.2358	-1e+38
BLOCK10/SES104/SA104S12	SES104	1e+38	-60.3477	-1e+38
BLOCK10/SES104/SA104S21	SES104	1e+38	-61.2958	-1e+38
BLOCK10/SES104/SA104S24	SES104	1e+38	-61.3978	-1e+38
BLOCK10/SES104/SA104S28	SES104	1e+38	-60.8273	-1e+38
BLOCK10/SES105/SA105S12	SES105	1e+38	-62.9946	-1e+38
BLOCK10/SES105/SA105S13	SES105	1e+38	-62.4955	-1e+38
BLOCK10/SES105/SA105S22	SES105	1e+38	-63.7348	-1e+38
BLOCK10/SES105/SA105S26	SES105	1e+38	-62.3576	-1e+38
BLOCK10/SES105/SA105S29	SES105	1e+38	-62.4555	-1e+38
BLOCK10/SES106/SA106S09	SES106	1e+38	-62.5707	-1e+38
BLOCK10/SES106/SA106S11	SES106	1e+38	-60.2214	-1e+38
BLOCK10/SES106/SA106S22	SES106	1e+38	-60.4949	-1e+38
BLOCK10/SES106/SA106S27	SES106	1e+38	-61.8544	-1e+38
BLOCK10/SES106/SA106S29	SES106	1e+38	-61.2504	-1e+38
BLOCK11/SES117/SA117S12	SES117	1e+38	-63.8802	-1e+38
BLOCK11/SES117/SA117S13	SES117	1e+38	-62.3345	-1e+38
BLOCK11/SES117/SA117S23	SES117	1e+38	-64.5092	-1e+38
BLOCK11/SES117/SA117S25	SES117	1e+38	-63.2707	-1e+38
BLOCK11/SES117/SA117S28	SES117	1e+38	-64.2417	-1e+38
BLOCK12/SES120/SA120S08	SES120	1e+38	-63.6634	-1e+38
BLOCK12/SES120/SA120S11	SES120	1e+38	-65.3261	-1e+38
BLOCK12/SES120/SA120S22	SES120	1e+38	-62.7965	-1e+38
BLOCK12/SES120/SA120S24	SES120	1e+38	-63.124	-1e+38
BLOCK12/SES120/SA120S28	SES120	1e+38	-64.5436	-1e+38
BLOCK12/SES125/SA125S13	SES125	1e+38	-59.7799	-1e+38
BLOCK12/SES125/SA125S14	SES125	1e+38	-61.1776	-1e+38
BLOCK12/SES125/SA125S25	SES125	1e+38	-59.9448	-1e+38
BLOCK12/SES125/SA125S27	SES125	1e+38	-59.2853	-1e+38
BLOCK12/SES125/SA125S29	SES125	1e+38	-60.1071	-1e+38
BLOCK12/SES127/SA127S11	SES127	1e+38	-62.336	-1e+38
BLOCK12/SES127/SA127S12	SES127	1e+38	-62.8876	-1e+38
BLOCK12/SES127/SA127S23	SES127	1e+38	-62.3045	-1e+38
BLOCK12/SES127/SA127S25	SES127	1e+38	-63.3195	-1e+38
BLOCK12/SES127/SA127S27	SES127	1e+38	-61.7397	-1e+38
BLOCK12/SES129/SA129S11	SES129	1e+38	-61.0955	-1e+38
BLOCK12/SES129/SA129S12	SES129	1e+38	-61.1026	-1e+38
BLOCK12/SES129/SA129S22	SES129	1e+38	-61.6876	-1e+38
BLOCK12/SES129/SA129S27	SES129	1e+38	-60.3684	-1e+38
BLOCK12/SES129/SA129S29	SES129	1e+38	-60.4369	-1e+38
BLOCK14/SES142/SA142S11	SES142	1e+38	-62.0884	-1e+38
BLOCK14/SES142/SA142S12	SES142	1e+38	-64.2924	-1e+38
BLOCK14/SES142/SA142S24	SES142	1e+38	-61.6834	-1e+38
BLOCK14/SES142/SA142S27	SES142	1e+38	-61.5824	-1e+38
BLOCK14/SES142/SA142S29	SES142	1e+38	-60.6835	-1e+38
BLOCK14/SES143/SA143S12	SES143	1e+38	-62.8449	-1e+38
BLOCK14/SES143/SA143S13	SES143	1e+38	-63.1636	-1e+38
BLOCK14/SES143/SA143S23	SES143	1e+38	-62.9956	-1e+38
BLOCK14/SES143/SA143S25	SES143	1e+38	-62.3116	-1e+38
BLOCK14/SES143/SA143S28	SES143	1e+38	-62.1339	-1e+38
BLOCK14/SES144/SA144S09	SES144	1e+38	-62.5215	-1e+38
BLOCK14/SES144/SA144S11	SES144	1e+38	-63.1426	-1e+38
BLOCK14/SES144/SA144S21	SES144	1e+38	-62.9064	-1e+38
BLOCK14/SES144/SA144S25	SES144	1e+38	-63.2419	-1e+38
BLOCK14/SES144/SA144S29	SES144	1e+38	-63.0123	-1e+38
BLOCK14/SES146/SA146S14	SES146	1e+38	-62.8356	-1e+38
BLOCK14/SES146/SA146S15	SES146	1e+38	-63.1751	-1e+38
BLOCK14/SES146/SA146S24	SES146	1e+38	-63.2978	-1e+38
BLOCK14/SES146/SA146S26	SES146	1e+38	-63.3179	-1e+38
BLOCK14/SES146/SA146S29	SES146	1e+38	-63.6304	-1e+38
BLOCK14/SES147/SA147S11	SES147	1e+38	-62.9977	-1e+38
BLOCK14/SES147/SA147S13	SES147	1e+38	-61.4708	-1e+38
BLOCK14/SES147/SA147S23	SES147	1e+38	-62.9476	-1e+38
BLOCK14/SES147/SA147S26	SES147	1e+38	-62.9156	-1e+38
BLOCK14/SES147/SA147S28	SES147	1e+38	-62.1984	-1e+38
BLOCK14/SES148/SA148S10	SES148	1e+38	-61.9048	-1e+38
BLOCK14/SES148/SA148S12	SES148	1e+38	-63.4174	-1e+38
BLOCK14/SES148/SA148S22	SES148	1e+38	-60.6131	-1e+38
BLOCK14/SES148/SA148S26	SES148	1e+38	-61.6192	-1e+38
BLOCK14/SES148/SA148S29	SES148	1e+38	-62.7718	-1e+38
BLOCK14/SES149/SA149S13	SES149	1e+38	-62.5439	-1e+38
BLOCK14/SES149/SA149S14	SES149	1e+38	-61.8589	-1e+38
BLOCK14/SES149/SA149S24	SES149	1e+38	-61.1616	-1e+38
BLOCK14/SES149/SA149S26	SES149	1e+38	-60.28	-1e+38
BLOCK14/SES149/SA149S28	SES149	1e+38	-59.4012	-1e+38
BLOCK15/SES158/SA158S13	SES158	1e+38	-62.1457	-1e+38
BLOCK15/SES158/SA158S14	SES158	1e+38	-61.5604	-1e+38
BLOCK15/SES158/SA158S23	SES158	1e+38	-61.771	-1e+38
BLOCK15/SES158/SA158S26	SES158	1e+38	-61.1305	-1e+38
BLOCK15/SES158/SA158S28	SES158	1e+38	-62.2438	-1e+38
BLOCK16/SES162/SA162S10	SES162	1e+38	-63.3423	-1e+38
BLOCK16/SES162/SA162S11	SES162	1e+38	-62.0497	-1e+38
BLOCK16/SES162/SA162S21	SES162	1e+38	-61.7957	-1e+38
BLOCK16/SES162/SA162S24	SES162	1e+38	-62.1137	-1e+38
BLOCK16/SES162/SA162S27	SES162	1e+38	-62.5625	-1e+38
BLOCK16/SES167/SA167S14	SES167	1e+38	-61.4235	-1e+38
BLOCK16/SES167/SA167S15	SES167	1e+38	-61.8807	-1e+38
BLOCK16/SES167/SA167S21	SES167	1e+38	-61.4402	-1e+38
BLOCK16/SES167/SA167S25	SES167	1e+38	-61.9607	-1e+38
BLOCK16/SES167/SA167S29	SES167	1e+38	-60.257	-1e+38
BLOCK17/SES172/SA172S12	SES172	1e+38	-61.5068	-1e+38
BLOCK17/SES172/SA172S13	SES172	1e+38	-62.2142	-1e+38
BLOCK17/SES172/SA172S23	SES172	1e+38	-61.1621	-1e+38
BLOCK17/SES172/SA172S27	SES172	1e+38	-62.042	-1e+38
BLOCK17/SES172/SA172S29	SES172	1e+38	-61.1907	-1e+38
BLOCK17/SES175/SA175S11	SES175	1e+38	-61.9371	-1e+38
BLOCK17/SES175/SA175S13	SES175	1e+38	-61.7498	-1e+38
BLOCK17/SES175/SA175S23	SES175	1e+38	-61.6346	-1e+38
BLOCK17/SES175/SA175S25	SES175	1e+38	-64.1265	-1e+38
BLOCK17/SES175/SA175S28	SES175	1e+38	-61.486	-1e+38
BLOCK17/SES177/SA177S15	SES177	1e+38	-62.9187	-1e+38
BLOCK17/SES177/SA177S17	SES177	1e+38	-62.6569	-1e+38
BLOCK17/SES177/SA177S23	SES177	1e+38	-63.1836	-1e+38
BLOCK17/SES177/SA177S26	SES177	1e+38	-60.7033	-1e+38
BLOCK17/SES177/SA177S28	SES177	1e+38	-60.9315	-1e+38
BLOCK18/SES180/SA180S13	SES180	1e+38	-62.7584	-1e+38
BLOCK18/SES180/SA180S15	SES180	1e+38	-63.231	-1e+38
BLOCK18/SES180/SA180S24	SES180	1e+38	-61.2068	-1e+38
BLOCK18/SES180/SA180S26	SES180	1e+38	-61.8331	-1e+38
BLOCK18/SES180/SA180S29	SES180	1e+38	-63.0167	-1e+38
BLOCK18/SES183/SA183S13	SES183	1e+38	-63.0815	-1e+38
BLOCK18/SES183/SA183S14	SES183	1e+38	-63.471	-1e+38
BLOCK18/SES183/SA183S24	SES183	1e+38	-63.6896	-1e+38
BLOCK18/SES183/SA183S27	SES183	1e+38	-62.6075	-1e+38
BLOCK18/SES183/SA183S29	SES183	1e+38	-62.335	-1e+38
BLOCK18/SES187/SA187S13	SES187	1e+38	-62.7237	-1e+38
BLOCK18/SES187/SA187S14	SES187	1e+38	-63.4316	-1e+38
BLOCK18/SES187/SA187S24	SES187	1e+38	-62.4146	-1e+38
BLOCK18/SES187/SA187S27	SES187	1e+38	-62.1812	-1e+38
BLOCK18/SES187/SA187S29	SES187	1e+38	-63.1005	-1e+38
BLOCK18/SES189/SA189S10	SES189	1e+38	-64.2736	-1e+38
BLOCK18/SES189/SA189S13	SES189	1e+38	-64.5827	-1e+38
BLOCK18/SES189/SA189S24	SES189	1e+38	-63.8761	-1e+38
BLOCK18/SES189/SA189S26	SES189	1e+38	-63.536	-1e+38
BLOCK18/SES189/SA189S29	SES189	1e+38	-62.8492	-1e+38
BLOCK20/SES202/SA202S12	SES202	1e+38	-63.9216	-1e+38
BLOCK20/SES202/SA202S14	SES202	1e+38	-60.7433	-1e+38
BLOCK20/SES202/SA202S24	SES202	1e+38	-61.764	-1e+38
BLOCK20/SES202/SA202S27	SES202	1e+38	-60.3599	-1e+38
BLOCK20/SES202/SA202S29	SES202	1e+38	-60.3824	-1e+38
BLOCK20/SES206/SA206S15	SES206	1e+38	-61.4288	-1e+38
BLOCK20/SES206/SA206S17	SES206	1e+38	-59.0977	-1e+38
BLOCK20/SES206/SA206S24	SES206	1e+38	-59.729	-1e+38
BLOCK20/SES206/SA206S27	SES206	1e+38	-59.9458	-1e+38
BLOCK20/SES206/SA206S29	SES206	1e+38	-58.9541	-1e+38
BLOCK22/SES226/SA226S12	SES226	1e+38	-61.2808	-1e+38
BLOCK22/SES226/SA226S13	SES226	1e+38	-62.9579	-1e+38
BLOCK22/SES226/SA226S20	SES226	1e+38	-61.5652	-1e+38
BLOCK22/SES226/SA226S23	SES226	1e+38	-61.1493	-1e+38
BLOCK22/SES226/SA226S28	SES226	1e+38	-60.8915	-1e+38
BLOCK25/SES259/SA259S13	SES259	1e+38	-59.1569	-1e+38
BLOCK25/SES259/SA259S14	SES259	1e+38	-60.3745	-1e+38
BLOCK25/SES259/SA259S22	SES259	1e+38	-60.4049	-1e+38
BLOCK25/SES259/SA259S24	SES259	1e+38	-59.1326	-1e+38
BLOCK25/SES259/SA259S28	SES259	1e+38	-59.9897	-1e+38
BLOCK27/SES270/SA270S14	SES270	1e+38	-61.5637	-1e+38
BLOCK27/SES270/SA270S16	SES270	1e+38	-62.1693	-1e+38
BLOCK27/SES270/SA270S22	SES270	1e+38	-60.6021	-1e+38
BLOCK27/SES270/SA270S26	SES270	1e+38	-62.1308	-1e+38
BLOCK27/SES270/SA270S28	SES270	1e+38	-61.0709	-1e+38
BLOCK27/SES275/SA275S17	SES275	1e+38	-62.7412	-1e+38
BLOCK27/SES275/SA275S18	SES275	1e+38	-62.7181	-1e+38
BLOCK27/SES275/SA275S24	SES275	1e+38	-63.7267	-1e+38
BLOCK27/SES275/SA275S26	SES275	1e+38	-61.9193	-1e+38
BLOCK27/SES275/SA275S28	SES275	1e+38	-62.4865	-1e+38
BLOCK29/SES292/SA292S10	SES292	1e+38	-62.9212	-1e+38
BLOCK29/SES292/SA292S12	SES292	1e+38	-63.5137	-1e+38
BLOCK29/SES292/SA292S22	SES292	1e+38	-62.0186	-1e+38
BLOCK29/SES292/SA292S24	SES292	1e+38	-62.5867	-1e+38
BLOCK29/SES292/SA292S27	SES292	1e+38	-61.98	-1e+38
BLOCK00/SES001/SA001S14	SES062	1e+38	-66.0623	-1e+38
BLOCK00/SES001/SA001S14	SES082	1e+38	-67.7481	-1e+38
BLOCK00/SES001/SA001S14	SES106	1e+38	-67.999	-1e+38
BLOCK00/SES001/SA001S14	SES206	1e+38	-69.4363	-1e+38
BLOCK00/SES001/SA001S15	SES062	1e+38	-64.9604	-1e+38
BLOCK00/SES001/SA001S15	SES104	1e+38	-66.7646	-1e+38
BLOCK00/SES001/SA001S15	SES106	1e+38	-66.445	-1e+38
BLOCK00/SES001/SA001S15	SES206	1e+38	-67.6933	-1e+38
BLOCK00/SES001/SA001S24	SES062	1e+38	-68.2899	-1e+38
BLOCK00/SES001/SA001S24	SES082	1e+38	-68.2665	-1e+38
BLOCK00/SES001/SA001S24	SES087	1e+38	-69.5519	-1e+38
BLOCK00/SES001/SA001S24	SES206	1e+38	-68.2968	-1e+38
BLOCK00/SES001/SA001S27	SES062	1e+38	-64.5397	-1e+38
BLOCK00/SES001/SA001S27	SES082	1e+38	-66.4719	-1e+38
BLOCK00/SES001/SA001S27	SES087	1e+38	-67.4755	-1e+38
BLOCK00/SES001/SA001S27	SES206	1e+38	-66.4981	-1e+38
BLOCK00/SES001/SA001S29	SES062	1e+38	-67.1667	-1e+38
BLOCK00/SES001/SA001S29	SES082	1e+38	-67.3077	-1e+38
BLOCK00/SES001/SA001S29	SES158	1e+38	-67.0661	-1e+38
BLOCK00/SES001/SA001S29	SES206	1e+38	-69.7942	-1e+38
BLOCK00/SES003/SA003S11	SES002	1e+38	-65.1655	-1e+38
BLOCK00/SES003/SA003S11	SES019	1e+38	-65.0544	-1e+38
BLOCK00/SES003/SA003S11	SES082	1e+38	-63.4785	-1e+38
BLOCK00/SES003/SA003S11	SES125	1e+38	-64.6495	-1e+38
BLOCK00/SES003/SA003S15	SES016	1e+38	-67.0815	-1e+38
BLOCK00/SES003/SA003S15	SES019	1e+38	-64.6254	-1e+38
BLOCK00/SES003/SA003S15	SES062	1e+38	-65.5301	-1e+38
BLOCK00/SES003/SA003S15	SES206	1e+38	-64.5144	-1e+38
BLOCK00/SES003/SA003S22	SES002	1e+38	-66.688	-1e+38
BLOCK00/SES003/SA003S22	SES062	1e+38	-65.6235	-1e+38
BLOCK00/SES003/SA003S22	SES082	1e+38	-64.0355	-1e+38
BLOCK00/SES003/SA003S22	SES087	1e+38	-65.574	-1e+38
BLOCK00/SES003/SA003S25	SES062	1e+38	-67.7399	-1e+38
BLOCK00/SES003/SA003S25	SES082	1e+38	-64.7153	-1e+38
BLOCK00/SES003/SA003S25	SES087	1e+38	-66.3249	-1e+38
BLOCK00/SES003/SA003S25	SES206	1e+38	-66.5622	-1e+38
BLOCK00/SES003/SA003S29	SES002	1e+38	-67.1736	-1e+38
BLOCK00/SES003/SA003S29	SES062	1e+38	-66.4791	-1e+38
BLOCK00/SES003/SA003S29	SES082	1e+38	-64.5722	-1e+38
BLOCK00/SES003/SA003S29	SES087	1e+38	-66.3693	-1e+38
BLOCK00/SES004/SA004S12	SES083	1e+38	-67.0083	-1e+38
BLOCK00/SES004/SA004S12	SES148	1e+38	-66.5676	-1e+38
BLOCK00/SES004/SA004S12	SES172	1e+38	-66.9106	-1e+38
BLOCK00/SES004/SA004S12	SES292	1e+38	-66.5414	-1e+38
BLOCK00/SES004/SA004S17	SES083	1e+38	-66.9486	-1e+38
BLOCK00/SES004/SA004S17	SES162	1e+38	-66.5148	-1e+38
BLOCK00/SES004/SA004S17	SES172	1e+38	-67.0134	-1e+38
BLOCK00/SES004/SA004S17	SES292	1e+38	-66.7769	-1e+38
BLOCK00/SES004/SA004S24	SES083	1e+38	-65.9542	-1e+38
BLOCK00/SES004/SA004S24	SES148	1e+38	-66.1795	-1e+38
BLOCK00/SES004/SA004S24	SES172	1e+38	-65.937	-1e+38
BLOCK00/SES004/SA004S24	SES292	1e+38	-65.6889	-1e+38
BLOCK00/SES004/SA004S26	SES083	1e+38	-64.9853	-1e+38
BLOCK00/SES004/SA004S26	SES127	1e+38	-65.8033	-1e+38
BLOCK00/SES004/SA004S26	SES148	1e+38	-66.6494	-1e+38
BLOCK00/SES004/SA004S26	SES292	1e+38	-65.7903	-1e+38
BLOCK00/SES004/SA004S28	SES083	1e+38	-65.6308	-1e+38
BLOCK00/SES004/SA004S28	SES127	1e+38	-65.242	-1e+38
BLOCK00/SES004/SA004S28	SES187	1e+38	-65.2279	-1e+38
BLOCK00/SES004/SA004S28	SES292	1e+38	-66.4631	-1e+38
BLOCK00/SES006/SA006S10	SES014	1e+38	-68.8928	-1e+38
BLOCK00/SES006/SA006S10	SES158	1e+38	-66.5249	-1e+38
BLOCK00/SES006/SA006S10	SES226	1e+38	-69.1485	-1e+38
BLOCK00/SES006/SA006S10	SES270	1e+38	-66.2362	-1e+38
BLOCK00/SES006/SA006S11	SES158	1e+38	-66.3487	-1e+38
BLOCK00/SES006/SA006S11	SES226	1e+38	-68.269	-1e+38
BLOCK00/SES006/SA006S11	SES270	1e+38	-66.3664	-1e+38
BLOCK00/SES006/SA006S11	SES275	1e+38	-69.3564	-1e+38
BLOCK00/SES006/SA006S23	SES062	1e+38	-66.4986	-1e+38
BLOCK00/SES006/SA006S23	SES105	1e+38	-66.678	-1e+38
BLOCK00/SES006/SA006S23	SES158	1e+38	-64.8364	-1e+38
BLOCK00/SES006/SA006S23	SES275	1e+38	-66.6511	-1e+38
BLOCK00/SES006/SA006S26	SES104	1e+38	-66.5452	-1e+38
BLOCK00/SES006/SA006S26	SES158	1e+38	-64.8124	-1e+38
BLOCK00/SES006/SA006S26	SES270	1e+38	-64.3402	-1e+38
BLOCK00/SES006/SA006S26	SES275	1e+38	-67.7054	-1e+38
BLOCK00/SES006/SA006S28	SES007	1e+38	-68.225	-1e+38
BLOCK00/SES006/SA006S28	SES105	1e+38	-68.1927	-1e+38
BLOCK00/SES006/SA006S28	SES158	1e+38	-66.535	-1e+38
BLOCK00/SES006/SA006S28	SES275	1e+38	-68.862	-1e+38
BLOCK00/SES009/SA009S12	SES083	1e+38	-65.2148	-1e+38
BLOCK00/SES009/SA009S12	SES148	1e+38	-64.9011	-1e+38
BLOCK00/SES009/SA009S12	SES177	1e+38	-65.9375	-1e+38
BLOCK00/SES009/SA009S12	SES292	1e+38	-63.6415	-1e+38
BLOCK00/SES009/SA009S15	SES007	1e+38	-61.5705	-1e+38
BLOCK00/SES009/SA009S15	SES099	1e+38	-72.3835	-1e+38
BLOCK00/SES009/SA009S15	SES148	1e+38	-64.5929	-1e+38
BLOCK00/SES009/SA009S15	SES172	1e+38	-64.0676	-1e+38
BLOCK00/SES009/SA009S24	SES146	1e+38	-63.5724	-1e+38
BLOCK00/SES009/SA009S24	SES148	1e+38	-64.3965	-1e+38
BLOCK00/SES009/SA009S24	SES177	1e+38	-64.8438	-1e+38
BLOCK00/SES009/SA009S24	SES292	1e+38	-63.5703	-1e+38
BLOCK00/SES009/SA009S26	SES083	1e+38	-65.3472	-1e+38
BLOCK00/SES009/SA009S26	SES101	1e+38	-65.4439	-1e+38
BLOCK00/SES009/SA009S26	SES120	1e+38	-65.073	-1e+38
BLOCK00/SES009/SA009S26	SES177	1e+38	-66.1069	-1e+38
BLOCK00/SES009/SA009S29	SES083	1e+38	-64.5615	-1e+38
BLOCK00/SES009/SA009S29	SES101	1e+38	-64.101	-1e+38
BLOCK00/SES009/SA009S29	SES177	1e+38	-64.8513	-1e+38
BLOCK00/SES009/SA009S29	SES292	1e+38	-63.6013	-1e+38
BLOCK01/SES011/SA011S10	SES019	1e+38	-64.4363	-1e+38
BLOCK01/SES011/SA011S10	SES042	1e+38	-63.8093	-1e+38
BLOCK01/SES011/SA011S10	SES082	1e+38	-64.9036	-1e+38
BLOCK01/SES011/SA011S10	SES206	1e+38	-63.7971	-1e+38
BLOCK01/SES011/SA011S11	SES019	1e+38	-65.3592	-1e+38
BLOCK01/SES011/SA011S11	SES042	1e+38	-65.0289	-1e+38
BLOCK01/SES011/SA011S11	SES082	1e+38	-65.9056	-1e+38
BLOCK01/SES011/SA011S11	SES206	1e+38	-64.4309	-1e+38
BLOCK01/SES011/SA011S22	SES019	1e+38	-64.8784	-1e+38
BLOCK01/SES011/SA011S22	SES042	1e+38	-64.8082	-1e+38
BLOCK01/SES011/SA011S22	SES082	1e+38	-64.9288	-1e+38
BLOCK01/SES011/SA011S22	SES206	1e+38	-65.3019	-1e+38
BLOCK01/SES011/SA011S24	SES019	1e+38	-63.9797	-1e+38
BLOCK01/SES011/SA011S24	SES042	1e+38	-63.274	-1e+38
BLOCK01/SES011/SA011S24	SES104	1e+38	-64.0384	-1e+38
BLOCK01/SES011/SA011S24	SES206	1e+38	-63.205	-1e+38
BLOCK01/SES011/SA011S27	SES082	1e+38	-62.7526	-1e+38
BLOCK01/SES011/SA011S27	SES087	1e+38	-64.3369	-1e+38
BLOCK01/SES011/SA011S27	SES125	1e+38	-63.4969	-1e+38
BLOCK01/SES011/SA011S27	SES206	1e+38	-63.444	-1e+38
BLOCK01/SES012/SA012S11	SES007	1e+38	-63.8832	-1e+38
BLOCK01/SES012/SA012S11	SES082	1e+38	-62.4116	-1e+38
BLOCK01/SES012/SA012S11	SES083	1e+38	-64.7633	-1e+38
BLOCK01/SES012/SA012S11	SES206	1e+38	-61.7486	-1e+38
BLOCK01/SES012/SA012S14	SES082	1e+38	-63.6183	-1e+38
BLOCK01/SES012/SA012S14	SES087	1e+38	-64.4296	-1e+38
BLOCK01/SES012/SA012S14	SES206	1e+38	-62.9641	-1e+38
BLOCK01/SES012/SA012S14	SES292	1e+38	-66.1673	-1e+38
BLOCK01/SES012/SA012S24	SES082	1e+38	-62.814	-1e+38
BLOCK01/SES012/SA012S24	SES087	1e+38	-64.4632	-1e+38
BLOCK01/SES012/SA012S24	SES120	1e+38	-67.1721	-1e+38
BLOCK01/SES012/SA012S24	SES206	1e+38	-63.1898	-1e+38
BLOCK01/SES012/SA012S26	SES019	1e+38	-64.6539	-1e+38
BLOCK01/SES012/SA012S26	SES082	1e+38	-63.7925	-1e+38
BLOCK01/SES012/SA012S26	SES206	1e+38	-62.3866	-1e+38
BLOCK01/SES012/SA012S26	SES292	1e+38	-65.6904	-1e+38
BLOCK01/SES012/SA012S29	SES062	1e+38	-63.9513	-1e+38
BLOCK01/SES012/SA012S29	SES082	1e+38	-62.255	-1e+38
BLOCK01/SES012/SA012S29	SES083	1e+38	-64.7958	-1e+38
BLOCK01/SES012/SA012S29	SES206	1e+38	-62.3372	-1e+38
BLOCK01/SES013/SA013S16	SES062	1e+38	-66.8306	-1e+38
BLOCK01/SES013/SA013S16	SES106	1e+38	-64.0797	-1e+38
BLOCK01/SES013/SA013S16	SES206	1e+38	-64.1385	-1e+38
BLOCK01/SES013/SA013S16	SES226	1e+38	-63.1798	-1e+38
BLOCK01/SES013/SA013S17	SES062	1e+38	-66.0607	-1e+38
BLOCK01/SES013/SA013S17	SES106	1e+38	-63.367	-1e+38
BLOCK01/SES013/SA013S17	SES206	1e+38	-62.2332	-1e+38
BLOCK01/SES013/SA013S17	SES226	1e+38	-61.9852	-1e+38
BLOCK01/SES013/SA013S23	SES104	1e+38	-64.3666	-1e+38
BLOCK01/SES013/SA013S23	SES106	1e+38	-63.8136	-1e+38
BLOCK01/SES013/SA013S23	SES206	1e+38	-63.8185	-1e+38
BLOCK01/SES013/SA013S23	SES270	1e+38	-63.3629	-1e+38
BLOCK01/SES013/SA013S25	SES042	1e+38	-63.8593	-1e+38
BLOCK01/SES013/SA013S25	SES104	1e+38	-63.5812	-1e+38
BLOCK01/SES013/SA013S25	SES106	1e+38	-62.9103	-1e+38
BLOCK01/SES013/SA013S25	SES206	1e+38	-63.0154	-1e+38
BLOCK01/SES013/SA013S29	SES062	1e+38	-66.9718	-1e+38
BLOCK01/SES013/SA013S29	SES104	1e+38	-64.2518	-1e+38
BLOCK01/SES013/SA013S29	SES106	1e+38	-63.1369	-1e+38
BLOCK01/SES013/SA013S29	SES206	1e+38	-63.665	-1e+38
BLOCK02/SES021/SA021S13	SES016	1e+38	-66.8269	-1e+38
BLOCK02/SES021/SA021S13	SES029	1e+38	-66.0602	-1e+38
BLOCK02/SES021/SA021S13	SES087	1e+38	-64.1972	-1e+38
BLOCK02/SES021/SA021S13	SES206	1e+38	-63.518	-1e+38
BLOCK02/SES021/SA021S15	SES087	1e+38	-62.0998	-1e+38
BLOCK02/SES021/SA021S15	SES125	1e+38	-61.1326	-1e+38
BLOCK02/SES021/SA021S15	SES206	1e+38	-61.2637	-1e+38
BLOCK02/SES021/SA021S15	SES226	1e+38	-61.9646	-1e+38
BLOCK02/SES021/SA021S23	SES062	1e+38	-67.2431	-1e+38
BLOCK02/SES021/SA021S23	SES087	1e+38	-65.563	-1e+38
BLOCK02/SES021/SA021S23	SES206	1e+38	-64.7328	-1e+38
BLOCK02/SES021/SA021S23	SES226	1e+38	-64.7312	-1e+38
BLOCK02/SES021/SA021S27	SES002	1e+38	-63.9937	-1e+38
BLOCK02/SES021/SA021S27	SES016	1e+38	-66.1624	-1e+38
BLOCK02/SES021/SA021S27	SES019	1e+38	-64.0495	-1e+38
BLOCK02/SES021/SA021S27	SES062	1e+38	-63.653	-1e+38
BLOCK02/SES021/SA021S29	SES087	1e+38	-63.2788	-1e+38
BLOCK02/SES021/SA021S29	SES125	1e+38	-62.5893	-1e+38
BLOCK02/SES021/SA021S29	SES206	1e+38	-62.7741	-1e+38
BLOCK02/SES021/SA021S29	SES226	1e+38	-62.5882	-1e+38
BLOCK04/SES043/SA043S09	SES083	1e+38	-67.1233	-1e+38
BLOCK04/SES043/SA043S09	SES101	1e+38	-68.9632	-1e+38
BLOCK04/SES043/SA043S09	SES144	1e+38	-65.6417	-1e+38
BLOCK04/SES043/SA043S09	SES172	1e+38	-70.3578	-1e+38
BLOCK04/SES043/SA043S11	SES083	1e+38	-64.4623	-1e+38
BLOCK04/SES043/SA043S11	SES101	1e+38	-65.3879	-1e+38
BLOCK04/SES043/SA043S11	SES144	1e+38	-64.1308	-1e+38
BLOCK04/SES043/SA043S11	SES172	1e+38	-66.1394	-1e+38
BLOCK04/SES043/SA043S23	SES083	1e+38	-64.3915	-1e+38
BLOCK04/SES043/SA043S23	SES144	1e+38	-63.6973	-1e+38
BLOCK04/SES043/SA043S23	SES177	1e+38	-66.4228	-1e+38
BLOCK04/SES043/SA043S23	SES275	1e+38	-64.248	-1e+38
BLOCK04/SES043/SA043S26	SES083	1e+38	-64.9469	-1e+38
BLOCK04/SES043/SA043S26	SES101	1e+38	-65.8916	-1e+38
BLOCK04/SES043/SA043S26	SES144	1e+38	-63.9997	-1e+38
BLOCK04/SES043/SA043S26	SES177	1e+38	-66.2436	-1e+38
BLOCK04/SES043/SA043S28	SES016	1e+38	-64.8959	-1e+38
BLOCK04/SES043/SA043S28	SES083	1e+38	-63.9522	-1e+38
BLOCK04/SES043/SA043S28	SES101	1e+38	-64.5705	-1e+38
BLOCK04/SES043/SA043S28	SES144	1e+38	-63.4594	-1e+38
BLOCK04/SES044/SA044S10	SES127	1e+38	-69.8958	-1e+38
BLOCK04/SES044/SA044S10	SES144	1e+38	-67.3934	-1e+38
BLOCK04/SES044/SA044S10	SES147	1e+38	-70.9632	-1e+38
BLOCK04/SES044/SA044S10	SES148	1e+38	-71.1005	-1e+38
BLOCK04/SES044/SA044S11	SES101	1e+38	-67.9719	-1e+38
BLOCK04/SES044/SA044S11	SES144	1e+38	-65.7397	-1e+38
BLOCK04/SES044/SA044S11	SES147	1e+38	-69.3565	-1e+38
BLOCK04/SES044/SA044S11	SES177	1e+38	-68.5118	-1e+38
BLOCK04/SES044/SA044S24	SES007	1e+38	-67.2102	-1e+38
BLOCK04/SES044/SA044S24	SES101	1e+38	-66.5925	-1e+38
BLOCK04/SES044/SA044S24	SES147	1e+38	-69.1812	-1e+38
BLOCK04/SES044/SA044S24	SES177	1e+38	-67.6754	-1e+38
BLOCK04/SES044/SA044S26	SES007	1e+38	-65.9905	-1e+38
BLOCK04/SES044/SA044S26	SES016	1e+38	-65.4759	-1e+38
BLOCK04/SES044/SA044S26	SES101	1e+38	-66.025	-1e+38
BLOCK04/SES044/SA044S26	SES147	1e+38	-66.2734	-1e+38
BLOCK04/SES044/SA044S29	SES007	1e+38	-65.4181	-1e+38
BLOCK04/SES044/SA044S29	SES101	1e+38	-64.1931	-1e+38
BLOCK04/SES044/SA044S29	SES147	1e+38	-66.196	-1e+38
BLOCK04/SES044/SA044S29	SES177	1e+38	-66.2499	-1e+38
BLOCK04/SES046/SA046S13	SES101	1e+38	-68.4493	-1e+38
BLOCK04/SES046/SA046S13	SES144	1e+38	-66.1099	-1e+38
BLOCK04/SES046/SA046S13	SES147	1e+38	-68.2335	-1e+38
BLOCK04/SES046/SA046S13	SES177	1e+38	-65.9583	-1e+38
BLOCK04/SES046/SA046S15	SES048	1e+38	-66.8475	-1e+38
BLOCK04/SES046/SA046S15	SES083	1e+38	-64.6246	-1e+38
BLOCK04/SES046/SA046S15	SES120	1e+38	-66.0597	-1e+38
BLOCK04/SES046/SA046S15	SES148	1e+38	-65.0799	-1e+38
BLOCK04/SES046/SA046S22	SES101	1e+38	-65.3228	-1e+38
BLOCK04/SES046/SA046S22	SES144	1e+38	-65.033	-1e+38
BLOCK04/SES046/SA046S22	SES147	1e+38	-66.8188	-1e+38
BLOCK04/SES046/SA046S22	SES172	1e+38	-66.7431	-1e+38
BLOCK04/SES046/SA046S25	SES083	1e+38	-65.3095	-1e+38
BLOCK04/SES046/SA046S25	SES127	1e+38	-66.2988	-1e+38
BLOCK04/SES046/SA046S25	SES144	1e+38	-65.7334	-1e+38
BLOCK04/SES046/SA046S25	SES148	1e+38	-65.8076	-1e+38
BLOCK04/SES046/SA046S28	SES007	1e+38	-67.8991	-1e+38
BLOCK04/SES046/SA046S28	SES105	1e+38	-67.8234	-1e+38
BLOCK04/SES046/SA046S28	SES147	1e+38	-67.9569	-1e+38
BLOCK04/SES046/SA046S28	SES148	1e+38	-66.1884	-1e+38
BLOCK04/SES049/SA049S16	SES104	1e+38	-65.4407	-1e+38
BLOCK04/SES049/SA049S16	SES106	1e+38	-64.927	-1e+38
BLOCK04/SES049/SA049S16	SES120	1e+38	-67.4465	-1e+38
BLOCK04/SES049/SA049S16	SES206	1e+38	-65.1155	-1e+38
BLOCK04/SES049/SA049S18	SES099	1e+38	-64.7922	-1e+38
BLOCK04/SES049/SA049S18	SES104	1e+38	-66.0003	-1e+38
BLOCK04/SES049/SA049S18	SES125	1e+38	-66.9338	-1e+38
BLOCK04/SES049/SA049S18	SES206	1e+38	-66.3315	-1e+38
BLOCK04/SES049/SA049S25	SES087	1e+38	-64.577	-1e+38
BLOCK04/SES049/SA049S25	SES104	1e+38	-64.2526	-1e+38
BLOCK04/SES049/SA049S25	SES125	1e+38	-64.9065	-1e+38
BLOCK04/SES049/SA049S25	SES206	1e+38	-64.2009	-1e+38
BLOCK04/SES049/SA049S27	SES099	1e+38	-64.2837	-1e+38
BLOCK04/SES049/SA049S27	SES104	1e+38	-63.7148	-1e+38
BLOCK04/SES049/SA049S27	SES125	1e+38	-64.4717	-1e+38
BLOCK04/SES049/SA049S27	SES206	1e+38	-64.3194	-1e+38
BLOCK04/SES049/SA049S29	SES099	1e+38	-63.4666	-1e+38
BLOCK04/SES049/SA049S29	SES104	1e+38	-62.337	-1e+38
BLOCK04/SES049/SA049S29	SES125	1e+38	-63.4226	-1e+38
BLOCK04/SES049/SA049S29	SES206	1e+38	-62.8427	-1e+38
BLOCK06/SES063/SA063S09	SES068	1e+38	-65.4717	-1e+38
BLOCK06/SES063/SA063S09	SES083	1e+38	-63.9943	-1e+38
BLOCK06/SES063/SA063S09	SES177	1e+38	-64.6868	-1e+38
BLOCK06/SES063/SA063S09	SES187	1e+38	-64.8308	-1e+38
BLOCK06/SES063/SA063S10	SES068	1e+38	-66.7464	-1e+38
BLOCK06/SES063/SA063S10	SES083	1e+38	-64.578	-1e+38
BLOCK06/SES063/SA063S10	SES172	1e+38	-65.0841	-1e+38
BLOCK06/SES063/SA063S10	SES187	1e+38	-65.4673	-1e+38
BLOCK06/SES063/SA063S20	SES068	1e+38	-68.0095	-1e+38
BLOCK06/SES063/SA063S20	SES083	1e+38	-64.7263	-1e+38
BLOCK06/SES063/SA063S20	SES172	1e+38	-65.5266	-1e+38
BLOCK06/SES063/SA063S20	SES187	1e+38	-64.5388	-1e+38
BLOCK06/SES063/SA063S24	SES029	1e+38	-65.1192	-1e+38
BLOCK06/SES063/SA063S24	SES083	1e+38	-62.9002	-1e+38
BLOCK06/SES063/SA063S24	SES177	1e+38	-63.9052	-1e+38
BLOCK06/SES063/SA063S24	SES189	1e+38	-63.6233	-1e+38
BLOCK06/SES063/SA063S27	SES083	1e+38	-64.9948	-1e+38
BLOCK06/SES063/SA063S27	SES172	1e+38	-66.3765	-1e+38
BLOCK06/SES063/SA063S27	SES187	1e+38	-66.6704	-1e+38
BLOCK06/SES063/SA063S27	SES292	1e+38	-66.7639	-1e+38
BLOCK06/SES067/SA067S12	SES083	1e+38	-64.3317	-1e+38
BLOCK06/SES067/SA067S12	SES172	1e+38	-66.9462	-1e+38
BLOCK06/SES067/SA067S12	SES202	1e+38	-63.4391	-1e+38
BLOCK06/SES067/SA067S12	SES292	1e+38	-64.5797	-1e+38
BLOCK06/SES067/SA067S14	SES085	1e+38	-64.8786	-1e+38
BLOCK06/SES067/SA067S14	SES177	1e+38	-64.3809	-1e+38
BLOCK06/SES067/SA067S14	SES183	1e+38	-64.8258	-1e+38
BLOCK06/SES067/SA067S14	SES202	1e+38	-63.3307	-1e+38
BLOCK06/SES067/SA067S21	SES144	1e+38	-65.5146	-1e+38
BLOCK06/SES067/SA067S21	SES177	1e+38	-65.7191	-1e+38
BLOCK06/SES067/SA067S21	SES183	1e+38	-68.6906	-1e+38
BLOCK06/SES067/SA067S21	SES189	1e+38	-64.6417	-1e+38
BLOCK06/SES067/SA067S25	SES085	1e+38	-65.177	-1e+38
BLOCK06/SES067/SA067S25	SES177	1e+38	-65.0674	-1e+38
BLOCK06/SES067/SA067S25	SES183	1e+38	-65.855	-1e+38
BLOCK06/SES067/SA067S25	SES202	1e+38	-64.2138	-1e+38
BLOCK06/SES067/SA067S29	SES085	1e+38	-64.5526	-1e+38
BLOCK06/SES067/SA067S29	SES177	1e+38	-65.3041	-1e+38
BLOCK06/SES067/SA067S29	SES183	1e+38	-65.1278	-1e+38
BLOCK06/SES067/SA067S29	SES202	1e+38	-63.5483	-1e+38
BLOCK06/SES069/SA069S12	SES029	1e+38	-66.2071	-1e+38
BLOCK06/SES069/SA069S12	SES082	1e+38	-62.9825	-1e+38
BLOCK06/SES069/SA069S12	SES087	1e+38	-64.8872	-1e+38
BLOCK06/SES069/SA069S12	SES206	1e+38	-64.5155	-1e+38
BLOCK06/SES069/SA069S13	SES029	1e+38	-66.5794	-1e+38
BLOCK06/SES069/SA069S13	SES087	1e+38	-65.5235	-1e+38
BLOCK06/SES069/SA069S13	SES206	1e+38	-64.9704	-1e+38
BLOCK06/SES069/SA069S13	SES226	1e+38	-64.0821	-1e+38
BLOCK06/SES069/SA069S23	SES029	1e+38	-62.8134	-1e+38
BLOCK06/SES069/SA069S23	SES087	1e+38	-64.0171	-1e+38
BLOCK06/SES069/SA069S23	SES206	1e+38	-63.2805	-1e+38
BLOCK06/SES069/SA069S23	SES226	1e+38	-62.0184	-1e+38
BLOCK06/SES069/SA069S25	SES087	1e+38	-63.3564	-1e+38
BLOCK06/SES069/SA069S25	SES206	1e+38	-63.7828	-1e+38
BLOCK06/SES069/SA069S25	SES226	1e+38	-62.9824	-1e+38
BLOCK06/SES069/SA069S25	SES270	1e+38	-62.8173	-1e+38
BLOCK06/SES069/SA069S27	SES087	1e+38	-64.2869	-1e+38
BLOCK06/SES069/SA069S27	SES206	1e+38	-63.0451	-1e+38
BLOCK06/SES069/SA069S27	SES226	1e+38	-61.9286	-1e+38
BLOCK06/SES069/SA069S27	SES270	1e+38	-62.9639	-1e+38
BLOCK08/SES081/SA081S11	SES060	1e+38	-65.3029	-1e+38
BLOCK08/SES081/SA081S11	SES062	1e+38	-67.0562	-1e+38
BLOCK08/SES081/SA081S11	SES117	1e+38	-65.3179	-1e+38
BLOCK08/SES081/SA081S11	SES162	1e+38	-65.1488	-1e+38
BLOCK08/SES081/SA081S13	SES016	1e+38	-63.3718	-1e+38
BLOCK08/SES081/SA081S13	SES060	1e+38	-63.2129	-1e+38
BLOCK08/SES081/SA081S13	SES068	1e+38	-62.9405	-1e+38
BLOCK08/SES081/SA081S13	SES129	1e+38	-64.8237	-1e+38
BLOCK08/SES081/SA081S24	SES060	1e+38	-64.194	-1e+38
BLOCK08/SES081/SA081S24	SES068	1e+38	-65.4258	-1e+38
BLOCK08/SES081/SA081S24	SES117	1e+38	-65.1469	-1e+38
BLOCK08/SES081/SA081S24	SES275	1e+38	-65.9996	-1e+38
BLOCK08/SES081/SA081S27	SES007	1e+38	-64.8501	-1e+38
BLOCK08/SES081/SA081S27	SES060	1e+38	-65.506	-1e+38
BLOCK08/SES081/SA081S27	SES117	1e+38	-63.7477	-1e+38
BLOCK08/SES081/SA081S27	SES275	1e+38	-65.6603	-1e+38
BLOCK08/SES081/SA081S29	SES007	1e+38	-64.2208	-1e+38
BLOCK08/SES081/SA081S29	SES060	1e+38	-63.7538	-1e+38
BLOCK08/SES081/SA081S29	SES117	1e+38	-63.8682	-1e+38
BLOCK08/SES081/SA081S29	SES275	1e+38	-64.9889	-1e+38
BLOCK08/SES086/SA086S11	SES029	1e+38	-70.1753	-1e+38
BLOCK08/SES086/SA086S11	SES082	1e+38	-66.8435	-1e+38
BLOCK08/SES086/SA086S11	SES087	1e+38	-65.5705	-1e+38
BLOCK08/SES086/SA086S11	SES206	1e+38	-66.5599	-1e+38
BLOCK08/SES086/SA086S12	SES029	1e+38	-68.2294	-1e+38
BLOCK08/SES086/SA086S12	SES082	1e+38	-66.0014	-1e+38
BLOCK08/SES086/SA086S12	SES087	1e+38	-63.2431	-1e+38
BLOCK08/SES086/SA086S12	SES206	1e+38	-64.4899	-1e+38
BLOCK08/SES086/SA086S20	SES029	1e+38	-66.6933	-1e+38
BLOCK08/SES086/SA086S20	SES082	1e+38	-63.9363	-1e+38
BLOCK08/SES086/SA086S20	SES087	1e+38	-61.2467	-1e+38
BLOCK08/SES086/SA086S20	SES206	1e+38	-62.283	-1e+38
BLOCK08/SES086/SA086S24	SES087	1e+38	-63.0033	-1e+38
BLOCK08/SES086/SA086S24	SES104	1e+38	-64.9856	-1e+38
BLOCK08/SES086/SA086S24	SES120	1e+38	-67.5347	-1e+38
BLOCK08/SES086/SA086S24	SES206	1e+38	-63.0175	-1e+38
BLOCK08/SES086/SA086S28	SES029	1e+38	-66.1451	-1e+38
BLOCK08/SES086/SA086S28	SES082	1e+38	-63.7666	-1e+38
BLOCK08/SES086/SA086S28	SES087	1e+38	-62.063	-1e+38
BLOCK08/SES086/SA086S28	SES206	1e+38	-62.6331	-1e+38
BLOCK08/SES089/SA089S13	SES087	1e+38	-65.8161	-1e+38
BLOCK08/SES089/SA089S13	SES206	1e+38	-65.8423	-1e+38
BLOCK08/SES089/SA089S13	SES226	1e+38	-64.8865	-1e+38
BLOCK08/SES089/SA089S13	SES270	1e+38	-66.2593	-1e+38
BLOCK08/SES089/SA089S14	SES062	1e+38	-65.9206	-1e+38
BLOCK08/SES089/SA089S14	SES087	1e+38	-64.2206	-1e+38
BLOCK08/SES089/SA089S14	SES206	1e+38	-64.4848	-1e+38
BLOCK08/SES089/SA089S14	SES226	1e+38	-63.9856	-1e+38
BLOCK08/SES089/SA089S23	SES087	1e+38	-66.9945	-1e+38
BLOCK08/SES089/SA089S23	SES206	1e+38	-67.2291	-1e+38
BLOCK08/SES089/SA089S23	SES226	1e+38	-66.0734	-1e+38
BLOCK08/SES089/SA089S23	SES270	1e+38	-68.0894	-1e+38
BLOCK08/SES089/SA089S25	SES062	1e+38	-66.5368	-1e+38
BLOCK08/SES089/SA089S25	SES087	1e+38	-64.3928	-1e+38
BLOCK08/SES089/SA089S25	SES206	1e+38	-64.9206	-1e+38
BLOCK08/SES089/SA089S25	SES226	1e+38	-63.8762	-1e+38
BLOCK08/SES089/SA089S28	SES062	1e+38	-66.4161	-1e+38
BLOCK08/SES089/SA089S28	SES087	1e+38	-65.3093	-1e+38
BLOCK08/SES089/SA089S28	SES206	1e+38	-64.697	-1e+38
BLOCK08/SES089/SA089S28	SES226	1e+38	-63.902	-1e+38
BLOCK09/SES097/SA097S11	SES099	1e+38	-63.8371	-1e+38
BLOCK09/SES097/SA097S11	SES125	1e+38	-65.2744	-1e+38
BLOCK09/SES097/SA097S11	SES206	1e+38	-65.4335	-1e+38
BLOCK09/SES097/SA097S11	SES226	1e+38	-64.0898	-1e+38
BLOCK09/SES097/SA097S14	SES062	1e+38	-66.6576	-1e+38
BLOCK09/SES097/SA097S14	SES099	1e+38	-64.5738	-1e+38
BLOCK09/SES097/SA097S14	SES104	1e+38	-64.6751	-1e+38
BLOCK09/SES097/SA097S14	SES206	1e+38	-65.5599	-1e+38
BLOCK09/SES097/SA097S22	SES099	1e+38	-63.5435	-1e+38
BLOCK09/SES097/SA097S22	SES206	1e+38	-64.7505	-1e+38
BLOCK09/SES097/SA097S22	SES226	1e+38	-64.6267	-1e+38
BLOCK09/SES097/SA097S22	SES270	1e+38	-63.3142	-1e+38
BLOCK09/SES097/SA097S26	SES099	1e+38	-63.0962	-1e+38
BLOCK09/SES097/SA097S26	SES120	1e+38	-66.7391	-1e+38
BLOCK09/SES097/SA097S26	SES206	1e+38	-63.7457	-1e+38
BLOCK09/SES097/SA097S26	SES226	1e+38	-64.4624	-1e+38
BLOCK09/SES097/SA097S28	SES099	1e+38	-64.1918	-1e+38
BLOCK09/SES097/SA097S28	SES120	1e+38	-66.2322	-1e+38
BLOCK09/SES097/SA097S28	SES206	1e+38	-65.1242	-1e+38
BLOCK09/SES097/SA097S28	SES226	1e+38	-64.9564	-1e+38
BLOCK09/SES098/SA098S11	SES127	1e+38	-69.0843	-1e+38
BLOCK09/SES098/SA098S11	SES144	1e+38	-67.401	-1e+38
BLOCK09/SES098/SA098S11	SES147	1e+38	-65.9937	-1e+38
BLOCK09/SES098/SA098S11	SES148	1e+38	-69.1101	-1e+38
BLOCK09/SES098/SA098S12	SES127	1e+38	-72.1681	-1e+38
BLOCK09/SES098/SA098S12	SES144	1e+38	-69.1718	-1e+38
BLOCK09/SES098/SA098S12	SES147	1e+38	-68.1819	-1e+38
BLOCK09/SES098/SA098S12	SES189	1e+38	-67.4302	-1e+38
BLOCK09/SES098/SA098S20	SES127	1e+38	-70.3674	-1e+38
BLOCK09/SES098/SA098S20	SES147	1e+38	-66.4302	-1e+38
BLOCK09/SES098/SA098S20	SES148	1e+38	-70.2461	-1e+38
BLOCK09/SES098/SA098S20	SES292	1e+38	-69.2575	-1e+38
BLOCK09/SES098/SA098S23	SES127	1e+38	-67.4707	-1e+38
BLOCK09/SES098/SA098S23	SES147	1e+38	-65.3268	-1e+38
BLOCK09/SES098/SA098S23	SES187	1e+38	-65.5505	-1e+38
BLOCK09/SES098/SA098S23	SES292	1e+38	-67.7103	-1e+38
BLOCK09/SES098/SA098S27	SES127	1e+38	-68.7334	-1e+38
BLOCK09/SES098/SA098S27	SES147	1e+38	-67.3089	-1e+38
BLOCK09/SES098/SA098S27	SES148	1e+38	-70.0769	-1e+38
BLOCK09/SES098/SA098S27	SES292	1e+38	-68.996	-1e+38
BLOCK10/SES102/SA102S13	SES101	1e+38	-65.3812	-1e+38
BLOCK10/SES102/SA102S13	SES105	1e+38	-66.5058	-1e+38
BLOCK10/SES102/SA102S13	SES120	1e+38	-66.3994	-1e+38
BLOCK10/SES102/SA102S13	SES158	1e+38	-73.9306	-1e+38
BLOCK10/SES102/SA102S14	SES007	1e+38	-63.0675	-1e+38
BLOCK10/SES102/SA102S14	SES101	1e+38	-63.5081	-1e+38
BLOCK10/SES102/SA102S14	SES105	1e+38	-63.0908	-1e+38
BLOCK10/SES102/SA102S14	SES147	1e+38	-66.7499	-1e+38
BLOCK10/SES102/SA102S22	SES007	1e+38	-64.3613	-1e+38
BLOCK10/SES102/SA102S22	SES101	1e+38	-63.5386	-1e+38
BLOCK10/SES102/SA102S22	SES105	1e+38	-63.7014	-1e+38
BLOCK10/SES102/SA102S22	SES158	1e+38	-68.3814	-1e+38
BLOCK10/SES102/SA102S25	SES007	1e+38	-63.9732	-1e+38
BLOCK10/SES102/SA102S25	SES101	1e+38	-63.4151	-1e+38
BLOCK10/SES102/SA102S25	SES105	1e+38	-63.9978	-1e+38
BLOCK10/SES102/SA102S25	SES147	1e+38	-68.1434	-1e+38
BLOCK10/SES102/SA102S27	SES007	1e+38	-65.0531	-1e+38
BLOCK10/SES102/SA102S27	SES101	1e+38	-64.7341	-1e+38
BLOCK10/SES102/SA102S27	SES105	1e+38	-64.8477	-1e+38
BLOCK10/SES102/SA102S27	SES147	1e+38	-67.404	-1e+38
BLOCK10/SES103/SA103S14	SES105	1e+38	-68.6658	-1e+38
BLOCK10/SES103/SA103S14	SES106	1e+38	-65.7308	-1e+38
BLOCK10/SES103/SA103S14	SES120	1e+38	-68.2036	-1e+38
BLOCK10/SES103/SA103S14	SES206	1e+38	-66.5291	-1e+38
BLOCK10/SES103/SA103S15	SES099	1e+38	-66.8265	-1e+38
BLOCK10/SES103/SA103S15	SES101	1e+38	-70.679	-1e+38
BLOCK10/SES103/SA103S15	SES104	1e+38	-66.7924	-1e+38
BLOCK10/SES103/SA103S15	SES125	1e+38	-66.6958	-1e+38
BLOCK10/SES103/SA103S24	SES104	1e+38	-65.1417	-1e+38
BLOCK10/SES103/SA103S24	SES125	1e+38	-65.3175	-1e+38
BLOCK10/SES103/SA103S24	SES148	1e+38	-68.0884	-1e+38
BLOCK10/SES103/SA103S24	SES158	1e+38	-64.4326	-1e+38
BLOCK10/SES103/SA103S26	SES104	1e+38	-66.686	-1e+38
BLOCK10/SES103/SA103S26	SES106	1e+38	-66.4583	-1e+38
BLOCK10/SES103/SA103S26	SES125	1e+38	-67.0365	-1e+38
BLOCK10/SES103/SA103S26	SES148	1e+38	-69.4378	-1e+38
BLOCK10/SES103/SA103S28	SES104	1e+38	-68.547	-1e+38
BLOCK10/SES103/SA103S28	SES106	1e+38	-67.5801	-1e+38
BLOCK10/SES103/SA103S28	SES125	1e+38	-68.4562	-1e+38
BLOCK10/SES103/SA103S28	SES206	1e+38	-69.1758	-1e+38
BLOCK12/SES121/SA121S12	SES042	1e+38	-68.6602	-1e+38
BLOCK12/SES121/SA121S12	SES087	1e+38	-68.0201	-1e+38
BLOCK12/SES121/SA121S12	SES105	1e+38	-68.503	-1e+38
BLOCK12/SES121/SA121S12	SES206	1e+38	-67.6317	-1e+38
BLOCK12/SES121/SA121S14	SES007	1e+38	-70.5388	-1e+38
BLOCK12/SES121/SA121S14	SES105	1e+38	-69.9511	-1e+38
BLOCK12/SES121/SA121S14	SES106	1e+38	-68.0651	-1e+38
BLOCK12/SES121/SA121S14	SES206	1e+38	-68.7178	-1e+38
BLOCK12/SES121/SA121S23	SES105	1e+38	-69.608	-1e+38
BLOCK12/SES121/SA121S23	SES106	1e+38	-67.7109	-1e+38
BLOCK12/SES121/SA121S23	SES120	1e+38	-69.4296	-1e+38
BLOCK12/SES121/SA121S23	SES206	1e+38	-68.1143	-1e+38
BLOCK12/SES121/SA121S25	SES007	1e+38	-71.437	-1e+38
BLOCK12/SES121/SA121S25	SES105	1e+38	-71.4341	-1e+38
BLOCK12/SES121/SA121S25	SES106	1e+38	-68.8615	-1e+38
BLOCK12/SES121/SA121S25	SES206	1e+38	-69.845	-1e+38
BLOCK12/SES121/SA121S27	SES087	1e+38	-66.4973	-1e+38
BLOCK12/SES121/SA121S27	SES105	1e+38	-70.4988	-1e+38
BLOCK12/SES121/SA121S27	SES120	1e+38	-68.7142	-1e+38
BLOCK12/SES121/SA121S27	SES206	1e+38	-67.667	-1e+38
BLOCK12/SES124/SA124S16	SES042	1e+38	-64.6454	-1e+38
BLOCK12/SES124/SA124S16	SES082	1e+38	-65.0653	-1e+38
BLOCK12/SES124/SA124S16	SES183	1e+38	-68.4587	-1e+38
BLOCK12/SES124/SA124S16	SES206	1e+38	-65.7411	-1e+38
BLOCK12/SES124/SA124S17	SES105	1e+38	-68.6412	-1e+38
BLOCK12/SES124/SA124S17	SES149	1e+38	-68.0292	-1e+38
BLOCK12/SES124/SA124S17	SES158	1e+38	-67.8219	-1e+38
BLOCK12/SES124/SA124S17	SES275	1e+38	-69.1512	-1e+38
BLOCK12/SES124/SA124S23	SES105	1e+38	-65.3734	-1e+38
BLOCK12/SES124/SA124S23	SES125	1e+38	-61.8639	-1e+38
BLOCK12/SES124/SA124S23	SES129	1e+38	-66.8342	-1e+38
BLOCK12/SES124/SA124S23	SES158	1e+38	-62.5172	-1e+38
BLOCK12/SES124/SA124S26	SES105	1e+38	-68.1714	-1e+38
BLOCK12/SES124/SA124S26	SES125	1e+38	-63.0588	-1e+38
BLOCK12/SES124/SA124S26	SES129	1e+38	-68.0188	-1e+38
BLOCK12/SES124/SA124S26	SES158	1e+38	-64.1826	-1e+38
BLOCK12/SES124/SA124S28	SES104	1e+38	-63.1359	-1e+38
BLOCK12/SES124/SA124S28	SES106	1e+38	-62.8894	-1e+38
BLOCK12/SES124/SA124S28	SES125	1e+38	-62.7646	-1e+38
BLOCK12/SES124/SA124S28	SES275	1e+38	-67.7142	-1e+38
BLOCK12/SES126/SA126S13	SES007	1e+38	-68.8664	-1e+38
BLOCK12/SES126/SA126S13	SES162	1e+38	-68.4129	-1e+38
BLOCK12/SES126/SA126S13	SES177	1e+38	-67.8324	-1e+38
BLOCK12/SES126/SA126S13	SES180	1e+38	-68.2297	-1e+38
BLOCK12/SES126/SA126S14	SES144	1e+38	-65.1837	-1e+38
BLOCK12/SES126/SA126S14	SES148	1e+38	-66.2278	-1e+38
BLOCK12/SES126/SA126S14	SES177	1e+38	-64.4179	-1e+38
BLOCK12/SES126/SA126S14	SES180	1e+38	-65.5408	-1e+38
BLOCK12/SES126/SA126S20	SES007	1e+38	-66.9984	-1e+38
BLOCK12/SES126/SA126S20	SES162	1e+38	-67.2354	-1e+38
BLOCK12/SES126/SA126S20	SES172	1e+38	-71.7487	-1e+38
BLOCK12/SES126/SA126S20	SES180	1e+38	-67.3516	-1e+38
BLOCK12/SES126/SA126S24	SES120	1e+38	-65.3554	-1e+38
BLOCK12/SES126/SA126S24	SES162	1e+38	-65.4621	-1e+38
BLOCK12/SES126/SA126S24	SES177	1e+38	-65.1064	-1e+38
BLOCK12/SES126/SA126S24	SES180	1e+38	-65.3039	-1e+38
BLOCK12/SES126/SA126S26	SES120	1e+38	-65.5098	-1e+38
BLOCK12/SES126/SA126S26	SES177	1e+38	-66.351	-1e+38
BLOCK12/SES126/SA126S26	SES180	1e+38	-66.941	-1e+38
BLOCK12/SES126/SA126S26	SES202	1e+38	-67.686	-1e+38
BLOCK12/SES128/SA128S10	SES087	1e+38	-66.0483	-1e+38
BLOCK12/SES128/SA128S10	SES206	1e+38	-64.8617	-1e+38
BLOCK12/SES128/SA128S10	SES226	1e+38	-64.2132	-1e+38
BLOCK12/SES128/SA128S10	SES270	1e+38	-64.2517	-1e+38
BLOCK12/SES128/SA128S12	SES120	1e+38	-66.626	-1e+38
BLOCK12/SES128/SA128S12	SES158	1e+38	-65.4106	-1e+38
BLOCK12/SES128/SA128S12	SES206	1e+38	-64.7906	-1e+38
BLOCK12/SES128/SA128S12	SES226	1e+38	-64.9501	-1e+38
BLOCK12/SES128/SA128S21	SES106	1e+38	-68.8772	-1e+38
BLOCK12/SES128/SA128S21	SES120	1e+38	-67.7548	-1e+38
BLOCK12/SES128/SA128S21	SES206	1e+38	-67.9348	-1e+38
BLOCK12/SES128/SA128S21	SES226	1e+38	-67.5296	-1e+38
BLOCK12/SES128/SA128S24	SES087	1e+38	-68.296	-1e+38
BLOCK12/SES128/SA128S24	SES120	1e+38	-66.3214	-1e+38
BLOCK12/SES128/SA128S24	SES206	1e+38	-67.5746	-1e+38
BLOCK12/SES128/SA128S24	SES226	1e+38	-67.0422	-1e+38
BLOCK12/SES128/SA128S27	SES099	1e+38	-65.3165	-1e+38
BLOCK12/SES128/SA128S27	SES120	1e+38	-65.2826	-1e+38
BLOCK12/SES128/SA128S27	SES206	1e+38	-66.1647	-1e+38
BLOCK12/SES128/SA128S27	SES226	1e+38	-64.5551	-1e+38
BLOCK13/SES130/SA130S13	SES143	1e+38	-68.8219	-1e+38
BLOCK13/SES130/SA130S13	SES144	1e+38	-65.6072	-1e+38
BLOCK13/SES130/SA130S13	SES146	1e+38	-66.5895	-1e+38
BLOCK13/SES130/SA130S13	SES275	1e+38	-69.3827	-1e+38
BLOCK13/SES130/SA130S15	SES143	1e+38	-66.8346	-1e+38
BLOCK13/SES130/SA130S15	SES144	1e+38	-64.3714	-1e+38
BLOCK13/SES130/SA130S15	SES146	1e+38	-64.7214	-1e+38
BLOCK13/SES130/SA130S15	SES275	1e+38	-65.7511	-1e+38
BLOCK13/SES130/SA130S23	SES127	1e+38	-70.3479	-1e+38
BLOCK13/SES130/SA130S23	SES144	1e+38	-67.0336	-1e+38
BLOCK13/SES130/SA130S23	SES146	1e+38	-66.0786	-1e+38
BLOCK13/SES130/SA130S23	SES162	1e+38	-67.8462	-1e+38
BLOCK13/SES130/SA130S25	SES127	1e+38	-66.8687	-1e+38
BLOCK13/SES130/SA130S25	SES144	1e+38	-64.309	-1e+38
BLOCK13/SES130/SA130S25	SES146	1e+38	-64.3602	-1e+38
BLOCK13/SES130/SA130S25	SES275	1e+38	-64.4508	-1e+38
BLOCK13/SES130/SA130S28	SES127	1e+38	-66.5835	-1e+38
BLOCK13/SES130/SA130S28	SES144	1e+38	-64.6331	-1e+38
BLOCK13/SES130/SA130S28	SES146	1e+38	-65.2898	-1e+38
BLOCK13/SES130/SA130S28	SES275	1e+38	-64.8443	-1e+38
BLOCK13/SES131/SA131S13	SES002	1e+38	-69.3835	-1e+38
BLOCK13/SES131/SA131S13	SES007	1e+38	-71.1225	-1e+38
BLOCK13/SES131/SA131S13	SES099	1e+38	-67.942	-1e+38
BLOCK13/SES131/SA131S13	SES105	1e+38	-69.6654	-1e+38
BLOCK13/SES131/SA131S14	SES104	1e+38	-64.786	-1e+38
BLOCK13/SES131/SA131S14	SES106	1e+38	-64.7866	-1e+38
BLOCK13/SES131/SA131S14	SES125	1e+38	-65.1058	-1e+38
BLOCK13/SES131/SA131S14	SES148	1e+38	-66.6303	-1e+38
BLOCK13/SES131/SA131S20	SES104	1e+38	-67.3565	-1e+38
BLOCK13/SES131/SA131S20	SES106	1e+38	-66.4635	-1e+38
BLOCK13/SES131/SA131S20	SES125	1e+38	-67.2378	-1e+38
BLOCK13/SES131/SA131S20	SES148	1e+38	-69.8029	-1e+38
BLOCK13/SES131/SA131S22	SES099	1e+38	-65.8056	-1e+38
BLOCK13/SES131/SA131S22	SES104	1e+38	-66.3543	-1e+38
BLOCK13/SES131/SA131S22	SES125	1e+38	-66.1882	-1e+38
BLOCK13/SES131/SA131S22	SES206	1e+38	-66.4256	-1e+38
BLOCK13/SES131/SA131S29	SES087	1e+38	-66.7562	-1e+38
BLOCK13/SES131/SA131S29	SES104	1e+38	-67.8743	-1e+38
BLOCK13/SES131/SA131S29	SES125	1e+38	-67.2633	-1e+38
BLOCK13/SES131/SA131S29	SES206	1e+38	-67.1249	-1e+38
BLOCK13/SES132/SA132S11	SES083	1e+38	-65.5115	-1e+38
BLOCK13/SES132/SA132S11	SES120	1e+38	-63.5004	-1e+38
BLOCK13/SES132/SA132S11	SES127	1e+38	-64.9035	-1e+38
BLOCK13/SES132/SA132S11	SES275	1e+38	-65.1015	-1e+38
BLOCK13/SES132/SA132S12	SES083	1e+38	-65.2053	-1e+38
BLOCK13/SES132/SA132S12	SES143	1e+38	-64.447	-1e+38
BLOCK13/SES132/SA132S12	SES144	1e+38	-64.3426	-1e+38
BLOCK13/SES132/SA132S12	SES148	1e+38	-64.7156	-1e+38
BLOCK13/SES132/SA132S22	SES062	1e+38	-64.6408	-1e+38
BLOCK13/SES132/SA132S22	SES083	1e+38	-64.8664	-1e+38
BLOCK13/SES132/SA132S22	SES127	1e+38	-64.6047	-1e+38
BLOCK13/SES132/SA132S22	SES275	1e+38	-64.8064	-1e+38
BLOCK13/SES132/SA132S24	SES007	1e+38	-64.1312	-1e+38
BLOCK13/SES132/SA132S24	SES083	1e+38	-65.0537	-1e+38
BLOCK13/SES132/SA132S24	SES127	1e+38	-64.8547	-1e+38
BLOCK13/SES132/SA132S24	SES275	1e+38	-64.8379	-1e+38
BLOCK13/SES132/SA132S27	SES083	1e+38	-66.2702	-1e+38
BLOCK13/SES132/SA132S27	SES120	1e+38	-64.3056	-1e+38
BLOCK13/SES132/SA132S27	SES127	1e+38	-66.1674	-1e+38
BLOCK13/SES132/SA132S27	SES275	1e+38	-66.005	-1e+38
BLOCK14/SES141/SA141S09	SES143	1e+38	-64.9718	-1e+38
BLOCK14/SES141/SA141S09	SES144	1e+38	-64.9106	-1e+38
BLOCK14/SES141/SA141S09	SES162	1e+38	-65.166	-1e+38
BLOCK14/SES141/SA141S09	SES180	1e+38	-65.4382	-1e+38
BLOCK14/SES141/SA141S15	SES127	1e+38	-66.0288	-1e+38
BLOCK14/SES141/SA141S15	SES144	1e+38	-65.1249	-1e+38
BLOCK14/SES141/SA141S15	SES162	1e+38	-65.37	-1e+38
BLOCK14/SES141/SA141S15	SES180	1e+38	-64.9945	-1e+38
BLOCK14/SES141/SA141S24	SES127	1e+38	-64.64	-1e+38
BLOCK14/SES141/SA141S24	SES144	1e+38	-65.4365	-1e+38
BLOCK14/SES141/SA141S24	SES162	1e+38	-64.0663	-1e+38
BLOCK14/SES141/SA141S24	SES183	1e+38	-65.9208	-1e+38
BLOCK14/SES141/SA141S26	SES142	1e+38	-66.9106	-1e+38
BLOCK14/SES141/SA141S26	SES144	1e+38	-65.5315	-1e+38
BLOCK14/SES141/SA141S26	SES172	1e+38	-66.1777	-1e+38
BLOCK14/SES141/SA141S26	SES180	1e+38	-65.1579	-1e+38
BLOCK14/SES141/SA141S29	SES127	1e+38	-64.3187	-1e+38
BLOCK14/SES141/SA141S29	SES142	1e+38	-64.1493	-1e+38
BLOCK14/SES141/SA141S29	SES144	1e+38	-64.8368	-1e+38
BLOCK14/SES141/SA141S29	SES180	1e+38	-64.1377	-1e+38
BLOCK15/SES157/SA157S08	SES083	1e+38	-67.3562	-1e+38
BLOCK15/SES157/SA157S08	SES127	1e+38	-66.7259	-1e+38
BLOCK15/SES157/SA157S08	SES148	1e+38	-65.6689	-1e+38
BLOCK15/SES157/SA157S08	SES292	1e+38	-66.3278	-1e+38
BLOCK15/SES157/SA157S11	SES083	1e+38	-66.2027	-1e+38
BLOCK15/SES157/SA157S11	SES127	1e+38	-67.0903	-1e+38
BLOCK15/SES157/SA157S11	SES148	1e+38	-65.3004	-1e+38
BLOCK15/SES157/SA157S11	SES292	1e+38	-65.7297	-1e+38
BLOCK15/SES157/SA157S21	SES127	1e+38	-66.4871	-1e+38
BLOCK15/SES157/SA157S21	SES148	1e+38	-64.8456	-1e+38
BLOCK15/SES157/SA157S21	SES158	1e+38	-70.3659	-1e+38
BLOCK15/SES157/SA157S21	SES292	1e+38	-64.8518	-1e+38
BLOCK15/SES157/SA157S24	SES127	1e+38	-66.5798	-1e+38
BLOCK15/SES157/SA157S24	SES148	1e+38	-64.5695	-1e+38
BLOCK15/SES157/SA157S24	SES183	1e+38	-65.3921	-1e+38
BLOCK15/SES157/SA157S24	SES292	1e+38	-65.0743	-1e+38
BLOCK15/SES157/SA157S26	SES007	1e+38	-64.3733	-1e+38
BLOCK15/SES157/SA157S26	SES127	1e+38	-65.1265	-1e+38
BLOCK15/SES157/SA157S26	SES147	1e+38	-69.0806	-1e+38
BLOCK15/SES157/SA157S26	SES148	1e+38	-64.6232	-1e+38
BLOCK16/SES161/SA161S10	SES007	1e+38	-68.4613	-1e+38
BLOCK16/SES161/SA161S10	SES105	1e+38	-67.4476	-1e+38
BLOCK16/SES161/SA161S10	SES158	1e+38	-68.917	-1e+38
BLOCK16/SES161/SA161S10	SES275	1e+38	-67.923	-1e+38
BLOCK16/SES161/SA161S12	SES007	1e+38	-67.1456	-1e+38
BLOCK16/SES161/SA161S12	SES105	1e+38	-67.3894	-1e+38
BLOCK16/SES161/SA161S12	SES158	1e+38	-66.9739	-1e+38
BLOCK16/SES161/SA161S12	SES275	1e+38	-66.7693	-1e+38
BLOCK16/SES161/SA161S20	SES007	1e+38	-69.4739	-1e+38
BLOCK16/SES161/SA161S20	SES105	1e+38	-69.5723	-1e+38
BLOCK16/SES161/SA161S20	SES158	1e+38	-69.1861	-1e+38
BLOCK16/SES161/SA161S20	SES275	1e+38	-69.4361	-1e+38
BLOCK16/SES161/SA161S23	SES007	1e+38	-67.4376	-1e+38
BLOCK16/SES161/SA161S23	SES105	1e+38	-66.7533	-1e+38
BLOCK16/SES161/SA161S23	SES148	1e+38	-67.9611	-1e+38
BLOCK16/SES161/SA161S23	SES158	1e+38	-66.3802	-1e+38
BLOCK16/SES161/SA161S28	SES007	1e+38	-68.3757	-1e+38
BLOCK16/SES161/SA161S28	SES105	1e+38	-67.7855	-1e+38
BLOCK16/SES161/SA161S28	SES158	1e+38	-66.2249	-1e+38
BLOCK16/SES161/SA161S28	SES206	1e+38	-67.431	-1e+38
BLOCK16/SES164/SA164S11	SES104	1e+38	-64.1078	-1e+38
BLOCK16/SES164/SA164S11	SES125	1e+38	-62.8809	-1e+38
BLOCK16/SES164/SA164S11	SES158	1e+38	-63.0367	-1e+38
BLOCK16/SES164/SA164S11	SES206	1e+38	-63.7993	-1e+38
BLOCK16/SES164/SA164S13	SES099	1e+38	-64.7369	-1e+38
BLOCK16/SES164/SA164S13	SES104	1e+38	-65.4749	-1e+38
BLOCK16/SES164/SA164S13	SES125	1e+38	-65.5243	-1e+38
BLOCK16/SES164/SA164S13	SES206	1e+38	-65.2197	-1e+38
BLOCK16/SES164/SA164S24	SES002	1e+38	-63.4578	-1e+38
BLOCK16/SES164/SA164S24	SES099	1e+38	-63.5801	-1e+38
BLOCK16/SES164/SA164S24	SES125	1e+38	-64.9831	-1e+38
BLOCK16/SES164/SA164S24	SES226	1e+38	-64.0222	-1e+38
BLOCK16/SES164/SA164S27	SES087	1e+38	-65.2981	-1e+38
BLOCK16/SES164/SA164S27	SES125	1e+38	-64.7551	-1e+38
BLOCK16/SES164/SA164S27	SES206	1e+38	-64.6528	-1e+38
BLOCK16/SES164/SA164S27	SES226	1e+38	-64.7998	-1e+38
BLOCK16/SES164/SA164S29	SES002	1e+38	-63.0873	-1e+38
BLOCK16/SES164/SA164S29	SES019	1e+38	-64.8024	-1e+38
BLOCK16/SES164/SA164S29	SES125	1e+38	-64.629	-1e+38
BLOCK16/SES164/SA164S29	SES226	1e+38	-64.2511	-1e+38
BLOCK16/SES169/SA169S13	SES117	1e+38	-66.6441	-1e+38
BLOCK16/SES169/SA169S13	SES144	1e+38	-65.3238	-1e+38
BLOCK16/SES169/SA169S13	SES146	1e+38	-65.8052	-1e+38
BLOCK16/SES169/SA169S13	SES162	1e+38	-66.9315	-1e+38
BLOCK16/SES169/SA169S14	SES144	1e+38	-64.0426	-1e+38
BLOCK16/SES169/SA169S14	SES148	1e+38	-64.4435	-1e+38
BLOCK16/SES169/SA169S14	SES177	1e+38	-64.9619	-1e+38
BLOCK16/SES169/SA169S14	SES180	1e+38	-67.097	-1e+38
BLOCK16/SES169/SA169S24	SES117	1e+38	-66.9102	-1e+38
BLOCK16/SES169/SA169S24	SES144	1e+38	-65.7493	-1e+38
BLOCK16/SES169/SA169S24	SES146	1e+38	-66.3454	-1e+38
BLOCK16/SES169/SA169S24	SES162	1e+38	-67.9656	-1e+38
BLOCK16/SES169/SA169S27	SES127	1e+38	-66.462	-1e+38
BLOCK16/SES169/SA169S27	SES129	1e+38	-65.8104	-1e+38
BLOCK16/SES169/SA169S27	SES144	1e+38	-65.6036	-1e+38
BLOCK16/SES169/SA169S27	SES146	1e+38	-64.8654	-1e+38
BLOCK16/SES169/SA169S29	SES144	1e+38	-64.2908	-1e+38
BLOCK16/SES169/SA169S29	SES162	1e+38	-65.3111	-1e+38
BLOCK16/SES169/SA169S29	SES177	1e+38	-66.7281	-1e+38
BLOCK16/SES169/SA169S29	SES180	1e+38	-66.0713	-1e+38
BLOCK17/SES171/SA171S12	SES083	1e+38	-66.3443	-1e+38
BLOCK17/SES171/SA171S12	SES148	1e+38	-66.6214	-1e+38
BLOCK17/SES171/SA171S12	SES172	1e+38	-67.2096	-1e+38
BLOCK17/SES171/SA171S12	SES292	1e+38	-67.1637	-1e+38
BLOCK17/SES171/SA171S15	SES148	1e+38	-67.4845	-1e+38
BLOCK17/SES171/SA171S15	SES177	1e+38	-67.0935	-1e+38
BLOCK17/SES171/SA171S15	SES180	1e+38	-70.2955	-1e+38
BLOCK17/SES171/SA171S15	SES292	1e+38	-69.3119	-1e+38
BLOCK17/SES171/SA171S22	SES007	1e+38	-65.0719	-1e+38
BLOCK17/SES171/SA171S22	SES148	1e+38	-65.0679	-1e+38
BLOCK17/SES171/SA171S22	SES177	1e+38	-64.2937	-1e+38
BLOCK17/SES171/SA171S22	SES180	1e+38	-66.0874	-1e+38
BLOCK17/SES171/SA171S25	SES101	1e+38	-69.34	-1e+38
BLOCK17/SES171/SA171S25	SES120	1e+38	-68.7295	-1e+38
BLOCK17/SES171/SA171S25	SES177	1e+38	-66.3187	-1e+38
BLOCK17/SES171/SA171S25	SES180	1e+38	-68.3162	-1e+38
BLOCK17/SES171/SA171S27	SES177	1e+38	-65.2965	-1e+38
BLOCK17/SES171/SA171S27	SES180	1e+38	-67.3104	-1e+38
BLOCK17/SES171/SA171S27	SES189	1e+38	-65.1643	-1e+38
BLOCK17/SES171/SA171S27	SES292	1e+38	-67.3514	-1e+38
BLOCK17/SES173/SA173S13	SES162	1e+38	-68.8363	-1e+38
BLOCK17/SES173/SA173S13	SES177	1e+38	-67.7501	-1e+38
BLOCK17/SES173/SA173S13	SES180	1e+38	-68.7368	-1e+38
BLOCK17/SES173/SA173S13	SES292	1e+38	-68.3458	-1e+38
BLOCK17/SES173/SA173S14	SES007	1e+38	-69.0697	-1e+38
BLOCK17/SES173/SA173S14	SES162	1e+38	-68.7516	-1e+38
BLOCK17/SES173/SA173S14	SES177	1e+38	-67.4586	-1e+38
BLOCK17/SES173/SA173S14	SES180	1e+38	-69.3966	-1e+38
BLOCK17/SES173/SA173S24	SES144	1e+38	-67.6923	-1e+38
BLOCK17/SES173/SA173S24	SES162	1e+38	-70.1374	-1e+38
BLOCK17/SES173/SA173S24	SES177	1e+38	-68.3419	-1e+38
BLOCK17/SES173/SA173S24	SES180	1e+38	-69.7011	-1e+38
BLOCK17/SES173/SA173S27	SES162	1e+38	-69.2322	-1e+38
BLOCK17/SES173/SA173S27	SES177	1e+38	-67.6153	-1e+38
BLOCK17/SES173/SA173S27	SES180	1e+38	-68.9167	-1e+38
BLOCK17/SES173/SA173S27	SES292	1e+38	-68.948	-1e+38
BLOCK17/SES173/SA173S29	SES162	1e+38	-68.6984	-1e+38
BLOCK17/SES173/SA173S29	SES175	1e+38	-66.5028	-1e+38
BLOCK17/SES173/SA173S29	SES177	1e+38	-67.0281	-1e+38
BLOCK17/SES173/SA173S29	SES292	1e+38	-69.0175	-1e+38
BLOCK18/SES182/SA182S10	SES144	1e+38	-65.3863	-1e+38
BLOCK18/SES182/SA182S10	SES177	1e+38	-65.5484	-1e+38
BLOCK18/SES182/SA182S10	SES180	1e+38	-67.0757	-1e+38
BLOCK18/SES182/SA182S10	SES275	1e+38	-65.3297	-1e+38
BLOCK18/SES182/SA182S12	SES144	1e+38	-64.2782	-1e+38
BLOCK18/SES182/SA182S12	SES177	1e+38	-64.8089	-1e+38
BLOCK18/SES182/SA182S12	SES180	1e+38	-65.4149	-1e+38
BLOCK18/SES182/SA182S12	SES275	1e+38	-65.2615	-1e+38
BLOCK18/SES182/SA182S21	SES117	1e+38	-65.9887	-1e+38
BLOCK18/SES182/SA182S21	SES144	1e+38	-66.533	-1e+38
BLOCK18/SES182/SA182S21	SES162	1e+38	-66.2224	-1e+38
BLOCK18/SES182/SA182S21	SES180	1e+38	-67.1344	-1e+38
BLOCK18/SES182/SA182S23	SES117	1e+38	-65.7176	-1e+38
BLOCK18/SES182/SA182S23	SES144	1e+38	-66.11	-1e+38
BLOCK18/SES182/SA182S23	SES180	1e+38	-66.9693	-1e+38
BLOCK18/SES182/SA182S23	SES275	1e+38	-66.1595	-1e+38
BLOCK18/SES182/SA182S25	SES007	1e+38	-65.083	-1e+38
BLOCK18/SES182/SA182S25	SES162	1e+38	-65.2494	-1e+38
BLOCK18/SES182/SA182S25	SES177	1e+38	-65.0925	-1e+38
BLOCK18/SES182/SA182S25	SES180	1e+38	-66.1675	-1e+38
BLOCK18/SES184/SA184S12	SES177	1e+38	-66.3243	-1e+38
BLOCK18/SES184/SA184S12	SES180	1e+38	-65.3233	-1e+38
BLOCK18/SES184/SA184S12	SES189	1e+38	-67.6119	-1e+38
BLOCK18/SES184/SA184S12	SES292	1e+38	-65.7169	-1e+38
BLOCK18/SES184/SA184S13	SES101	1e+38	-66.2163	-1e+38
BLOCK18/SES184/SA184S13	SES177	1e+38	-65.937	-1e+38
BLOCK18/SES184/SA184S13	SES180	1e+38	-66.228	-1e+38
BLOCK18/SES184/SA184S13	SES292	1e+38	-66.048	-1e+38
BLOCK18/SES184/SA184S22	SES177	1e+38	-65.1056	-1e+38
BLOCK18/SES184/SA184S22	SES180	1e+38	-64.8718	-1e+38
BLOCK18/SES184/SA184S22	SES189	1e+38	-66.0286	-1e+38
BLOCK18/SES184/SA184S22	SES292	1e+38	-65.2716	-1e+38
BLOCK18/SES184/SA184S25	SES101	1e+38	-63.1204	-1e+38
BLOCK18/SES184/SA184S25	SES177	1e+38	-64.3903	-1e+38
BLOCK18/SES184/SA184S25	SES180	1e+38	-64.3861	-1e+38
BLOCK18/SES184/SA184S25	SES292	1e+38	-63.8883	-1e+38
BLOCK18/SES184/SA184S27	SES083	1e+38	-65.7803	-1e+38
BLOCK18/SES184/SA184S27	SES177	1e+38	-65.5966	-1e+38
BLOCK18/SES184/SA184S27	SES202	1e+38	-67.6974	-1e+38
BLOCK18/SES184/SA184S27	SES292	1e+38	-65.5637	-1e+38
BLOCK20/SES204/SA204S12	SES062	1e+38	-64.8809	-1e+38
BLOCK20/SES204/SA204S12	SES083	1e+38	-65.7413	-1e+38
BLOCK20/SES204/SA204S12	SES206	1e+38	-63.1569	-1e+38
BLOCK20/SES204/SA204S12	SES226	1e+38	-64.1332	-1e+38
BLOCK20/SES204/SA204S14	SES068	1e+38	-65.3653	-1e+38
BLOCK20/SES204/SA204S14	SES087	1e+38	-62.4814	-1e+38
BLOCK20/SES204/SA204S14	SES206	1e+38	-63.5682	-1e+38
BLOCK20/SES204/SA204S14	SES226	1e+38	-63.784	-1e+38
BLOCK20/SES204/SA204S22	SES068	1e+38	-66.7016	-1e+38
BLOCK20/SES204/SA204S22	SES082	1e+38	-65.1436	-1e+38
BLOCK20/SES204/SA204S22	SES083	1e+38	-66.879	-1e+38
BLOCK20/SES204/SA204S22	SES206	1e+38	-63.7284	-1e+38
BLOCK20/SES204/SA204S25	SES062	1e+38	-66.6645	-1e+38
BLOCK20/SES204/SA204S25	SES083	1e+38	-66.9487	-1e+38
BLOCK20/SES204/SA204S25	SES206	1e+38	-64.0076	-1e+38
BLOCK20/SES204/SA204S25	SES226	1e+38	-64.3666	-1e+38
BLOCK20/SES204/SA204S27	SES068	1e+38	-67.4478	-1e+38
BLOCK20/SES204/SA204S27	SES082	1e+38	-65.1155	-1e+38
BLOCK20/SES204/SA204S27	SES087	1e+38	-63.7542	-1e+38
BLOCK20/SES204/SA204S27	SES206	1e+38	-63.7533	-1e+38
BLOCK20/SES207/SA207S10	SES127	1e+38	-65.3328	-1e+38
BLOCK20/SES207/SA207S10	SES183	1e+38	-65.7462	-1e+38
BLOCK20/SES207/SA207S10	SES189	1e+38	-65.3547	-1e+38
BLOCK20/SES207/SA207S10	SES292	1e+38	-65.4176	-1e+38
BLOCK20/SES207/SA207S11	SES127	1e+38	-66.986	-1e+38
BLOCK20/SES207/SA207S11	SES183	1e+38	-66.2195	-1e+38
BLOCK20/SES207/SA207S11	SES187	1e+38	-65.1838	-1e+38
BLOCK20/SES207/SA207S11	SES292	1e+38	-65.3617	-1e+38
BLOCK20/SES207/SA207S25	SES068	1e+38	-66.9255	-1e+38
BLOCK20/SES207/SA207S25	SES083	1e+38	-66.9829	-1e+38
BLOCK20/SES207/SA207S25	SES127	1e+38	-66.0198	-1e+38
BLOCK20/SES207/SA207S25	SES187	1e+38	-64.8564	-1e+38
BLOCK20/SES207/SA207S27	SES127	1e+38	-66.9684	-1e+38
BLOCK20/SES207/SA207S27	SES183	1e+38	-66.007	-1e+38
BLOCK20/SES207/SA207S27	SES187	1e+38	-66.0484	-1e+38
BLOCK20/SES207/SA207S27	SES292	1e+38	-67.3388	-1e+38
BLOCK20/SES207/SA207S29	SES083	1e+38	-65.5433	-1e+38
BLOCK20/SES207/SA207S29	SES085	1e+38	-65.1351	-1e+38
BLOCK20/SES207/SA207S29	SES172	1e+38	-66.6655	-1e+38
BLOCK20/SES207/SA207S29	SES189	1e+38	-65.9519	-1e+38
BLOCK22/SES221/SA221S12	SES068	1e+38	-67.6632	-1e+38
BLOCK22/SES221/SA221S12	SES143	1e+38	-65.8514	-1e+38
BLOCK22/SES221/SA221S12	SES175	1e+38	-65.3683	-1e+38
BLOCK22/SES221/SA221S12	SES202	1e+38	-64.858	-1e+38
BLOCK22/SES221/SA221S15	SES085	1e+38	-71.2322	-1e+38
BLOCK22/SES221/SA221S15	SES143	1e+38	-68.0266	-1e+38
BLOCK22/SES221/SA221S15	SES175	1e+38	-66.8628	-1e+38
BLOCK22/SES221/SA221S15	SES187	1e+38	-66.8527	-1e+38
BLOCK22/SES221/SA221S23	SES068	1e+38	-69.4906	-1e+38
BLOCK22/SES221/SA221S23	SES143	1e+38	-66.6666	-1e+38
BLOCK22/SES221/SA221S23	SES175	1e+38	-65.257	-1e+38
BLOCK22/SES221/SA221S23	SES189	1e+38	-63.8824	-1e+38
BLOCK22/SES221/SA221S27	SES085	1e+38	-69.5514	-1e+38
BLOCK22/SES221/SA221S27	SES143	1e+38	-66.0409	-1e+38
BLOCK22/SES221/SA221S27	SES175	1e+38	-65.4147	-1e+38
BLOCK22/SES221/SA221S27	SES189	1e+38	-63.5099	-1e+38
BLOCK22/SES221/SA221S29	SES085	1e+38	-76.2313	-1e+38
BLOCK22/SES221/SA221S29	SES143	1e+38	-68.2459	-1e+38
BLOCK22/SES221/SA221S29	SES175	1e+38	-68.1418	-1e+38
BLOCK22/SES221/SA221S29	SES187	1e+38	-67.0206	-1e+38
BLOCK22/SES223/SA223S11	SES143	1e+38	-66.7833	-1e+38
BLOCK22/SES223/SA223S11	SES144	1e+38	-67.3316	-1e+38
BLOCK22/SES223/SA223S11	SES175	1e+38	-66.2477	-1e+38
BLOCK22/SES223/SA223S11	SES187	1e+38	-67.1657	-1e+38
BLOCK22/SES223/SA223S13	SES068	1e+38	-69.396	-1e+38
BLOCK22/SES223/SA223S13	SES143	1e+38	-68.8716	-1e+38
BLOCK22/SES223/SA223S13	SES146	1e+38	-69.2071	-1e+38
BLOCK22/SES223/SA223S13	SES202	1e+38	-68.612	-1e+38
BLOCK22/SES223/SA223S22	SES143	1e+38	-66.6269	-1e+38
BLOCK22/SES223/SA223S22	SES144	1e+38	-67.7536	-1e+38
BLOCK22/SES223/SA223S22	SES175	1e+38	-66.4557	-1e+38
BLOCK22/SES223/SA223S22	SES187	1e+38	-66.0825	-1e+38
BLOCK22/SES223/SA223S25	SES068	1e+38	-68.4874	-1e+38
BLOCK22/SES223/SA223S25	SES143	1e+38	-67.4336	-1e+38
BLOCK22/SES223/SA223S25	SES175	1e+38	-66.8738	-1e+38
BLOCK22/SES223/SA223S25	SES187	1e+38	-66.6589	-1e+38
BLOCK22/SES223/SA223S27	SES143	1e+38	-66.7754	-1e+38
BLOCK22/SES223/SA223S27	SES146	1e+38	-67.5745	-1e+38
BLOCK22/SES223/SA223S27	SES187	1e+38	-67.0758	-1e+38
BLOCK22/SES223/SA223S27	SES292	1e+38	-69.1897	-1e+38
BLOCK27/SES273/SA273S12	SES099	1e+38	-61.6867	-1e+38
BLOCK27/SES273/SA273S12	SES104	1e+38	-61.246	-1e+38
BLOCK27/SES273/SA273S12	SES125	1e+38	-61.9279	-1e+38
BLOCK27/SES273/SA273S12	SES206	1e+38	-61.0262	-1e+38
BLOCK27/SES273/SA273S13	SES099	1e+38	-61.7516	-1e+38
BLOCK27/SES273/SA273S13	SES104	1e+38	-61.6452	-1e+38
BLOCK27/SES273/SA273S13	SES206	1e+38	-61.4822	-1e+38
BLOCK27/SES273/SA273S13	SES292	1e+38	-64.8663	-1e+38
BLOCK27/SES273/SA273S21	SES099	1e+38	-61.1337	-1e+38
BLOCK27/SES273/SA273S21	SES148	1e+38	-65.0748	-1e+38
BLOCK27/SES273/SA273S21	SES149	1e+38	-62.4137	-1e+38
BLOCK27/SES273/SA273S21	SES177	1e+38	-66.019	-1e+38
BLOCK27/SES273/SA273S25	SES104	1e+38	-62.0802	-1e+38
BLOCK27/SES273/SA273S25	SES125	1e+38	-62.3551	-1e+38
BLOCK27/SES273/SA273S25	SES158	1e+38	-61.937	-1e+38
BLOCK27/SES273/SA273S25	SES206	1e+38	-60.9552	-1e+38
BLOCK27/SES273/SA273S27	SES099	1e+38	-62.2626	-1e+38
BLOCK27/SES273/SA273S27	SES104	1e+38	-62.5889	-1e+38
BLOCK27/SES273/SA273S27	SES149	1e+38	-62.7645	-1e+38
BLOCK27/SES273/SA273S27	SES275	1e+38	-64.1127	-1e+38
BLOCK27/SES274/SA274S10	SES105	1e+38	-65.0117	-1e+38
BLOCK27/SES274/SA274S10	SES125	1e+38	-63.4042	-1e+38
BLOCK27/SES274/SA274S10	SES129	1e+38	-64.0436	-1e+38
BLOCK27/SES274/SA274S10	SES158	1e+38	-64.0423	-1e+38
BLOCK27/SES274/SA274S11	SES105	1e+38	-65.2034	-1e+38
BLOCK27/SES274/SA274S11	SES149	1e+38	-63.7644	-1e+38
BLOCK27/SES274/SA274S11	SES158	1e+38	-64.2378	-1e+38
BLOCK27/SES274/SA274S11	SES275	1e+38	-65.7112	-1e+38
BLOCK27/SES274/SA274S21	SES105	1e+38	-65.8715	-1e+38
BLOCK27/SES274/SA274S21	SES129	1e+38	-64.9994	-1e+38
BLOCK27/SES274/SA274S21	SES149	1e+38	-64.2352	-1e+38
BLOCK27/SES274/SA274S21	SES158	1e+38	-65.2464	-1e+38
BLOCK27/SES274/SA274S24	SES105	1e+38	-65.1847	-1e+38
BLOCK27/SES274/SA274S24	SES129	1e+38	-64.9904	-1e+38
BLOCK27/SES274/SA274S24	SES149	1e+38	-63.7959	-1e+38
BLOCK27/SES274/SA274S24	SES158	1e+38	-64.8106	-1e+38
BLOCK27/SES274/SA274S29	SES105	1e+38	-65.5171	-1e+38
BLOCK27/SES274/SA274S29	SES106	1e+38	-64.4113	-1e+38
BLOCK27/SES274/SA274S29	SES120	1e+38	-64.99	-1e+38
BLOCK27/SES274/SA274S29	SES275	1e+38	-65.0804	-1e+38
BLOCK27/SES276/SA276S16	SES148	1e+38	-66.6908	-1e+38
BLOCK27/SES276/SA276S16	SES172	1e+38	-66.6234	-1e+38
BLOCK27/SES276/SA276S16	SES180	1e+38	-68.6652	-1e+38
BLOCK27/SES276/SA276S16	SES292	1e+38	-65.382	-1e+38
BLOCK27/SES276/SA276S17	SES101	1e+38	-66.013	-1e+38
BLOCK27/SES276/SA276S17	SES177	1e+38	-66.3998	-1e+38
BLOCK27/SES276/SA276S17	SES180	1e+38	-66.3802	-1e+38
BLOCK27/SES276/SA276S17	SES292	1e+38	-66.0173	-1e+38
BLOCK27/SES276/SA276S24	SES101	1e+38	-63.719	-1e+38
BLOCK27/SES276/SA276S24	SES177	1e+38	-64.9631	-1e+38
BLOCK27/SES276/SA276S24	SES180	1e+38	-65.7807	-1e+38
BLOCK27/SES276/SA276S24	SES292	1e+38	-64.5052	-1e+38
BLOCK27/SES276/SA276S26	SES101	1e+38	-65.2944	-1e+38
BLOCK27/SES276/SA276S26	SES177	1e+38	-64.1658	-1e+38
BLOCK27/SES276/SA276S26	SES180	1e+38	-64.7717	-1e+38
BLOCK27/SES276/SA276S26	SES292	1e+38	-64.4717	-1e+38
BLOCK27/SES276/SA276S28	SES101	1e+38	-65.5407	-1e+38
BLOCK27/SES276/SA276S28	SES177	1e+38	-65.3107	-1e+38
BLOCK27/SES276/SA276S28	SES180	1e+38	-65.3887	-1e+38
BLOCK27/SES276/SA276S28	SES292	1e+38	-65.2161	-1e+38
BLOCK27/SES277/SA277S12	SES101	1e+38	-66.2651	-1e+38
BLOCK27/SES277/SA277S12	SES177	1e+38	-67.1993	-1e+38
BLOCK27/SES277/SA277S12	SES180	1e+38	-67.7437	-1e+38
BLOCK27/SES277/SA277S12	SES292	1e+38	-68.3326	-1e+38
BLOCK27/SES277/SA277S14	SES177	1e+38	-66.8037	-1e+38
BLOCK27/SES277/SA277S14	SES180	1e+38	-68.3519	-1e+38
BLOCK27/SES277/SA277S14	SES189	1e+38	-65.7211	-1e+38
BLOCK27/SES277/SA277S14	SES292	1e+38	-69.1003	-1e+38
BLOCK27/SES277/SA277S21	SES177	1e+38	-64.3462	-1e+38
BLOCK27/SES277/SA277S21	SES180	1e+38	-66.7953	-1e+38
BLOCK27/SES277/SA277S21	SES189	1e+38	-64.9952	-1e+38
BLOCK27/SES277/SA277S21	SES292	1e+38	-67.1615	-1e+38
BLOCK27/SES277/SA277S24	SES144	1e+38	-66.9625	-1e+38
BLOCK27/SES277/SA277S24	SES177	1e+38	-67.0445	-1e+38
BLOCK27/SES277/SA277S24	SES180	1e+38	-68.7949	-1e+38
BLOCK27/SES277/SA277S24	SES189	1e+38	-66.2738	-1e+38
BLOCK27/SES277/SA277S29	SES177	1e+38	-63.7868	-1e+38
BLOCK27/SES277/SA277S29	SES180	1e+38	-65.1082	-1e+38
BLOCK27/SES277/SA277S29	SES202	1e+38	-65.233	-1e+38
BLOCK27/SES277/SA277S29	SES292	1e+38	-65.3946	-1e+38
BLOCK27/SES279/SA279S09	SES120	1e+38	-64.9442	-1e+38
BLOCK27/SES279/SA279S09	SES146	1e+38	-64.9893	-1e+38
BLOCK27/SES279/SA279S09	SES206	1e+38	-65.7332	-1e+38
BLOCK27/SES279/SA279S09	SES226	1e+38	-65.7798	-1e+38
BLOCK27/SES279/SA279S10	SES099	1e+38	-65.4317	-1e+38
BLOCK27/SES279/SA279S10	SES206	1e+38	-65.2036	-1e+38
BLOCK27/SES279/SA279S10	SES226	1e+38	-65.2334	-1e+38
BLOCK27/SES279/SA279S10	SES292	1e+38	-64.5264	-1e+38
BLOCK27/SES279/SA279S20	SES099	1e+38	-67.3342	-1e+38
BLOCK27/SES279/SA279S20	SES206	1e+38	-66.1868	-1e+38
BLOCK27/SES279/SA279S20	SES226	1e+38	-66.3373	-1e+38
BLOCK27/SES279/SA279S20	SES292	1e+38	-64.2945	-1e+38
BLOCK27/SES279/SA279S26	SES099	1e+38	-66.5406	-1e+38
BLOCK27/SES279/SA279S26	SES206	1e+38	-64.7285	-1e+38
BLOCK27/SES279/SA279S26	SES226	1e+38	-65.3754	-1e+38
BLOCK27/SES279/SA279S26	SES292	1e+38	-64.5972	-1e+38
BLOCK27/SES279/SA279S28	SES099	1e+38	-65.1207	-1e+38
BLOCK27/SES279/SA279S28	SES120	1e+38	-63.5667	-1e+38
BLOCK27/SES279/SA279S28	SES177	1e+38	-65.9739	-1e+38
BLOCK27/SES279/SA279S28	SES206	1e+38	-64.3436	-1e+38
BLOCK29/SES290/SA290S12	SES162	1e+38	-66.1336	-1e+38
BLOCK29/SES290/SA290S12	SES177	1e+38	-64.8878	-1e+38
BLOCK29/SES290/SA290S12	SES180	1e+38	-66.5116	-1e+38
BLOCK29/SES290/SA290S12	SES292	1e+38	-66.4225	-1e+38
BLOCK29/SES290/SA290S13	SES007	1e+38	-68.8809	-1e+38
BLOCK29/SES290/SA290S13	SES162	1e+38	-67.7011	-1e+38
BLOCK29/SES290/SA290S13	SES177	1e+38	-65.9286	-1e+38
BLOCK29/SES290/SA290S13	SES180	1e+38	-67.0989	-1e+38
BLOCK29/SES290/SA290S22	SES177	1e+38	-65.3685	-1e+38
BLOCK29/SES290/SA290S22	SES180	1e+38	-65.5692	-1e+38
BLOCK29/SES290/SA290S22	SES202	1e+38	-65.9976	-1e+38
BLOCK29/SES290/SA290S22	SES292	1e+38	-66.741	-1e+38
BLOCK29/SES290/SA290S25	SES162	1e+38	-65.6539	-1e+38
BLOCK29/SES290/SA290S25	SES177	1e+38	-64.894	-1e+38
BLOCK29/SES290/SA290S25	SES180	1e+38	-65.4347	-1e+38
BLOCK29/SES290/SA290S25	SES292	1e+38	-65.7277	-1e+38
BLOCK29/SES290/SA290S29	SES177	1e+38	-63.91	-1e+38
BLOCK29/SES290/SA290S29	SES180	1e+38	-64.3854	-1e+38
BLOCK29/SES290/SA290S29	SES275	1e+38	-65.8127	-1e+38
BLOCK29/SES290/SA290S29	SES292	1e+38	-65.32	-1e+38
BLOCK29/SES291/SA291S11	SES105	1e+38	-68.0417	-1e+38
BLOCK29/SES291/SA291S11	SES125	1e+38	-64.6511	-1e+38
BLOCK29/SES291/SA291S11	SES158	1e+38	-65.028	-1e+38
BLOCK29/SES291/SA291S11	SES275	1e+38	-68.4859	-1e+38
BLOCK29/SES291/SA291S12	SES158	1e+38	-63.0747	-1e+38
BLOCK29/SES291/SA291S12	SES226	1e+38	-64.3558	-1e+38
BLOCK29/SES291/SA291S12	SES270	1e+38	-62.5885	-1e+38
BLOCK29/SES291/SA291S12	SES275	1e+38	-68.3764	-1e+38
BLOCK29/SES291/SA291S22	SES082	1e+38	-63.6267	-1e+38
BLOCK29/SES291/SA291S22	SES158	1e+38	-63.9205	-1e+38
BLOCK29/SES291/SA291S22	SES259	1e+38	-64.8198	-1e+38
BLOCK29/SES291/SA291S22	SES275	1e+38	-67.4448	-1e+38
BLOCK29/SES291/SA291S24	SES104	1e+38	-62.0757	-1e+38
BLOCK29/SES291/SA291S24	SES125	1e+38	-62.118	-1e+38
BLOCK29/SES291/SA291S24	SES158	1e+38	-62.3575	-1e+38
BLOCK29/SES291/SA291S24	SES275	1e+38	-66.9275	-1e+38
BLOCK29/SES291/SA291S27	SES158	1e+38	-62.076	-1e+38
BLOCK29/SES291/SA291S27	SES172	1e+38	-68.3955	-1e+38
BLOCK29/SES291/SA291S27	SES275	1e+38	-67.1281	-1e+38
BLOCK29/SES291/SA291S27	SES292	1e+38	-66.7519	-1e+38
